{"C:\\Project\\cities\\src\\api.js": {"path":"C:\\Project\\cities\\src\\api.js","statementMap":{"0":{"start":{"line":3,"column":14},"end":{"line":5,"column":1}},"1":{"start":{"line":7,"column":25},"end":{"line":31,"column":1}},"2":{"start":{"line":8,"column":14},"end":{"line":12,"column":4}},"3":{"start":{"line":15,"column":20},"end":{"line":17,"column":3}},"4":{"start":{"line":16,"column":4},"end":{"line":16,"column":20}},"5":{"start":{"line":19,"column":17},"end":{"line":27,"column":3}},"6":{"start":{"line":20,"column":23},"end":{"line":20,"column":26}},"7":{"start":{"line":22,"column":4},"end":{"line":25,"column":5}},"8":{"start":{"line":23,"column":6},"end":{"line":23,"column":23}},"9":{"start":{"line":24,"column":6},"end":{"line":24,"column":16}},"10":{"start":{"line":26,"column":4},"end":{"line":26,"column":14}},"11":{"start":{"line":28,"column":2},"end":{"line":28,"column":51}},"12":{"start":{"line":30,"column":2},"end":{"line":30,"column":13}}},"fnMap":{"0":{"name":"(anonymous_0)","decl":{"start":{"line":7,"column":25},"end":{"line":7,"column":26}},"loc":{"start":{"line":7,"column":45},"end":{"line":31,"column":1}},"line":7},"1":{"name":"(anonymous_1)","decl":{"start":{"line":15,"column":20},"end":{"line":15,"column":21}},"loc":{"start":{"line":15,"column":34},"end":{"line":17,"column":3}},"line":15},"2":{"name":"(anonymous_2)","decl":{"start":{"line":19,"column":17},"end":{"line":19,"column":18}},"loc":{"start":{"line":19,"column":26},"end":{"line":27,"column":3}},"line":19}},"branchMap":{"0":{"loc":{"start":{"line":22,"column":4},"end":{"line":25,"column":5}},"type":"if","locations":[{"start":{"line":22,"column":4},"end":{"line":25,"column":5}},{"start":{"line":22,"column":4},"end":{"line":25,"column":5}}],"line":22}},"s":{"0":1,"1":1,"2":1,"3":1,"4":1,"5":1,"6":0,"7":0,"8":0,"9":0,"10":0,"11":1,"12":1},"f":{"0":1,"1":1,"2":0},"b":{"0":[0,0]},"_coverageSchema":"1a1c01bbd47fc00a2c39e90264f33305004495a9","hash":"72a98e717a3e49345d8c0249caebc6f2ce2625e3"}
,"C:\\Project\\cities\\src\\common.js": {"path":"C:\\Project\\cities\\src\\common.js","statementMap":{"0":{"start":{"line":4,"column":26},"end":{"line":6,"column":1}},"1":{"start":{"line":5,"column":2},"end":{"line":5,"column":56}},"2":{"start":{"line":8,"column":21},"end":{"line":10,"column":1}},"3":{"start":{"line":9,"column":2},"end":{"line":9,"column":26}},"4":{"start":{"line":12,"column":22},"end":{"line":14,"column":1}},"5":{"start":{"line":13,"column":2},"end":{"line":13,"column":33}},"6":{"start":{"line":16,"column":29},"end":{"line":18,"column":1}},"7":{"start":{"line":17,"column":2},"end":{"line":17,"column":66}},"8":{"start":{"line":17,"column":37},"end":{"line":17,"column":64}},"9":{"start":{"line":20,"column":31},"end":{"line":22,"column":1}},"10":{"start":{"line":21,"column":2},"end":{"line":21,"column":22}},"11":{"start":{"line":24,"column":35},"end":{"line":33,"column":1}},"12":{"start":{"line":25,"column":17},"end":{"line":25,"column":36}},"13":{"start":{"line":26,"column":17},"end":{"line":30,"column":4}},"14":{"start":{"line":27,"column":4},"end":{"line":29,"column":6}},"15":{"start":{"line":32,"column":2},"end":{"line":32,"column":16}},"16":{"start":{"line":35,"column":33},"end":{"line":45,"column":1}},"17":{"start":{"line":36,"column":2},"end":{"line":43,"column":3}},"18":{"start":{"line":38,"column":6},"end":{"line":38,"column":62}},"19":{"start":{"line":38,"column":35},"end":{"line":38,"column":52}},"20":{"start":{"line":40,"column":6},"end":{"line":40,"column":62}},"21":{"start":{"line":40,"column":35},"end":{"line":40,"column":52}},"22":{"start":{"line":42,"column":6},"end":{"line":42,"column":66}},"23":{"start":{"line":42,"column":35},"end":{"line":42,"column":56}},"24":{"start":{"line":44,"column":2},"end":{"line":44,"column":24}},"25":{"start":{"line":47,"column":33},"end":{"line":57,"column":8}},"26":{"start":{"line":48,"column":2},"end":{"line":57,"column":8}},"27":{"start":{"line":49,"column":16},"end":{"line":49,"column":31}},"28":{"start":{"line":51,"column":4},"end":{"line":53,"column":5}},"29":{"start":{"line":52,"column":6},"end":{"line":52,"column":28}},"30":{"start":{"line":54,"column":4},"end":{"line":54,"column":33}},"31":{"start":{"line":56,"column":4},"end":{"line":56,"column":23}}},"fnMap":{"0":{"name":"(anonymous_0)","decl":{"start":{"line":4,"column":26},"end":{"line":4,"column":27}},"loc":{"start":{"line":4,"column":37},"end":{"line":6,"column":1}},"line":4},"1":{"name":"(anonymous_1)","decl":{"start":{"line":8,"column":21},"end":{"line":8,"column":22}},"loc":{"start":{"line":8,"column":31},"end":{"line":10,"column":1}},"line":8},"2":{"name":"(anonymous_2)","decl":{"start":{"line":12,"column":22},"end":{"line":12,"column":23}},"loc":{"start":{"line":12,"column":32},"end":{"line":14,"column":1}},"line":12},"3":{"name":"(anonymous_3)","decl":{"start":{"line":16,"column":29},"end":{"line":16,"column":30}},"loc":{"start":{"line":16,"column":41},"end":{"line":18,"column":1}},"line":16},"4":{"name":"(anonymous_4)","decl":{"start":{"line":17,"column":23},"end":{"line":17,"column":24}},"loc":{"start":{"line":17,"column":37},"end":{"line":17,"column":64}},"line":17},"5":{"name":"(anonymous_5)","decl":{"start":{"line":20,"column":31},"end":{"line":20,"column":32}},"loc":{"start":{"line":20,"column":49},"end":{"line":22,"column":1}},"line":20},"6":{"name":"(anonymous_6)","decl":{"start":{"line":24,"column":35},"end":{"line":24,"column":36}},"loc":{"start":{"line":24,"column":47},"end":{"line":33,"column":1}},"line":24},"7":{"name":"(anonymous_7)","decl":{"start":{"line":26,"column":28},"end":{"line":26,"column":29}},"loc":{"start":{"line":26,"column":38},"end":{"line":30,"column":3}},"line":26},"8":{"name":"(anonymous_8)","decl":{"start":{"line":35,"column":33},"end":{"line":35,"column":34}},"loc":{"start":{"line":35,"column":60},"end":{"line":45,"column":1}},"line":35},"9":{"name":"(anonymous_9)","decl":{"start":{"line":38,"column":25},"end":{"line":38,"column":26}},"loc":{"start":{"line":38,"column":35},"end":{"line":38,"column":52}},"line":38},"10":{"name":"(anonymous_10)","decl":{"start":{"line":40,"column":25},"end":{"line":40,"column":26}},"loc":{"start":{"line":40,"column":35},"end":{"line":40,"column":52}},"line":40},"11":{"name":"(anonymous_11)","decl":{"start":{"line":42,"column":25},"end":{"line":42,"column":26}},"loc":{"start":{"line":42,"column":35},"end":{"line":42,"column":56}},"line":42},"12":{"name":"(anonymous_12)","decl":{"start":{"line":47,"column":33},"end":{"line":47,"column":34}},"loc":{"start":{"line":48,"column":2},"end":{"line":57,"column":8}},"line":48},"13":{"name":"(anonymous_13)","decl":{"start":{"line":48,"column":16},"end":{"line":48,"column":17}},"loc":{"start":{"line":48,"column":39},"end":{"line":57,"column":3}},"line":48}},"branchMap":{"0":{"loc":{"start":{"line":36,"column":2},"end":{"line":43,"column":3}},"type":"switch","locations":[{"start":{"line":37,"column":4},"end":{"line":38,"column":62}},{"start":{"line":39,"column":4},"end":{"line":40,"column":62}},{"start":{"line":41,"column":4},"end":{"line":42,"column":66}}],"line":36},"1":{"loc":{"start":{"line":51,"column":4},"end":{"line":53,"column":5}},"type":"if","locations":[{"start":{"line":51,"column":4},"end":{"line":53,"column":5}},{"start":{"line":51,"column":4},"end":{"line":53,"column":5}}],"line":51}},"s":{"0":16,"1":75,"2":16,"3":0,"4":16,"5":7,"6":16,"7":0,"8":0,"9":16,"10":0,"11":16,"12":2,"13":2,"14":4,"15":2,"16":16,"17":9,"18":0,"19":0,"20":0,"21":0,"22":0,"23":0,"24":9,"25":16,"26":4,"27":10,"28":9,"29":5,"30":9,"31":9},"f":{"0":75,"1":0,"2":7,"3":0,"4":0,"5":0,"6":2,"7":4,"8":9,"9":0,"10":0,"11":0,"12":4,"13":10},"b":{"0":[0,0,0],"1":[5,4]},"_coverageSchema":"1a1c01bbd47fc00a2c39e90264f33305004495a9","hash":"65af4984464ab17e53e26f06a911e4205d5d621d"}
,"C:\\Project\\cities\\src\\const.js": {"path":"C:\\Project\\cities\\src\\const.js","statementMap":{"0":{"start":{"line":1,"column":30},"end":{"line":1,"column":31}},"1":{"start":{"line":3,"column":23},"end":{"line":20,"column":1}},"2":{"start":{"line":23,"column":28},"end":{"line":28,"column":1}}},"fnMap":{},"branchMap":{},"s":{"0":18,"1":18,"2":18},"f":{},"b":{},"_coverageSchema":"1a1c01bbd47fc00a2c39e90264f33305004495a9","hash":"d08c8963c9ac637eb1d3c8c8d9080696dfd6bfba"}
,"C:\\Project\\cities\\src\\adapter\\offers.js": {"path":"C:\\Project\\cities\\src\\adapter\\offers.js","statementMap":{"0":{"start":{"line":1,"column":28},"end":{"line":30,"column":1}},"1":{"start":{"line":2,"column":2},"end":{"line":29,"column":4}}},"fnMap":{"0":{"name":"(anonymous_0)","decl":{"start":{"line":1,"column":28},"end":{"line":1,"column":29}},"loc":{"start":{"line":1,"column":39},"end":{"line":30,"column":1}},"line":1}},"branchMap":{},"s":{"0":2,"1":1},"f":{"0":1},"b":{},"_coverageSchema":"1a1c01bbd47fc00a2c39e90264f33305004495a9","hash":"7616579eb1f59aa3e25fa62183d3bb8647409ca0"}
,"C:\\Project\\cities\\src\\adapter\\reviews.js": {"path":"C:\\Project\\cities\\src\\adapter\\reviews.js","statementMap":{"0":{"start":{"line":1,"column":23},"end":{"line":22,"column":1}}},"fnMap":{},"branchMap":{},"s":{"0":2},"f":{},"b":{},"_coverageSchema":"1a1c01bbd47fc00a2c39e90264f33305004495a9","hash":"4b2f2348fe43c599886119da35a4307be03581a3"}
,"C:\\Project\\cities\\src\\components\\app\\app.jsx": {"path":"C:\\Project\\cities\\src\\components\\app\\app.jsx","statementMap":{"0":{"start":{"line":23,"column":297},"end":{"line":23,"column":307}},"1":{"start":{"line":25,"column":4},"end":{"line":86,"column":5}},"2":{"start":{"line":26,"column":25},"end":{"line":26,"column":81}},"3":{"start":{"line":26,"column":53},"end":{"line":26,"column":80}},"4":{"start":{"line":29,"column":6},"end":{"line":45,"column":7}},"5":{"start":{"line":30,"column":8},"end":{"line":44,"column":10}},"6":{"start":{"line":33,"column":47},"end":{"line":33,"column":75}},"7":{"start":{"line":47,"column":6},"end":{"line":53,"column":7}},"8":{"start":{"line":48,"column":8},"end":{"line":52,"column":10}},"9":{"start":{"line":54,"column":6},"end":{"line":63,"column":7}},"10":{"start":{"line":55,"column":8},"end":{"line":62,"column":10}},"11":{"start":{"line":65,"column":6},"end":{"line":84,"column":7}},"12":{"start":{"line":66,"column":8},"end":{"line":82,"column":10}},"13":{"start":{"line":87,"column":4},"end":{"line":87,"column":16}},"14":{"start":{"line":91,"column":107},"end":{"line":91,"column":117}},"15":{"start":{"line":92,"column":4},"end":{"line":127,"column":6}},"16":{"start":{"line":102,"column":51},"end":{"line":102,"column":70}},"17":{"start":{"line":131,"column":0},"end":{"line":169,"column":2}},"18":{"start":{"line":171,"column":24},"end":{"line":183,"column":2}},"19":{"start":{"line":171,"column":36},"end":{"line":183,"column":1}},"20":{"start":{"line":185,"column":27},"end":{"line":217,"column":2}},"21":{"start":{"line":185,"column":42},"end":{"line":217,"column":1}},"22":{"start":{"line":187,"column":4},"end":{"line":187,"column":79}},"23":{"start":{"line":190,"column":4},"end":{"line":190,"column":44}},"24":{"start":{"line":193,"column":4},"end":{"line":193,"column":42}},"25":{"start":{"line":196,"column":4},"end":{"line":196,"column":49}},"26":{"start":{"line":199,"column":4},"end":{"line":199,"column":45}},"27":{"start":{"line":202,"column":4},"end":{"line":202,"column":45}},"28":{"start":{"line":205,"column":4},"end":{"line":205,"column":48}},"29":{"start":{"line":206,"column":4},"end":{"line":206,"column":44}},"30":{"start":{"line":207,"column":4},"end":{"line":207,"column":46}},"31":{"start":{"line":211,"column":4},"end":{"line":215,"column":5}},"32":{"start":{"line":212,"column":6},"end":{"line":212,"column":49}},"33":{"start":{"line":214,"column":6},"end":{"line":214,"column":50}}},"fnMap":{"0":{"name":"(anonymous_0)","decl":{"start":{"line":21,"column":2},"end":{"line":21,"column":3}},"loc":{"start":{"line":21,"column":21},"end":{"line":88,"column":3}},"line":21},"1":{"name":"(anonymous_1)","decl":{"start":{"line":26,"column":42},"end":{"line":26,"column":43}},"loc":{"start":{"line":26,"column":53},"end":{"line":26,"column":80}},"line":26},"2":{"name":"(anonymous_2)","decl":{"start":{"line":33,"column":36},"end":{"line":33,"column":37}},"loc":{"start":{"line":33,"column":47},"end":{"line":33,"column":75}},"line":33},"3":{"name":"(anonymous_3)","decl":{"start":{"line":90,"column":2},"end":{"line":90,"column":3}},"loc":{"start":{"line":90,"column":11},"end":{"line":128,"column":3}},"line":90},"4":{"name":"(anonymous_4)","decl":{"start":{"line":102,"column":40},"end":{"line":102,"column":41}},"loc":{"start":{"line":102,"column":51},"end":{"line":102,"column":70}},"line":102},"5":{"name":"(anonymous_5)","decl":{"start":{"line":104,"column":33},"end":{"line":104,"column":34}},"loc":{"start":{"line":104,"column":39},"end":{"line":104,"column":41}},"line":104},"6":{"name":"(anonymous_6)","decl":{"start":{"line":105,"column":34},"end":{"line":105,"column":35}},"loc":{"start":{"line":105,"column":40},"end":{"line":105,"column":42}},"line":105},"7":{"name":"(anonymous_7)","decl":{"start":{"line":122,"column":34},"end":{"line":122,"column":35}},"loc":{"start":{"line":122,"column":40},"end":{"line":122,"column":42}},"line":122},"8":{"name":"(anonymous_8)","decl":{"start":{"line":171,"column":24},"end":{"line":171,"column":25}},"loc":{"start":{"line":171,"column":36},"end":{"line":183,"column":1}},"line":171},"9":{"name":"(anonymous_9)","decl":{"start":{"line":185,"column":27},"end":{"line":185,"column":28}},"loc":{"start":{"line":185,"column":42},"end":{"line":217,"column":1}},"line":185},"10":{"name":"(anonymous_10)","decl":{"start":{"line":186,"column":2},"end":{"line":186,"column":3}},"loc":{"start":{"line":186,"column":60},"end":{"line":188,"column":3}},"line":186},"11":{"name":"(anonymous_11)","decl":{"start":{"line":189,"column":2},"end":{"line":189,"column":3}},"loc":{"start":{"line":189,"column":29},"end":{"line":191,"column":3}},"line":189},"12":{"name":"(anonymous_12)","decl":{"start":{"line":192,"column":2},"end":{"line":192,"column":3}},"loc":{"start":{"line":192,"column":25},"end":{"line":194,"column":3}},"line":192},"13":{"name":"(anonymous_13)","decl":{"start":{"line":195,"column":2},"end":{"line":195,"column":3}},"loc":{"start":{"line":195,"column":28},"end":{"line":197,"column":3}},"line":195},"14":{"name":"(anonymous_14)","decl":{"start":{"line":198,"column":2},"end":{"line":198,"column":3}},"loc":{"start":{"line":198,"column":20},"end":{"line":200,"column":3}},"line":198},"15":{"name":"(anonymous_15)","decl":{"start":{"line":201,"column":2},"end":{"line":201,"column":3}},"loc":{"start":{"line":201,"column":19},"end":{"line":203,"column":3}},"line":201},"16":{"name":"(anonymous_16)","decl":{"start":{"line":204,"column":2},"end":{"line":204,"column":3}},"loc":{"start":{"line":204,"column":24},"end":{"line":208,"column":3}},"line":204},"17":{"name":"(anonymous_17)","decl":{"start":{"line":210,"column":2},"end":{"line":210,"column":3}},"loc":{"start":{"line":210,"column":36},"end":{"line":216,"column":3}},"line":210}},"branchMap":{"0":{"loc":{"start":{"line":25,"column":4},"end":{"line":86,"column":5}},"type":"if","locations":[{"start":{"line":25,"column":4},"end":{"line":86,"column":5}},{"start":{"line":25,"column":4},"end":{"line":86,"column":5}}],"line":25},"1":{"loc":{"start":{"line":29,"column":6},"end":{"line":45,"column":7}},"type":"if","locations":[{"start":{"line":29,"column":6},"end":{"line":45,"column":7}},{"start":{"line":29,"column":6},"end":{"line":45,"column":7}}],"line":29},"2":{"loc":{"start":{"line":47,"column":6},"end":{"line":53,"column":7}},"type":"if","locations":[{"start":{"line":47,"column":6},"end":{"line":53,"column":7}},{"start":{"line":47,"column":6},"end":{"line":53,"column":7}}],"line":47},"3":{"loc":{"start":{"line":54,"column":6},"end":{"line":63,"column":7}},"type":"if","locations":[{"start":{"line":54,"column":6},"end":{"line":63,"column":7}},{"start":{"line":54,"column":6},"end":{"line":63,"column":7}}],"line":54},"4":{"loc":{"start":{"line":65,"column":6},"end":{"line":84,"column":7}},"type":"if","locations":[{"start":{"line":65,"column":6},"end":{"line":84,"column":7}},{"start":{"line":65,"column":6},"end":{"line":84,"column":7}}],"line":65},"5":{"loc":{"start":{"line":99,"column":13},"end":{"line":108,"column":21}},"type":"cond-expr","locations":[{"start":{"line":100,"column":14},"end":{"line":108,"column":16}},{"start":{"line":108,"column":19},"end":{"line":108,"column":21}}],"line":99},"6":{"loc":{"start":{"line":211,"column":4},"end":{"line":215,"column":5}},"type":"if","locations":[{"start":{"line":211,"column":4},"end":{"line":215,"column":5}},{"start":{"line":211,"column":4},"end":{"line":215,"column":5}}],"line":211}},"s":{"0":4,"1":4,"2":4,"3":14,"4":4,"5":1,"6":4,"7":3,"8":1,"9":2,"10":1,"11":1,"12":1,"13":0,"14":4,"15":4,"16":16,"17":1,"18":1,"19":0,"20":1,"21":0,"22":0,"23":0,"24":0,"25":0,"26":0,"27":0,"28":0,"29":0,"30":0,"31":0,"32":0,"33":0},"f":{"0":4,"1":14,"2":4,"3":4,"4":16,"5":0,"6":0,"7":0,"8":0,"9":0,"10":0,"11":0,"12":0,"13":0,"14":0,"15":0,"16":0,"17":0},"b":{"0":[4,0],"1":[1,3],"2":[1,2],"3":[1,1],"4":[1,0],"5":[4,0],"6":[0,0]},"_coverageSchema":"1a1c01bbd47fc00a2c39e90264f33305004495a9","hash":"8d0e9308ed81fcabd3368feba225137f102da6b8"}
,"C:\\Project\\cities\\src\\components\\city-list\\city-list.jsx": {"path":"C:\\Project\\cities\\src\\components\\city-list\\city-list.jsx","statementMap":{"0":{"start":{"line":4,"column":17},"end":{"line":19,"column":1}},"1":{"start":{"line":5,"column":51},"end":{"line":5,"column":56}},"2":{"start":{"line":6,"column":20},"end":{"line":6,"column":51}},"3":{"start":{"line":6,"column":41},"end":{"line":6,"column":50}},"4":{"start":{"line":8,"column":2},"end":{"line":18,"column":4}},"5":{"start":{"line":11,"column":8},"end":{"line":15,"column":13}},"6":{"start":{"line":12,"column":153},"end":{"line":12,"column":175}},"7":{"start":{"line":21,"column":0},"end":{"line":25,"column":2}}},"fnMap":{"0":{"name":"(anonymous_0)","decl":{"start":{"line":4,"column":17},"end":{"line":4,"column":18}},"loc":{"start":{"line":4,"column":28},"end":{"line":19,"column":1}},"line":4},"1":{"name":"(anonymous_1)","decl":{"start":{"line":6,"column":31},"end":{"line":6,"column":32}},"loc":{"start":{"line":6,"column":41},"end":{"line":6,"column":50}},"line":6},"2":{"name":"(anonymous_2)","decl":{"start":{"line":10,"column":21},"end":{"line":10,"column":22}},"loc":{"start":{"line":11,"column":8},"end":{"line":15,"column":13}},"line":11},"3":{"name":"(anonymous_3)","decl":{"start":{"line":12,"column":147},"end":{"line":12,"column":148}},"loc":{"start":{"line":12,"column":153},"end":{"line":12,"column":175}},"line":12}},"branchMap":{"0":{"loc":{"start":{"line":12,"column":24},"end":{"line":12,"column":136}},"type":"cond-expr","locations":[{"start":{"line":12,"column":48},"end":{"line":12,"column":100}},{"start":{"line":12,"column":103},"end":{"line":12,"column":136}}],"line":12}},"s":{"0":5,"1":10,"2":10,"3":20,"4":10,"5":20,"6":2,"7":5},"f":{"0":10,"1":20,"2":20,"3":2},"b":{"0":[10,10]},"_coverageSchema":"1a1c01bbd47fc00a2c39e90264f33305004495a9","hash":"a9918a69a96c42579945c9512f97265b80f5af80"}
,"C:\\Project\\cities\\src\\components\\filter-list.jsx\\filter-list.jsx": {"path":"C:\\Project\\cities\\src\\components\\filter-list.jsx\\filter-list.jsx","statementMap":{"0":{"start":{"line":9,"column":4},"end":{"line":9,"column":17}},"1":{"start":{"line":11,"column":4},"end":{"line":11,"column":69}},"2":{"start":{"line":15,"column":70},"end":{"line":15,"column":80}},"3":{"start":{"line":17,"column":4},"end":{"line":37,"column":6}},"4":{"start":{"line":21,"column":10},"end":{"line":21,"column":25}},"5":{"start":{"line":22,"column":10},"end":{"line":22,"column":72}},"6":{"start":{"line":31,"column":12},"end":{"line":33,"column":14}},"7":{"start":{"line":32,"column":174},"end":{"line":32,"column":204}},"8":{"start":{"line":42,"column":27},"end":{"line":42,"column":37}},"9":{"start":{"line":44,"column":32},"end":{"line":44,"column":48}},"10":{"start":{"line":45,"column":28},"end":{"line":45,"column":51}},"11":{"start":{"line":47,"column":4},"end":{"line":51,"column":5}},"12":{"start":{"line":48,"column":6},"end":{"line":48,"column":21}},"13":{"start":{"line":50,"column":6},"end":{"line":50,"column":71}},"14":{"start":{"line":55,"column":0},"end":{"line":58,"column":2}}},"fnMap":{"0":{"name":"(anonymous_0)","decl":{"start":{"line":8,"column":2},"end":{"line":8,"column":3}},"loc":{"start":{"line":8,"column":21},"end":{"line":12,"column":3}},"line":8},"1":{"name":"(anonymous_1)","decl":{"start":{"line":14,"column":2},"end":{"line":14,"column":3}},"loc":{"start":{"line":14,"column":11},"end":{"line":38,"column":3}},"line":14},"2":{"name":"(anonymous_2)","decl":{"start":{"line":20,"column":71},"end":{"line":20,"column":72}},"loc":{"start":{"line":20,"column":77},"end":{"line":23,"column":9}},"line":20},"3":{"name":"(anonymous_3)","decl":{"start":{"line":30,"column":23},"end":{"line":30,"column":24}},"loc":{"start":{"line":30,"column":38},"end":{"line":34,"column":11}},"line":30},"4":{"name":"(anonymous_4)","decl":{"start":{"line":32,"column":168},"end":{"line":32,"column":169}},"loc":{"start":{"line":32,"column":174},"end":{"line":32,"column":204}},"line":32},"5":{"name":"(anonymous_5)","decl":{"start":{"line":41,"column":2},"end":{"line":41,"column":3}},"loc":{"start":{"line":41,"column":28},"end":{"line":52,"column":3}},"line":41}},"branchMap":{"0":{"loc":{"start":{"line":29,"column":83},"end":{"line":29,"column":111}},"type":"cond-expr","locations":[{"start":{"line":29,"column":92},"end":{"line":29,"column":100}},{"start":{"line":29,"column":103},"end":{"line":29,"column":111}}],"line":29},"1":{"loc":{"start":{"line":32,"column":29},"end":{"line":32,"column":120}},"type":"cond-expr","locations":[{"start":{"line":32,"column":62},"end":{"line":32,"column":101}},{"start":{"line":32,"column":104},"end":{"line":32,"column":120}}],"line":32},"2":{"loc":{"start":{"line":47,"column":4},"end":{"line":51,"column":5}},"type":"if","locations":[{"start":{"line":47,"column":4},"end":{"line":51,"column":5}},{"start":{"line":47,"column":4},"end":{"line":51,"column":5}}],"line":47}},"s":{"0":10,"1":10,"2":10,"3":10,"4":0,"5":0,"6":40,"7":8,"8":0,"9":0,"10":0,"11":0,"12":0,"13":0,"14":5},"f":{"0":10,"1":10,"2":0,"3":40,"4":8,"5":0},"b":{"0":[0,10],"1":[0,40],"2":[0,0]},"_coverageSchema":"1a1c01bbd47fc00a2c39e90264f33305004495a9","hash":"d8337d6cf741de515bcc02726f9a044df3f228f0"}
,"C:\\Project\\cities\\src\\components\\header-block\\header-block.jsx": {"path":"C:\\Project\\cities\\src\\components\\header-block\\header-block.jsx","statementMap":{"0":{"start":{"line":7,"column":20},"end":{"line":27,"column":1}},"1":{"start":{"line":8,"column":56},"end":{"line":8,"column":61}},"2":{"start":{"line":9,"column":2},"end":{"line":26,"column":4}},"3":{"start":{"line":29,"column":0},"end":{"line":33,"column":2}}},"fnMap":{"0":{"name":"(anonymous_0)","decl":{"start":{"line":7,"column":20},"end":{"line":7,"column":21}},"loc":{"start":{"line":7,"column":31},"end":{"line":27,"column":1}},"line":7},"1":{"name":"(anonymous_1)","decl":{"start":{"line":14,"column":80},"end":{"line":14,"column":81}},"loc":{"start":{"line":14,"column":86},"end":{"line":14,"column":88}},"line":14}},"branchMap":{},"s":{"0":7,"1":15,"2":15,"3":7},"f":{"0":15,"1":0},"b":{},"_coverageSchema":"1a1c01bbd47fc00a2c39e90264f33305004495a9","hash":"a0d6b592af0e446dcb834d74be22cd648e2fe171"}
,"C:\\Project\\cities\\src\\components\\login-page\\login-page.jsx": {"path":"C:\\Project\\cities\\src\\components\\login-page\\login-page.jsx","statementMap":{"0":{"start":{"line":6,"column":28},"end":{"line":9,"column":1}},"1":{"start":{"line":13,"column":4},"end":{"line":13,"column":17}},"2":{"start":{"line":15,"column":4},"end":{"line":15,"column":32}},"3":{"start":{"line":16,"column":4},"end":{"line":16,"column":35}},"4":{"start":{"line":18,"column":4},"end":{"line":18,"column":53}},"5":{"start":{"line":22,"column":31},"end":{"line":22,"column":41}},"6":{"start":{"line":24,"column":4},"end":{"line":24,"column":25}},"7":{"start":{"line":26,"column":4},"end":{"line":29,"column":7}},"8":{"start":{"line":34,"column":4},"end":{"line":66,"column":6}},"9":{"start":{"line":70,"column":0},"end":{"line":72,"column":2}}},"fnMap":{"0":{"name":"(anonymous_0)","decl":{"start":{"line":12,"column":2},"end":{"line":12,"column":3}},"loc":{"start":{"line":12,"column":21},"end":{"line":19,"column":3}},"line":12},"1":{"name":"(anonymous_1)","decl":{"start":{"line":21,"column":2},"end":{"line":21,"column":3}},"loc":{"start":{"line":21,"column":20},"end":{"line":30,"column":3}},"line":21},"2":{"name":"(anonymous_2)","decl":{"start":{"line":32,"column":2},"end":{"line":32,"column":3}},"loc":{"start":{"line":32,"column":11},"end":{"line":67,"column":3}},"line":32},"3":{"name":"(anonymous_3)","decl":{"start":{"line":38,"column":30},"end":{"line":38,"column":31}},"loc":{"start":{"line":38,"column":36},"end":{"line":38,"column":38}},"line":38}},"branchMap":{},"s":{"0":2,"1":2,"2":2,"3":2,"4":2,"5":0,"6":0,"7":0,"8":2,"9":2},"f":{"0":2,"1":0,"2":2,"3":0},"b":{},"_coverageSchema":"1a1c01bbd47fc00a2c39e90264f33305004495a9","hash":"590f04d3a7be93a82d9d737d896fe7a76f30116a"}
,"C:\\Project\\cities\\src\\components\\main\\main.jsx": {"path":"C:\\Project\\cities\\src\\components\\main\\main.jsx","statementMap":{"0":{"start":{"line":12,"column":26},"end":{"line":12,"column":50}},"1":{"start":{"line":14,"column":13},"end":{"line":75,"column":1}},"2":{"start":{"line":15,"column":207},"end":{"line":15,"column":212}},"3":{"start":{"line":17,"column":24},"end":{"line":17,"column":30}},"4":{"start":{"line":18,"column":22},"end":{"line":18,"column":42}},"5":{"start":{"line":20,"column":2},"end":{"line":74,"column":4}},"6":{"start":{"line":64,"column":56},"end":{"line":64,"column":82}},"7":{"start":{"line":78,"column":0},"end":{"line":102,"column":2}}},"fnMap":{"0":{"name":"(anonymous_0)","decl":{"start":{"line":14,"column":13},"end":{"line":14,"column":14}},"loc":{"start":{"line":14,"column":24},"end":{"line":75,"column":1}},"line":14},"1":{"name":"(anonymous_1)","decl":{"start":{"line":64,"column":46},"end":{"line":64,"column":47}},"loc":{"start":{"line":64,"column":56},"end":{"line":64,"column":82}},"line":64}},"branchMap":{"0":{"loc":{"start":{"line":27,"column":23},"end":{"line":27,"column":132}},"type":"cond-expr","locations":[{"start":{"line":27,"column":45},"end":{"line":27,"column":99}},{"start":{"line":27,"column":102},"end":{"line":27,"column":132}}],"line":27},"1":{"loc":{"start":{"line":40,"column":12},"end":{"line":69,"column":20}},"type":"cond-expr","locations":[{"start":{"line":40,"column":32},"end":{"line":40,"column":74}},{"start":{"line":41,"column":14},"end":{"line":69,"column":20}}],"line":40},"2":{"loc":{"start":{"line":44,"column":67},"end":{"line":44,"column":93}},"type":"cond-expr","locations":[{"start":{"line":44,"column":85},"end":{"line":44,"column":88}},{"start":{"line":44,"column":91},"end":{"line":44,"column":93}}],"line":44}},"s":{"0":3,"1":3,"2":8,"3":8,"4":8,"5":8,"6":16,"7":3},"f":{"0":8,"1":16},"b":{"0":[0,8],"1":[0,8],"2":[8,0]},"_coverageSchema":"1a1c01bbd47fc00a2c39e90264f33305004495a9","hash":"2ae9b86e50719d43dcf1040d8c0eb0693a07b5a8"}
,"C:\\Project\\cities\\src\\components\\main-empty\\main-empty.jsx": {"path":"C:\\Project\\cities\\src\\components\\main-empty\\main-empty.jsx","statementMap":{"0":{"start":{"line":4,"column":18},"end":{"line":17,"column":1}},"1":{"start":{"line":5,"column":25},"end":{"line":5,"column":30}},"2":{"start":{"line":6,"column":2},"end":{"line":16,"column":4}},"3":{"start":{"line":19,"column":0},"end":{"line":21,"column":2}}},"fnMap":{"0":{"name":"(anonymous_0)","decl":{"start":{"line":4,"column":18},"end":{"line":4,"column":19}},"loc":{"start":{"line":4,"column":29},"end":{"line":17,"column":1}},"line":4}},"branchMap":{},"s":{"0":4,"1":1,"2":1,"3":4},"f":{"0":1},"b":{},"_coverageSchema":"1a1c01bbd47fc00a2c39e90264f33305004495a9","hash":"2eb82442efa24c7f91478532f2e08c5a0b1aa3e5"}
,"C:\\Project\\cities\\src\\components\\map\\map.jsx": {"path":"C:\\Project\\cities\\src\\components\\map\\map.jsx","statementMap":{"0":{"start":{"line":8,"column":4},"end":{"line":8,"column":17}},"1":{"start":{"line":12,"column":45},"end":{"line":12,"column":55}},"2":{"start":{"line":13,"column":29},"end":{"line":13,"column":82}},"3":{"start":{"line":13,"column":52},"end":{"line":13,"column":81}},"4":{"start":{"line":15,"column":21},"end":{"line":15,"column":53}},"5":{"start":{"line":16,"column":17},"end":{"line":16,"column":26}},"6":{"start":{"line":18,"column":23},"end":{"line":21,"column":6}},"7":{"start":{"line":23,"column":22},"end":{"line":27,"column":6}},"8":{"start":{"line":29,"column":4},"end":{"line":60,"column":6}},"9":{"start":{"line":42,"column":10},"end":{"line":50,"column":12}},"10":{"start":{"line":64,"column":4},"end":{"line":64,"column":112}},"11":{"start":{"line":69,"column":0},"end":{"line":78,"column":2}}},"fnMap":{"0":{"name":"(anonymous_0)","decl":{"start":{"line":7,"column":2},"end":{"line":7,"column":3}},"loc":{"start":{"line":7,"column":21},"end":{"line":9,"column":3}},"line":7},"1":{"name":"(anonymous_1)","decl":{"start":{"line":11,"column":2},"end":{"line":11,"column":3}},"loc":{"start":{"line":11,"column":11},"end":{"line":61,"column":3}},"line":11},"2":{"name":"(anonymous_2)","decl":{"start":{"line":13,"column":41},"end":{"line":13,"column":42}},"loc":{"start":{"line":13,"column":52},"end":{"line":13,"column":81}},"line":13},"3":{"name":"(anonymous_3)","decl":{"start":{"line":41,"column":20},"end":{"line":41,"column":21}},"loc":{"start":{"line":41,"column":31},"end":{"line":51,"column":9}},"line":41},"4":{"name":"(anonymous_4)","decl":{"start":{"line":63,"column":2},"end":{"line":63,"column":3}},"loc":{"start":{"line":63,"column":35},"end":{"line":65,"column":3}},"line":63}},"branchMap":{"0":{"loc":{"start":{"line":52,"column":9},"end":{"line":57,"column":24}},"type":"cond-expr","locations":[{"start":{"line":53,"column":10},"end":{"line":57,"column":19}},{"start":{"line":57,"column":22},"end":{"line":57,"column":24}}],"line":52},"1":{"loc":{"start":{"line":64,"column":11},"end":{"line":64,"column":111}},"type":"binary-expr","locations":[{"start":{"line":64,"column":11},"end":{"line":64,"column":49}},{"start":{"line":64,"column":53},"end":{"line":64,"column":111}}],"line":64}},"s":{"0":9,"1":9,"2":9,"3":36,"4":9,"5":9,"6":9,"7":9,"8":9,"9":36,"10":0,"11":4},"f":{"0":9,"1":9,"2":36,"3":36,"4":0},"b":{"0":[0,9],"1":[0,0]},"_coverageSchema":"1a1c01bbd47fc00a2c39e90264f33305004495a9","hash":"3de93576417e540d7d04aeec57b21160024a8f96"}
,"C:\\Project\\cities\\src\\components\\map-property\\map-property.jsx": {"path":"C:\\Project\\cities\\src\\components\\map-property\\map-property.jsx","statementMap":{"0":{"start":{"line":8,"column":4},"end":{"line":8,"column":17}},"1":{"start":{"line":12,"column":35},"end":{"line":12,"column":45}},"2":{"start":{"line":14,"column":21},"end":{"line":14,"column":40}},"3":{"start":{"line":15,"column":17},"end":{"line":15,"column":19}},"4":{"start":{"line":17,"column":16},"end":{"line":21,"column":6}},"5":{"start":{"line":23,"column":22},"end":{"line":27,"column":6}},"6":{"start":{"line":29,"column":4},"end":{"line":59,"column":6}},"7":{"start":{"line":48,"column":10},"end":{"line":56,"column":12}},"8":{"start":{"line":64,"column":0},"end":{"line":74,"column":2}}},"fnMap":{"0":{"name":"(anonymous_0)","decl":{"start":{"line":7,"column":2},"end":{"line":7,"column":3}},"loc":{"start":{"line":7,"column":21},"end":{"line":9,"column":3}},"line":7},"1":{"name":"(anonymous_1)","decl":{"start":{"line":11,"column":2},"end":{"line":11,"column":3}},"loc":{"start":{"line":11,"column":11},"end":{"line":60,"column":3}},"line":11},"2":{"name":"(anonymous_2)","decl":{"start":{"line":47,"column":20},"end":{"line":47,"column":21}},"loc":{"start":{"line":47,"column":31},"end":{"line":57,"column":9}},"line":47}},"branchMap":{},"s":{"0":2,"1":2,"2":2,"3":2,"4":2,"5":2,"6":2,"7":6,"8":3},"f":{"0":2,"1":2,"2":6},"b":{},"_coverageSchema":"1a1c01bbd47fc00a2c39e90264f33305004495a9","hash":"71404156be6f8ed949b5e1492bdbe90d8e38c3c1"}
,"C:\\Project\\cities\\src\\components\\new-review\\new-review.jsx": {"path":"C:\\Project\\cities\\src\\components\\new-review\\new-review.jsx","statementMap":{"0":{"start":{"line":4,"column":16},"end":{"line":4,"column":31}},"1":{"start":{"line":8,"column":4},"end":{"line":8,"column":17}},"2":{"start":{"line":12,"column":122},"end":{"line":12,"column":132}},"3":{"start":{"line":13,"column":4},"end":{"line":40,"column":6}},"4":{"start":{"line":18,"column":26},"end":{"line":18,"column":27}},"5":{"start":{"line":19,"column":12},"end":{"line":28,"column":14}},"6":{"start":{"line":21,"column":195},"end":{"line":21,"column":225}},"7":{"start":{"line":32,"column":201},"end":{"line":32,"column":234}},"8":{"start":{"line":45,"column":0},"end":{"line":53,"column":2}}},"fnMap":{"0":{"name":"(anonymous_0)","decl":{"start":{"line":7,"column":2},"end":{"line":7,"column":3}},"loc":{"start":{"line":7,"column":21},"end":{"line":9,"column":3}},"line":7},"1":{"name":"(anonymous_1)","decl":{"start":{"line":11,"column":2},"end":{"line":11,"column":3}},"loc":{"start":{"line":11,"column":11},"end":{"line":41,"column":3}},"line":11},"2":{"name":"(anonymous_2)","decl":{"start":{"line":17,"column":23},"end":{"line":17,"column":24}},"loc":{"start":{"line":17,"column":30},"end":{"line":29,"column":11}},"line":17},"3":{"name":"(anonymous_3)","decl":{"start":{"line":21,"column":189},"end":{"line":21,"column":190}},"loc":{"start":{"line":21,"column":195},"end":{"line":21,"column":225}},"line":21},"4":{"name":"(anonymous_4)","decl":{"start":{"line":32,"column":192},"end":{"line":32,"column":193}},"loc":{"start":{"line":32,"column":201},"end":{"line":32,"column":234}},"line":32}},"branchMap":{"0":{"loc":{"start":{"line":21,"column":143},"end":{"line":21,"column":177}},"type":"cond-expr","locations":[{"start":{"line":21,"column":163},"end":{"line":21,"column":172}},{"start":{"line":21,"column":175},"end":{"line":21,"column":177}}],"line":21},"1":{"loc":{"start":{"line":21,"column":237},"end":{"line":21,"column":270}},"type":"cond-expr","locations":[{"start":{"line":21,"column":255},"end":{"line":21,"column":265}},{"start":{"line":21,"column":268},"end":{"line":21,"column":270}}],"line":21},"2":{"loc":{"start":{"line":32,"column":246},"end":{"line":32,"column":279}},"type":"cond-expr","locations":[{"start":{"line":32,"column":264},"end":{"line":32,"column":274}},{"start":{"line":32,"column":277},"end":{"line":32,"column":279}}],"line":32},"3":{"loc":{"start":{"line":37,"column":90},"end":{"line":37,"column":118}},"type":"cond-expr","locations":[{"start":{"line":37,"column":103},"end":{"line":37,"column":105}},{"start":{"line":37,"column":108},"end":{"line":37,"column":118}}],"line":37}},"s":{"0":3,"1":1,"2":1,"3":1,"4":5,"5":5,"6":0,"7":0,"8":3},"f":{"0":1,"1":1,"2":5,"3":0,"4":0},"b":{"0":[0,5],"1":[5,0],"2":[1,0],"3":[0,1]},"_coverageSchema":"1a1c01bbd47fc00a2c39e90264f33305004495a9","hash":"7e0a866ba1f16bfecad3ea8885fa241757018086"}
,"C:\\Project\\cities\\src\\components\\offer-card\\offer-card.jsx": {"path":"C:\\Project\\cities\\src\\components\\offer-card\\offer-card.jsx","statementMap":{"0":{"start":{"line":6,"column":21},"end":{"line":11,"column":1}},"1":{"start":{"line":13,"column":19},"end":{"line":26,"column":1}},"2":{"start":{"line":29,"column":18},"end":{"line":73,"column":1}},"3":{"start":{"line":31,"column":79},"end":{"line":31,"column":84}},"4":{"start":{"line":32,"column":77},"end":{"line":32,"column":82}},"5":{"start":{"line":33,"column":29},"end":{"line":33,"column":79}},"6":{"start":{"line":35,"column":2},"end":{"line":72,"column":4}},"7":{"start":{"line":36,"column":84},"end":{"line":36,"column":101}},"8":{"start":{"line":66,"column":28},"end":{"line":66,"column":49}},"9":{"start":{"line":76,"column":0},"end":{"line":92,"column":2}}},"fnMap":{"0":{"name":"(anonymous_0)","decl":{"start":{"line":29,"column":18},"end":{"line":29,"column":19}},"loc":{"start":{"line":29,"column":29},"end":{"line":73,"column":1}},"line":29},"1":{"name":"(anonymous_1)","decl":{"start":{"line":36,"column":78},"end":{"line":36,"column":79}},"loc":{"start":{"line":36,"column":84},"end":{"line":36,"column":101}},"line":36},"2":{"name":"(anonymous_2)","decl":{"start":{"line":66,"column":23},"end":{"line":66,"column":24}},"loc":{"start":{"line":66,"column":28},"end":{"line":66,"column":49}},"line":66}},"branchMap":{"0":{"loc":{"start":{"line":37,"column":7},"end":{"line":38,"column":39}},"type":"cond-expr","locations":[{"start":{"line":37,"column":19},"end":{"line":38,"column":34}},{"start":{"line":38,"column":37},"end":{"line":38,"column":39}}],"line":37},"1":{"loc":{"start":{"line":51,"column":30},"end":{"line":51,"column":156}},"type":"cond-expr","locations":[{"start":{"line":51,"column":45},"end":{"line":51,"column":117}},{"start":{"line":51,"column":120},"end":{"line":51,"column":156}}],"line":51}},"s":{"0":11,"1":11,"2":11,"3":62,"4":62,"5":62,"6":62,"7":1,"8":5,"9":11},"f":{"0":62,"1":1,"2":5},"b":{"0":[18,44],"1":[13,49]},"_coverageSchema":"1a1c01bbd47fc00a2c39e90264f33305004495a9","hash":"6ee01faf6b18ca1eea4267b153a9ab27cc531c27"}
,"C:\\Project\\cities\\src\\components\\offer-list\\offer-list.jsx": {"path":"C:\\Project\\cities\\src\\components\\offer-list\\offer-list.jsx","statementMap":{"0":{"start":{"line":8,"column":4},"end":{"line":8,"column":17}},"1":{"start":{"line":12,"column":98},"end":{"line":12,"column":108}},"2":{"start":{"line":13,"column":26},"end":{"line":13,"column":93}},"3":{"start":{"line":15,"column":4},"end":{"line":28,"column":6}},"4":{"start":{"line":18,"column":10},"end":{"line":25,"column":12}},"5":{"start":{"line":33,"column":0},"end":{"line":50,"column":2}}},"fnMap":{"0":{"name":"(anonymous_0)","decl":{"start":{"line":7,"column":2},"end":{"line":7,"column":3}},"loc":{"start":{"line":7,"column":21},"end":{"line":9,"column":3}},"line":7},"1":{"name":"(anonymous_1)","decl":{"start":{"line":11,"column":2},"end":{"line":11,"column":3}},"loc":{"start":{"line":11,"column":11},"end":{"line":29,"column":3}},"line":11},"2":{"name":"(anonymous_2)","decl":{"start":{"line":17,"column":27},"end":{"line":17,"column":28}},"loc":{"start":{"line":18,"column":10},"end":{"line":25,"column":12}},"line":18}},"branchMap":{"0":{"loc":{"start":{"line":13,"column":26},"end":{"line":13,"column":93}},"type":"cond-expr","locations":[{"start":{"line":13,"column":43},"end":{"line":13,"column":84}},{"start":{"line":13,"column":87},"end":{"line":13,"column":93}}],"line":13}},"s":{"0":12,"1":12,"2":12,"3":12,"4":50,"5":7},"f":{"0":12,"1":12,"2":50},"b":{"0":[9,3]},"_coverageSchema":"1a1c01bbd47fc00a2c39e90264f33305004495a9","hash":"5977f0c0fd6ca89d552b00bd4a1b823f3917da2f"}
,"C:\\Project\\cities\\src\\components\\offer-list-main\\offer-list-main.jsx": {"path":"C:\\Project\\cities\\src\\components\\offer-list-main\\offer-list-main.jsx","statementMap":{"0":{"start":{"line":4,"column":29},"end":{"line":10,"column":1}},"1":{"start":{"line":5,"column":20},"end":{"line":5,"column":28}},"2":{"start":{"line":7,"column":2},"end":{"line":9,"column":4}}},"fnMap":{"0":{"name":"(anonymous_0)","decl":{"start":{"line":4,"column":29},"end":{"line":4,"column":30}},"loc":{"start":{"line":4,"column":40},"end":{"line":10,"column":1}},"line":4}},"branchMap":{},"s":{"0":4,"1":9,"2":9},"f":{"0":9},"b":{},"_coverageSchema":"1a1c01bbd47fc00a2c39e90264f33305004495a9","hash":"8cbef60142508fc5fb239a90039e0a99579e9806"}
,"C:\\Project\\cities\\src\\components\\offer-list-near\\offer-list-near.jsx": {"path":"C:\\Project\\cities\\src\\components\\offer-list-near\\offer-list-near.jsx","statementMap":{"0":{"start":{"line":5,"column":29},"end":{"line":11,"column":1}},"1":{"start":{"line":6,"column":20},"end":{"line":6,"column":26}},"2":{"start":{"line":8,"column":2},"end":{"line":10,"column":4}},"3":{"start":{"line":13,"column":0},"end":{"line":15,"column":2}}},"fnMap":{"0":{"name":"(anonymous_0)","decl":{"start":{"line":5,"column":29},"end":{"line":5,"column":30}},"loc":{"start":{"line":5,"column":40},"end":{"line":11,"column":1}},"line":5}},"branchMap":{},"s":{"0":3,"1":2,"2":2,"3":3},"f":{"0":2},"b":{},"_coverageSchema":"1a1c01bbd47fc00a2c39e90264f33305004495a9","hash":"9c2484409f8204d4cf72a14747e0c345541b5c94"}
,"C:\\Project\\cities\\src\\components\\offer-list-saved\\offer-list-saved.jsx": {"path":"C:\\Project\\cities\\src\\components\\offer-list-saved\\offer-list-saved.jsx","statementMap":{"0":{"start":{"line":6,"column":23},"end":{"line":51,"column":1}},"1":{"start":{"line":8,"column":38},"end":{"line":8,"column":43}},"2":{"start":{"line":9,"column":20},"end":{"line":9,"column":31}},"3":{"start":{"line":11,"column":2},"end":{"line":49,"column":3}},"4":{"start":{"line":13,"column":26},"end":{"line":13,"column":51}},"5":{"start":{"line":14,"column":19},"end":{"line":14,"column":53}},"6":{"start":{"line":16,"column":4},"end":{"line":48,"column":6}},"7":{"start":{"line":21,"column":12},"end":{"line":43,"column":14}},"8":{"start":{"line":32,"column":20},"end":{"line":39,"column":22}},"9":{"start":{"line":50,"column":2},"end":{"line":50,"column":14}},"10":{"start":{"line":53,"column":0},"end":{"line":65,"column":2}}},"fnMap":{"0":{"name":"(anonymous_0)","decl":{"start":{"line":6,"column":23},"end":{"line":6,"column":24}},"loc":{"start":{"line":6,"column":34},"end":{"line":51,"column":1}},"line":6},"1":{"name":"(anonymous_1)","decl":{"start":{"line":20,"column":22},"end":{"line":20,"column":23}},"loc":{"start":{"line":20,"column":32},"end":{"line":44,"column":11}},"line":20},"2":{"name":"(anonymous_2)","decl":{"start":{"line":31,"column":48},"end":{"line":31,"column":49}},"loc":{"start":{"line":32,"column":20},"end":{"line":39,"column":22}},"line":32},"3":{"name":"(anonymous_3)","decl":{"start":{"line":37,"column":39},"end":{"line":37,"column":40}},"loc":{"start":{"line":37,"column":45},"end":{"line":37,"column":47}},"line":37},"4":{"name":"(anonymous_4)","decl":{"start":{"line":38,"column":40},"end":{"line":38,"column":41}},"loc":{"start":{"line":38,"column":46},"end":{"line":38,"column":48}},"line":38}},"branchMap":{"0":{"loc":{"start":{"line":11,"column":2},"end":{"line":49,"column":3}},"type":"if","locations":[{"start":{"line":11,"column":2},"end":{"line":49,"column":3}},{"start":{"line":11,"column":2},"end":{"line":49,"column":3}}],"line":11}},"s":{"0":3,"1":3,"2":3,"3":3,"4":3,"5":2,"6":2,"7":4,"8":8,"9":0,"10":3},"f":{"0":3,"1":4,"2":8,"3":0,"4":0},"b":{"0":[3,0]},"_coverageSchema":"1a1c01bbd47fc00a2c39e90264f33305004495a9","hash":"1a1a1d64be22f9d95b012d17b8d597edaec470e2"}
,"C:\\Project\\cities\\src\\components\\offer-property\\offer-property.jsx": {"path":"C:\\Project\\cities\\src\\components\\offer-property\\offer-property.jsx","statementMap":{"0":{"start":{"line":14,"column":21},"end":{"line":19,"column":1}},"1":{"start":{"line":21,"column":28},"end":{"line":24,"column":1}},"2":{"start":{"line":26,"column":25},"end":{"line":26,"column":50}},"3":{"start":{"line":28,"column":22},"end":{"line":169,"column":1}},"4":{"start":{"line":29,"column":154},"end":{"line":29,"column":159}},"5":{"start":{"line":30,"column":113},"end":{"line":30,"column":118}},"6":{"start":{"line":31,"column":34},"end":{"line":31,"column":38}},"7":{"start":{"line":32,"column":29},"end":{"line":32,"column":79}},"8":{"start":{"line":35,"column":2},"end":{"line":168,"column":4}},"9":{"start":{"line":107,"column":20},"end":{"line":111,"column":22}},"10":{"start":{"line":171,"column":0},"end":{"line":199,"column":2}}},"fnMap":{"0":{"name":"(anonymous_0)","decl":{"start":{"line":28,"column":22},"end":{"line":28,"column":23}},"loc":{"start":{"line":28,"column":33},"end":{"line":169,"column":1}},"line":28},"1":{"name":"(anonymous_1)","decl":{"start":{"line":106,"column":29},"end":{"line":106,"column":30}},"loc":{"start":{"line":106,"column":42},"end":{"line":112,"column":19}},"line":106}},"branchMap":{"0":{"loc":{"start":{"line":68,"column":15},"end":{"line":68,"column":90}},"type":"cond-expr","locations":[{"start":{"line":68,"column":27},"end":{"line":68,"column":85}},{"start":{"line":68,"column":88},"end":{"line":68,"column":90}}],"line":68},"1":{"loc":{"start":{"line":74,"column":36},"end":{"line":74,"column":156}},"type":"cond-expr","locations":[{"start":{"line":74,"column":51},"end":{"line":74,"column":119}},{"start":{"line":74,"column":122},"end":{"line":74,"column":156}}],"line":74},"2":{"loc":{"start":{"line":96,"column":46},"end":{"line":96,"column":96}},"type":"cond-expr","locations":[{"start":{"line":96,"column":64},"end":{"line":96,"column":91}},{"start":{"line":96,"column":94},"end":{"line":96,"column":96}}],"line":96},"3":{"loc":{"start":{"line":119,"column":34},"end":{"line":119,"column":171}},"type":"cond-expr","locations":[{"start":{"line":119,"column":44},"end":{"line":119,"column":121}},{"start":{"line":119,"column":124},"end":{"line":119,"column":171}}],"line":119},"4":{"loc":{"start":{"line":139,"column":17},"end":{"line":143,"column":25}},"type":"cond-expr","locations":[{"start":{"line":140,"column":18},"end":{"line":143,"column":20}},{"start":{"line":143,"column":23},"end":{"line":143,"column":25}}],"line":139}},"s":{"0":2,"1":2,"2":2,"3":2,"4":3,"5":3,"6":3,"7":3,"8":3,"9":18,"10":2},"f":{"0":3,"1":18},"b":{"0":[2,1],"1":[1,2],"2":[3,0],"3":[2,1],"4":[0,1]},"_coverageSchema":"1a1c01bbd47fc00a2c39e90264f33305004495a9","hash":"aed28fa4cc7f199b4d5bfd15abb5dc7623d196e0"}
,"C:\\Project\\cities\\src\\components\\review\\review.jsx": {"path":"C:\\Project\\cities\\src\\components\\review\\review.jsx","statementMap":{"0":{"start":{"line":5,"column":15},"end":{"line":18,"column":1}},"1":{"start":{"line":20,"column":34},"end":{"line":28,"column":1}},"2":{"start":{"line":22,"column":18},"end":{"line":22,"column":32}},"3":{"start":{"line":23,"column":16},"end":{"line":23,"column":46}},"4":{"start":{"line":24,"column":22},"end":{"line":24,"column":42}},"5":{"start":{"line":27,"column":2},"end":{"line":27,"column":64}},"6":{"start":{"line":30,"column":15},"end":{"line":60,"column":1}},"7":{"start":{"line":31,"column":19},"end":{"line":31,"column":24}},"8":{"start":{"line":32,"column":40},"end":{"line":32,"column":46}},"9":{"start":{"line":34,"column":29},"end":{"line":34,"column":78}},"10":{"start":{"line":36,"column":2},"end":{"line":59,"column":4}},"11":{"start":{"line":62,"column":0},"end":{"line":75,"column":2}}},"fnMap":{"0":{"name":"(anonymous_0)","decl":{"start":{"line":20,"column":34},"end":{"line":20,"column":35}},"loc":{"start":{"line":20,"column":44},"end":{"line":28,"column":1}},"line":20},"1":{"name":"(anonymous_1)","decl":{"start":{"line":30,"column":15},"end":{"line":30,"column":16}},"loc":{"start":{"line":30,"column":26},"end":{"line":60,"column":1}},"line":30}},"branchMap":{},"s":{"0":4,"1":4,"2":5,"3":5,"4":5,"5":5,"6":4,"7":5,"8":5,"9":5,"10":5,"11":4},"f":{"0":5,"1":5},"b":{},"_coverageSchema":"1a1c01bbd47fc00a2c39e90264f33305004495a9","hash":"ad01b1f78a10bd4573957c7334c3ccefb34997ea"}
,"C:\\Project\\cities\\src\\components\\reviews-list\\reviews-list.jsx": {"path":"C:\\Project\\cities\\src\\components\\reviews-list\\reviews-list.jsx","statementMap":{"0":{"start":{"line":5,"column":20},"end":{"line":15,"column":1}},"1":{"start":{"line":6,"column":2},"end":{"line":14,"column":5}},"2":{"start":{"line":7,"column":4},"end":{"line":9,"column":5}},"3":{"start":{"line":8,"column":6},"end":{"line":8,"column":15}},"4":{"start":{"line":10,"column":4},"end":{"line":12,"column":5}},"5":{"start":{"line":11,"column":6},"end":{"line":11,"column":16}},"6":{"start":{"line":13,"column":4},"end":{"line":13,"column":13}},"7":{"start":{"line":17,"column":20},"end":{"line":32,"column":1}},"8":{"start":{"line":18,"column":20},"end":{"line":18,"column":25}},"9":{"start":{"line":21,"column":2},"end":{"line":31,"column":4}},"10":{"start":{"line":24,"column":8},"end":{"line":28,"column":14}},"11":{"start":{"line":34,"column":0},"end":{"line":47,"column":2}}},"fnMap":{"0":{"name":"(anonymous_0)","decl":{"start":{"line":5,"column":20},"end":{"line":5,"column":21}},"loc":{"start":{"line":5,"column":33},"end":{"line":15,"column":1}},"line":5},"1":{"name":"(anonymous_1)","decl":{"start":{"line":6,"column":22},"end":{"line":6,"column":23}},"loc":{"start":{"line":6,"column":32},"end":{"line":14,"column":3}},"line":6},"2":{"name":"(anonymous_2)","decl":{"start":{"line":17,"column":20},"end":{"line":17,"column":21}},"loc":{"start":{"line":17,"column":31},"end":{"line":32,"column":1}},"line":17},"3":{"name":"(anonymous_3)","decl":{"start":{"line":23,"column":32},"end":{"line":23,"column":33}},"loc":{"start":{"line":23,"column":44},"end":{"line":29,"column":7}},"line":23}},"branchMap":{"0":{"loc":{"start":{"line":7,"column":4},"end":{"line":9,"column":5}},"type":"if","locations":[{"start":{"line":7,"column":4},"end":{"line":9,"column":5}},{"start":{"line":7,"column":4},"end":{"line":9,"column":5}}],"line":7},"1":{"loc":{"start":{"line":10,"column":4},"end":{"line":12,"column":5}},"type":"if","locations":[{"start":{"line":10,"column":4},"end":{"line":12,"column":5}},{"start":{"line":10,"column":4},"end":{"line":12,"column":5}}],"line":10}},"s":{"0":3,"1":2,"2":2,"3":0,"4":2,"5":2,"6":0,"7":3,"8":2,"9":2,"10":4,"11":3},"f":{"0":2,"1":2,"2":2,"3":4},"b":{"0":[0,2],"1":[2,0]},"_coverageSchema":"1a1c01bbd47fc00a2c39e90264f33305004495a9","hash":"4bfa5864194b419a8af3d309915f32c6143f1859"}
,"C:\\Project\\cities\\src\\components\\user-block\\user-block.jsx": {"path":"C:\\Project\\cities\\src\\components\\user-block\\user-block.jsx","statementMap":{"0":{"start":{"line":4,"column":28},"end":{"line":7,"column":1}},"1":{"start":{"line":9,"column":18},"end":{"line":25,"column":1}},"2":{"start":{"line":10,"column":56},"end":{"line":10,"column":61}},"3":{"start":{"line":12,"column":2},"end":{"line":24,"column":4}},"4":{"start":{"line":16,"column":92},"end":{"line":16,"column":158}},"5":{"start":{"line":27,"column":0},"end":{"line":31,"column":2}}},"fnMap":{"0":{"name":"(anonymous_0)","decl":{"start":{"line":9,"column":18},"end":{"line":9,"column":19}},"loc":{"start":{"line":9,"column":29},"end":{"line":25,"column":1}},"line":9},"1":{"name":"(anonymous_1)","decl":{"start":{"line":16,"column":86},"end":{"line":16,"column":87}},"loc":{"start":{"line":16,"column":92},"end":{"line":16,"column":158}},"line":16}},"branchMap":{"0":{"loc":{"start":{"line":19,"column":45},"end":{"line":19,"column":114}},"type":"cond-expr","locations":[{"start":{"line":19,"column":98},"end":{"line":19,"column":102}},{"start":{"line":19,"column":105},"end":{"line":19,"column":114}}],"line":19}},"s":{"0":9,"1":9,"2":18,"3":18,"4":2,"5":9},"f":{"0":18,"1":2},"b":{"0":[5,13]},"_coverageSchema":"1a1c01bbd47fc00a2c39e90264f33305004495a9","hash":"a7bac7a98964274b73898eda8a8a39beeba9aab0"}
,"C:\\Project\\cities\\src\\components\\user-page\\user-page.jsx": {"path":"C:\\Project\\cities\\src\\components\\user-page\\user-page.jsx","statementMap":{"0":{"start":{"line":7,"column":17},"end":{"line":26,"column":1}},"1":{"start":{"line":8,"column":83},"end":{"line":8,"column":88}},"2":{"start":{"line":9,"column":2},"end":{"line":25,"column":4}},"3":{"start":{"line":28,"column":0},"end":{"line":43,"column":2}}},"fnMap":{"0":{"name":"(anonymous_0)","decl":{"start":{"line":7,"column":17},"end":{"line":7,"column":18}},"loc":{"start":{"line":7,"column":28},"end":{"line":26,"column":1}},"line":7}},"branchMap":{},"s":{"0":2,"1":2,"2":2,"3":2},"f":{"0":2},"b":{},"_coverageSchema":"1a1c01bbd47fc00a2c39e90264f33305004495a9","hash":"914a0527f1a4d0346e63bfe25d93265e0a73de3c"}
,"C:\\Project\\cities\\src\\hoc\\with-form-review\\with-form-review.jsx": {"path":"C:\\Project\\cities\\src\\hoc\\with-form-review\\with-form-review.jsx","statementMap":{"0":{"start":{"line":3,"column":30},"end":{"line":106,"column":1}},"1":{"start":{"line":4,"column":2},"end":{"line":105,"column":4}},"2":{"start":{"line":6,"column":6},"end":{"line":6,"column":19}},"3":{"start":{"line":8,"column":6},"end":{"line":15,"column":8}},"4":{"start":{"line":17,"column":6},"end":{"line":18,"column":45}},"5":{"start":{"line":20,"column":6},"end":{"line":21,"column":45}},"6":{"start":{"line":23,"column":6},"end":{"line":24,"column":44}},"7":{"start":{"line":26,"column":6},"end":{"line":27,"column":42}},"8":{"start":{"line":29,"column":6},"end":{"line":29,"column":51}},"9":{"start":{"line":31,"column":6},"end":{"line":31,"column":51}},"10":{"start":{"line":35,"column":6},"end":{"line":37,"column":8}},"11":{"start":{"line":36,"column":17},"end":{"line":36,"column":33}},"12":{"start":{"line":38,"column":6},"end":{"line":38,"column":33}},"13":{"start":{"line":42,"column":6},"end":{"line":44,"column":8}},"14":{"start":{"line":43,"column":17},"end":{"line":43,"column":33}},"15":{"start":{"line":45,"column":6},"end":{"line":45,"column":33}},"16":{"start":{"line":49,"column":6},"end":{"line":57,"column":7}},"17":{"start":{"line":50,"column":8},"end":{"line":52,"column":10}},"18":{"start":{"line":51,"column":19},"end":{"line":51,"column":37}},"19":{"start":{"line":54,"column":8},"end":{"line":56,"column":10}},"20":{"start":{"line":55,"column":19},"end":{"line":55,"column":38}},"21":{"start":{"line":61,"column":6},"end":{"line":61,"column":27}},"22":{"start":{"line":62,"column":39},"end":{"line":62,"column":49}},"23":{"start":{"line":64,"column":6},"end":{"line":67,"column":47}},"24":{"start":{"line":71,"column":6},"end":{"line":71,"column":30}},"25":{"start":{"line":72,"column":6},"end":{"line":77,"column":8}},"26":{"start":{"line":73,"column":26},"end":{"line":76,"column":11}},"27":{"start":{"line":81,"column":6},"end":{"line":87,"column":8}},"28":{"start":{"line":82,"column":17},"end":{"line":86,"column":11}},"29":{"start":{"line":91,"column":6},"end":{"line":103,"column":8}}},"fnMap":{"0":{"name":"(anonymous_0)","decl":{"start":{"line":3,"column":30},"end":{"line":3,"column":31}},"loc":{"start":{"line":3,"column":45},"end":{"line":106,"column":1}},"line":3},"1":{"name":"(anonymous_1)","decl":{"start":{"line":5,"column":4},"end":{"line":5,"column":5}},"loc":{"start":{"line":5,"column":23},"end":{"line":32,"column":5}},"line":5},"2":{"name":"(anonymous_2)","decl":{"start":{"line":34,"column":4},"end":{"line":34,"column":5}},"loc":{"start":{"line":34,"column":32},"end":{"line":39,"column":5}},"line":34},"3":{"name":"(anonymous_3)","decl":{"start":{"line":36,"column":10},"end":{"line":36,"column":11}},"loc":{"start":{"line":36,"column":17},"end":{"line":36,"column":33}},"line":36},"4":{"name":"(anonymous_4)","decl":{"start":{"line":41,"column":4},"end":{"line":41,"column":5}},"loc":{"start":{"line":41,"column":32},"end":{"line":46,"column":5}},"line":41},"5":{"name":"(anonymous_5)","decl":{"start":{"line":43,"column":10},"end":{"line":43,"column":11}},"loc":{"start":{"line":43,"column":17},"end":{"line":43,"column":33}},"line":43},"6":{"name":"(anonymous_6)","decl":{"start":{"line":48,"column":4},"end":{"line":48,"column":5}},"loc":{"start":{"line":48,"column":26},"end":{"line":58,"column":5}},"line":48},"7":{"name":"(anonymous_7)","decl":{"start":{"line":51,"column":12},"end":{"line":51,"column":13}},"loc":{"start":{"line":51,"column":19},"end":{"line":51,"column":37}},"line":51},"8":{"name":"(anonymous_8)","decl":{"start":{"line":55,"column":12},"end":{"line":55,"column":13}},"loc":{"start":{"line":55,"column":19},"end":{"line":55,"column":38}},"line":55},"9":{"name":"(anonymous_9)","decl":{"start":{"line":60,"column":4},"end":{"line":60,"column":5}},"loc":{"start":{"line":60,"column":27},"end":{"line":68,"column":5}},"line":60},"10":{"name":"(anonymous_10)","decl":{"start":{"line":70,"column":4},"end":{"line":70,"column":5}},"loc":{"start":{"line":70,"column":17},"end":{"line":78,"column":5}},"line":70},"11":{"name":"(anonymous_11)","decl":{"start":{"line":73,"column":10},"end":{"line":73,"column":11}},"loc":{"start":{"line":73,"column":26},"end":{"line":76,"column":11}},"line":73},"12":{"name":"(anonymous_12)","decl":{"start":{"line":80,"column":4},"end":{"line":80,"column":5}},"loc":{"start":{"line":80,"column":17},"end":{"line":88,"column":5}},"line":80},"13":{"name":"(anonymous_13)","decl":{"start":{"line":82,"column":10},"end":{"line":82,"column":11}},"loc":{"start":{"line":82,"column":17},"end":{"line":86,"column":11}},"line":82},"14":{"name":"(anonymous_14)","decl":{"start":{"line":90,"column":4},"end":{"line":90,"column":5}},"loc":{"start":{"line":90,"column":13},"end":{"line":104,"column":5}},"line":90}},"branchMap":{"0":{"loc":{"start":{"line":49,"column":6},"end":{"line":57,"column":7}},"type":"if","locations":[{"start":{"line":49,"column":6},"end":{"line":57,"column":7}},{"start":{"line":49,"column":6},"end":{"line":57,"column":7}}],"line":49},"1":{"loc":{"start":{"line":49,"column":10},"end":{"line":49,"column":66}},"type":"binary-expr","locations":[{"start":{"line":49,"column":10},"end":{"line":49,"column":32}},{"start":{"line":49,"column":36},"end":{"line":49,"column":66}}],"line":49}},"s":{"0":2,"1":2,"2":0,"3":0,"4":0,"5":0,"6":0,"7":0,"8":0,"9":0,"10":0,"11":0,"12":0,"13":0,"14":0,"15":0,"16":0,"17":0,"18":0,"19":0,"20":0,"21":0,"22":0,"23":0,"24":0,"25":0,"26":0,"27":0,"28":0,"29":0},"f":{"0":2,"1":0,"2":0,"3":0,"4":0,"5":0,"6":0,"7":0,"8":0,"9":0,"10":0,"11":0,"12":0,"13":0,"14":0},"b":{"0":[0,0],"1":[0,0]},"_coverageSchema":"1a1c01bbd47fc00a2c39e90264f33305004495a9","hash":"009c9742906bc1e7464a5e5ebb4b88827d4bcad8"}
,"C:\\Project\\cities\\src\\hoc\\with-open-flag\\with-open-flag.jsx": {"path":"C:\\Project\\cities\\src\\hoc\\with-open-flag\\with-open-flag.jsx","statementMap":{"0":{"start":{"line":3,"column":28},"end":{"line":32,"column":1}},"1":{"start":{"line":4,"column":2},"end":{"line":31,"column":4}},"2":{"start":{"line":6,"column":6},"end":{"line":6,"column":19}},"3":{"start":{"line":8,"column":6},"end":{"line":10,"column":8}},"4":{"start":{"line":12,"column":6},"end":{"line":13,"column":42}},"5":{"start":{"line":17,"column":6},"end":{"line":19,"column":8}},"6":{"start":{"line":18,"column":26},"end":{"line":18,"column":53}},"7":{"start":{"line":23,"column":6},"end":{"line":29,"column":8}}},"fnMap":{"0":{"name":"(anonymous_0)","decl":{"start":{"line":3,"column":28},"end":{"line":3,"column":29}},"loc":{"start":{"line":3,"column":43},"end":{"line":32,"column":1}},"line":3},"1":{"name":"(anonymous_1)","decl":{"start":{"line":5,"column":4},"end":{"line":5,"column":5}},"loc":{"start":{"line":5,"column":23},"end":{"line":14,"column":5}},"line":5},"2":{"name":"(anonymous_2)","decl":{"start":{"line":16,"column":4},"end":{"line":16,"column":5}},"loc":{"start":{"line":16,"column":24},"end":{"line":20,"column":5}},"line":16},"3":{"name":"(anonymous_3)","decl":{"start":{"line":18,"column":10},"end":{"line":18,"column":11}},"loc":{"start":{"line":18,"column":26},"end":{"line":18,"column":53}},"line":18},"4":{"name":"(anonymous_4)","decl":{"start":{"line":22,"column":4},"end":{"line":22,"column":5}},"loc":{"start":{"line":22,"column":13},"end":{"line":30,"column":5}},"line":22}},"branchMap":{},"s":{"0":3,"1":3,"2":8,"3":8,"4":8,"5":0,"6":0,"7":8},"f":{"0":3,"1":8,"2":0,"3":0,"4":8},"b":{},"_coverageSchema":"1a1c01bbd47fc00a2c39e90264f33305004495a9","hash":"f6524df96dafa0b70610641b09c137300d67a182"}
,"C:\\Project\\cities\\src\\reducer\\name-space.js": {"path":"C:\\Project\\cities\\src\\reducer\\name-space.js","statementMap":{"0":{"start":{"line":1,"column":18},"end":{"line":6,"column":1}}},"fnMap":{},"branchMap":{},"s":{"0":1},"f":{},"b":{},"_coverageSchema":"1a1c01bbd47fc00a2c39e90264f33305004495a9","hash":"8926f6aec1fc8034715fdbe015bcad578f4976d5"}
,"C:\\Project\\cities\\src\\reducer\\data\\data.js": {"path":"C:\\Project\\cities\\src\\reducer\\data\\data.js","statementMap":{"0":{"start":{"line":5,"column":21},"end":{"line":9,"column":1}},"1":{"start":{"line":11,"column":19},"end":{"line":14,"column":1}},"2":{"start":{"line":16,"column":22},"end":{"line":29,"column":1}},"3":{"start":{"line":18,"column":4},"end":{"line":21,"column":6}},"4":{"start":{"line":20,"column":55},"end":{"line":20,"column":74}},"5":{"start":{"line":24,"column":4},"end":{"line":27,"column":5}},"6":{"start":{"line":31,"column":18},"end":{"line":38,"column":1}},"7":{"start":{"line":32,"column":20},"end":{"line":37,"column":3}},"8":{"start":{"line":33,"column":4},"end":{"line":36,"column":7}},"9":{"start":{"line":35,"column":6},"end":{"line":35,"column":58}},"10":{"start":{"line":40,"column":16},"end":{"line":54,"column":1}},"11":{"start":{"line":41,"column":2},"end":{"line":52,"column":3}},"12":{"start":{"line":43,"column":6},"end":{"line":47,"column":9}},"13":{"start":{"line":49,"column":6},"end":{"line":51,"column":9}},"14":{"start":{"line":53,"column":2},"end":{"line":53,"column":15}}},"fnMap":{"0":{"name":"(anonymous_0)","decl":{"start":{"line":17,"column":14},"end":{"line":17,"column":15}},"loc":{"start":{"line":17,"column":26},"end":{"line":22,"column":3}},"line":17},"1":{"name":"(anonymous_1)","decl":{"start":{"line":20,"column":44},"end":{"line":20,"column":45}},"loc":{"start":{"line":20,"column":55},"end":{"line":20,"column":74}},"line":20},"2":{"name":"(anonymous_2)","decl":{"start":{"line":23,"column":14},"end":{"line":23,"column":15}},"loc":{"start":{"line":24,"column":4},"end":{"line":27,"column":5}},"line":24},"3":{"name":"(anonymous_3)","decl":{"start":{"line":32,"column":14},"end":{"line":32,"column":15}},"loc":{"start":{"line":32,"column":20},"end":{"line":37,"column":3}},"line":32},"4":{"name":"(anonymous_4)","decl":{"start":{"line":32,"column":20},"end":{"line":32,"column":21}},"loc":{"start":{"line":32,"column":49},"end":{"line":37,"column":3}},"line":32},"5":{"name":"(anonymous_5)","decl":{"start":{"line":34,"column":10},"end":{"line":34,"column":11}},"loc":{"start":{"line":34,"column":24},"end":{"line":36,"column":5}},"line":34},"6":{"name":"(anonymous_6)","decl":{"start":{"line":40,"column":16},"end":{"line":40,"column":17}},"loc":{"start":{"line":40,"column":50},"end":{"line":54,"column":1}},"line":40}},"branchMap":{"0":{"loc":{"start":{"line":40,"column":17},"end":{"line":40,"column":37}},"type":"default-arg","locations":[{"start":{"line":40,"column":25},"end":{"line":40,"column":37}}],"line":40},"1":{"loc":{"start":{"line":41,"column":2},"end":{"line":52,"column":3}},"type":"switch","locations":[{"start":{"line":42,"column":4},"end":{"line":47,"column":9}},{"start":{"line":48,"column":4},"end":{"line":51,"column":9}}],"line":41},"2":{"loc":{"start":{"line":45,"column":22},"end":{"line":45,"column":71}},"type":"binary-expr","locations":[{"start":{"line":45,"column":22},"end":{"line":45,"column":65}},{"start":{"line":45,"column":69},"end":{"line":45,"column":71}}],"line":45}},"s":{"0":2,"1":2,"2":2,"3":1,"4":1,"5":0,"6":2,"7":1,"8":1,"9":1,"10":2,"11":1,"12":0,"13":0,"14":1},"f":{"0":1,"1":1,"2":0,"3":1,"4":1,"5":1,"6":1},"b":{"0":[1],"1":[0,0],"2":[0,0]},"_coverageSchema":"1a1c01bbd47fc00a2c39e90264f33305004495a9","hash":"ca3359962ba13634893509fd7d3c5648740c6aea"}
,"C:\\Project\\cities\\src\\reducer\\data\\selector.js": {"path":"C:\\Project\\cities\\src\\reducer\\data\\selector.js","statementMap":{"0":{"start":{"line":5,"column":19},"end":{"line":5,"column":33}},"1":{"start":{"line":8,"column":25},"end":{"line":10,"column":1}},"2":{"start":{"line":9,"column":2},"end":{"line":9,"column":34}},"3":{"start":{"line":12,"column":23},"end":{"line":14,"column":1}},"4":{"start":{"line":13,"column":2},"end":{"line":13,"column":40}},"5":{"start":{"line":16,"column":25},"end":{"line":18,"column":1}},"6":{"start":{"line":17,"column":2},"end":{"line":17,"column":34}},"7":{"start":{"line":20,"column":32},"end":{"line":26,"column":1}},"8":{"start":{"line":24,"column":6},"end":{"line":24,"column":43}}},"fnMap":{"0":{"name":"(anonymous_0)","decl":{"start":{"line":8,"column":25},"end":{"line":8,"column":26}},"loc":{"start":{"line":8,"column":36},"end":{"line":10,"column":1}},"line":8},"1":{"name":"(anonymous_1)","decl":{"start":{"line":12,"column":23},"end":{"line":12,"column":24}},"loc":{"start":{"line":12,"column":34},"end":{"line":14,"column":1}},"line":12},"2":{"name":"(anonymous_2)","decl":{"start":{"line":16,"column":25},"end":{"line":16,"column":26}},"loc":{"start":{"line":16,"column":36},"end":{"line":18,"column":1}},"line":16},"3":{"name":"(anonymous_3)","decl":{"start":{"line":23,"column":4},"end":{"line":23,"column":5}},"loc":{"start":{"line":23,"column":22},"end":{"line":25,"column":5}},"line":23}},"branchMap":{},"s":{"0":1,"1":1,"2":0,"3":1,"4":0,"5":1,"6":0,"7":1,"8":0},"f":{"0":0,"1":0,"2":0,"3":0},"b":{},"_coverageSchema":"1a1c01bbd47fc00a2c39e90264f33305004495a9","hash":"0f351e3e34f564d52fd42ad2f4be9805da116a46"}
,"C:\\Project\\cities\\src\\reducer\\review\\review.js": {"path":"C:\\Project\\cities\\src\\reducer\\review\\review.js","statementMap":{"0":{"start":{"line":5,"column":21},"end":{"line":7,"column":1}},"1":{"start":{"line":9,"column":19},"end":{"line":11,"column":1}},"2":{"start":{"line":13,"column":22},"end":{"line":20,"column":1}},"3":{"start":{"line":15,"column":4},"end":{"line":18,"column":6}},"4":{"start":{"line":22,"column":18},"end":{"line":41,"column":1}},"5":{"start":{"line":23,"column":23},"end":{"line":28,"column":3}},"6":{"start":{"line":24,"column":4},"end":{"line":27,"column":7}},"7":{"start":{"line":26,"column":6},"end":{"line":26,"column":59}},"8":{"start":{"line":29,"column":56},"end":{"line":40,"column":3}},"9":{"start":{"line":30,"column":4},"end":{"line":30,"column":16}},"10":{"start":{"line":31,"column":4},"end":{"line":39,"column":7}},"11":{"start":{"line":36,"column":6},"end":{"line":36,"column":57}},"12":{"start":{"line":37,"column":6},"end":{"line":37,"column":18}},"13":{"start":{"line":38,"column":6},"end":{"line":38,"column":18}},"14":{"start":{"line":43,"column":16},"end":{"line":51,"column":1}},"15":{"start":{"line":44,"column":2},"end":{"line":49,"column":3}},"16":{"start":{"line":46,"column":6},"end":{"line":48,"column":9}},"17":{"start":{"line":50,"column":2},"end":{"line":50,"column":15}}},"fnMap":{"0":{"name":"(anonymous_0)","decl":{"start":{"line":14,"column":15},"end":{"line":14,"column":16}},"loc":{"start":{"line":14,"column":28},"end":{"line":19,"column":3}},"line":14},"1":{"name":"(anonymous_1)","decl":{"start":{"line":23,"column":15},"end":{"line":23,"column":16}},"loc":{"start":{"line":23,"column":23},"end":{"line":28,"column":3}},"line":23},"2":{"name":"(anonymous_2)","decl":{"start":{"line":23,"column":23},"end":{"line":23,"column":24}},"loc":{"start":{"line":23,"column":52},"end":{"line":28,"column":3}},"line":23},"3":{"name":"(anonymous_3)","decl":{"start":{"line":25,"column":10},"end":{"line":25,"column":11}},"loc":{"start":{"line":25,"column":24},"end":{"line":27,"column":5}},"line":25},"4":{"name":"(anonymous_4)","decl":{"start":{"line":29,"column":13},"end":{"line":29,"column":14}},"loc":{"start":{"line":29,"column":56},"end":{"line":40,"column":3}},"line":29},"5":{"name":"(anonymous_5)","decl":{"start":{"line":29,"column":56},"end":{"line":29,"column":57}},"loc":{"start":{"line":29,"column":85},"end":{"line":40,"column":3}},"line":29},"6":{"name":"(anonymous_6)","decl":{"start":{"line":35,"column":10},"end":{"line":35,"column":11}},"loc":{"start":{"line":35,"column":24},"end":{"line":39,"column":5}},"line":35},"7":{"name":"(anonymous_7)","decl":{"start":{"line":43,"column":16},"end":{"line":43,"column":17}},"loc":{"start":{"line":43,"column":50},"end":{"line":51,"column":1}},"line":43}},"branchMap":{"0":{"loc":{"start":{"line":43,"column":17},"end":{"line":43,"column":37}},"type":"default-arg","locations":[{"start":{"line":43,"column":25},"end":{"line":43,"column":37}}],"line":43},"1":{"loc":{"start":{"line":44,"column":2},"end":{"line":49,"column":3}},"type":"switch","locations":[{"start":{"line":45,"column":4},"end":{"line":48,"column":9}}],"line":44}},"s":{"0":1,"1":1,"2":1,"3":0,"4":1,"5":0,"6":0,"7":0,"8":0,"9":0,"10":0,"11":0,"12":0,"13":0,"14":1,"15":0,"16":0,"17":0},"f":{"0":0,"1":0,"2":0,"3":0,"4":0,"5":0,"6":0,"7":0},"b":{"0":[0],"1":[0]},"_coverageSchema":"1a1c01bbd47fc00a2c39e90264f33305004495a9","hash":"84a839397106a126124f40d7902698bb498e0610"}
,"C:\\Project\\cities\\src\\reducer\\review\\selector.js": {"path":"C:\\Project\\cities\\src\\reducer\\review\\selector.js","statementMap":{"0":{"start":{"line":3,"column":19},"end":{"line":3,"column":35}},"1":{"start":{"line":5,"column":26},"end":{"line":7,"column":1}},"2":{"start":{"line":6,"column":2},"end":{"line":6,"column":35}}},"fnMap":{"0":{"name":"(anonymous_0)","decl":{"start":{"line":5,"column":26},"end":{"line":5,"column":27}},"loc":{"start":{"line":5,"column":37},"end":{"line":7,"column":1}},"line":5}},"branchMap":{},"s":{"0":1,"1":1,"2":0},"f":{"0":0},"b":{},"_coverageSchema":"1a1c01bbd47fc00a2c39e90264f33305004495a9","hash":"6ab346cba0b82daafec95806824018719a7861d5"}
,"C:\\Project\\cities\\src\\reducer\\state\\selector.js": {"path":"C:\\Project\\cities\\src\\reducer\\state\\selector.js","statementMap":{"0":{"start":{"line":3,"column":19},"end":{"line":3,"column":34}},"1":{"start":{"line":5,"column":33},"end":{"line":7,"column":1}},"2":{"start":{"line":6,"column":2},"end":{"line":6,"column":42}},"3":{"start":{"line":9,"column":35},"end":{"line":11,"column":1}},"4":{"start":{"line":10,"column":2},"end":{"line":10,"column":44}},"5":{"start":{"line":13,"column":33},"end":{"line":15,"column":1}},"6":{"start":{"line":14,"column":2},"end":{"line":14,"column":42}},"7":{"start":{"line":17,"column":30},"end":{"line":19,"column":1}},"8":{"start":{"line":18,"column":2},"end":{"line":18,"column":39}}},"fnMap":{"0":{"name":"(anonymous_0)","decl":{"start":{"line":5,"column":33},"end":{"line":5,"column":34}},"loc":{"start":{"line":5,"column":44},"end":{"line":7,"column":1}},"line":5},"1":{"name":"(anonymous_1)","decl":{"start":{"line":9,"column":35},"end":{"line":9,"column":36}},"loc":{"start":{"line":9,"column":46},"end":{"line":11,"column":1}},"line":9},"2":{"name":"(anonymous_2)","decl":{"start":{"line":13,"column":33},"end":{"line":13,"column":34}},"loc":{"start":{"line":13,"column":44},"end":{"line":15,"column":1}},"line":13},"3":{"name":"(anonymous_3)","decl":{"start":{"line":17,"column":30},"end":{"line":17,"column":31}},"loc":{"start":{"line":17,"column":41},"end":{"line":19,"column":1}},"line":17}},"branchMap":{},"s":{"0":1,"1":1,"2":0,"3":1,"4":0,"5":1,"6":0,"7":1,"8":0},"f":{"0":0,"1":0,"2":0,"3":0},"b":{},"_coverageSchema":"1a1c01bbd47fc00a2c39e90264f33305004495a9","hash":"e661817b9caef0d5d1d7024a6c315360d647df91"}
,"C:\\Project\\cities\\src\\reducer\\state\\state.js": {"path":"C:\\Project\\cities\\src\\reducer\\state\\state.js","statementMap":{"0":{"start":{"line":3,"column":21},"end":{"line":8,"column":1}},"1":{"start":{"line":10,"column":19},"end":{"line":15,"column":1}},"2":{"start":{"line":17,"column":22},"end":{"line":35,"column":1}},"3":{"start":{"line":19,"column":4},"end":{"line":22,"column":5}},"4":{"start":{"line":23,"column":25},"end":{"line":26,"column":3}},"5":{"start":{"line":27,"column":24},"end":{"line":30,"column":3}},"6":{"start":{"line":31,"column":25},"end":{"line":34,"column":3}},"7":{"start":{"line":37,"column":16},"end":{"line":57,"column":1}},"8":{"start":{"line":38,"column":2},"end":{"line":55,"column":3}},"9":{"start":{"line":40,"column":6},"end":{"line":42,"column":9}},"10":{"start":{"line":44,"column":6},"end":{"line":46,"column":9}},"11":{"start":{"line":48,"column":6},"end":{"line":50,"column":9}},"12":{"start":{"line":52,"column":6},"end":{"line":54,"column":9}},"13":{"start":{"line":56,"column":2},"end":{"line":56,"column":15}}},"fnMap":{"0":{"name":"(anonymous_0)","decl":{"start":{"line":18,"column":16},"end":{"line":18,"column":17}},"loc":{"start":{"line":19,"column":4},"end":{"line":22,"column":5}},"line":19},"1":{"name":"(anonymous_1)","decl":{"start":{"line":23,"column":16},"end":{"line":23,"column":17}},"loc":{"start":{"line":23,"column":25},"end":{"line":26,"column":3}},"line":23},"2":{"name":"(anonymous_2)","decl":{"start":{"line":27,"column":15},"end":{"line":27,"column":16}},"loc":{"start":{"line":27,"column":24},"end":{"line":30,"column":3}},"line":27},"3":{"name":"(anonymous_3)","decl":{"start":{"line":31,"column":14},"end":{"line":31,"column":15}},"loc":{"start":{"line":31,"column":25},"end":{"line":34,"column":3}},"line":31},"4":{"name":"(anonymous_4)","decl":{"start":{"line":37,"column":16},"end":{"line":37,"column":17}},"loc":{"start":{"line":37,"column":50},"end":{"line":57,"column":1}},"line":37}},"branchMap":{"0":{"loc":{"start":{"line":37,"column":17},"end":{"line":37,"column":37}},"type":"default-arg","locations":[{"start":{"line":37,"column":25},"end":{"line":37,"column":37}}],"line":37},"1":{"loc":{"start":{"line":38,"column":2},"end":{"line":55,"column":3}},"type":"switch","locations":[{"start":{"line":39,"column":4},"end":{"line":42,"column":9}},{"start":{"line":43,"column":4},"end":{"line":46,"column":9}},{"start":{"line":47,"column":4},"end":{"line":50,"column":9}},{"start":{"line":51,"column":4},"end":{"line":54,"column":9}}],"line":38}},"s":{"0":3,"1":3,"2":3,"3":1,"4":1,"5":1,"6":0,"7":3,"8":4,"9":1,"10":1,"11":1,"12":0,"13":1},"f":{"0":1,"1":1,"2":1,"3":0,"4":4},"b":{"0":[1],"1":[1,1,1,0]},"_coverageSchema":"1a1c01bbd47fc00a2c39e90264f33305004495a9","hash":"088a25ad4aa4da5f810f5460b13249b23a032b99"}
,"C:\\Project\\cities\\src\\reducer\\user\\selectors.js": {"path":"C:\\Project\\cities\\src\\reducer\\user\\selectors.js","statementMap":{"0":{"start":{"line":3,"column":19},"end":{"line":3,"column":33}},"1":{"start":{"line":6,"column":38},"end":{"line":8,"column":1}},"2":{"start":{"line":7,"column":2},"end":{"line":7,"column":47}},"3":{"start":{"line":10,"column":27},"end":{"line":12,"column":1}},"4":{"start":{"line":11,"column":2},"end":{"line":11,"column":32}},"5":{"start":{"line":14,"column":25},"end":{"line":16,"column":1}},"6":{"start":{"line":15,"column":2},"end":{"line":15,"column":30}}},"fnMap":{"0":{"name":"(anonymous_0)","decl":{"start":{"line":6,"column":38},"end":{"line":6,"column":39}},"loc":{"start":{"line":6,"column":49},"end":{"line":8,"column":1}},"line":6},"1":{"name":"(anonymous_1)","decl":{"start":{"line":10,"column":27},"end":{"line":10,"column":28}},"loc":{"start":{"line":10,"column":38},"end":{"line":12,"column":1}},"line":10},"2":{"name":"(anonymous_2)","decl":{"start":{"line":14,"column":25},"end":{"line":14,"column":26}},"loc":{"start":{"line":14,"column":36},"end":{"line":16,"column":1}},"line":14}},"branchMap":{},"s":{"0":1,"1":1,"2":0,"3":1,"4":0,"5":1,"6":0},"f":{"0":0,"1":0,"2":0},"b":{},"_coverageSchema":"1a1c01bbd47fc00a2c39e90264f33305004495a9","hash":"4e918a0af62bae0e4e8114e551d5826ce4cf5679"}
,"C:\\Project\\cities\\src\\reducer\\user\\user.js": {"path":"C:\\Project\\cities\\src\\reducer\\user\\user.js","statementMap":{"0":{"start":{"line":4,"column":28},"end":{"line":7,"column":1}},"1":{"start":{"line":9,"column":21},"end":{"line":13,"column":1}},"2":{"start":{"line":15,"column":19},"end":{"line":18,"column":1}},"3":{"start":{"line":20,"column":22},"end":{"line":34,"column":1}},"4":{"start":{"line":22,"column":4},"end":{"line":25,"column":6}},"5":{"start":{"line":28,"column":4},"end":{"line":31,"column":6}},"6":{"start":{"line":36,"column":16},"end":{"line":49,"column":1}},"7":{"start":{"line":37,"column":2},"end":{"line":47,"column":3}},"8":{"start":{"line":39,"column":6},"end":{"line":41,"column":9}},"9":{"start":{"line":43,"column":6},"end":{"line":46,"column":9}},"10":{"start":{"line":48,"column":2},"end":{"line":48,"column":15}},"11":{"start":{"line":51,"column":18},"end":{"line":74,"column":1}},"12":{"start":{"line":52,"column":19},"end":{"line":61,"column":3}},"13":{"start":{"line":53,"column":4},"end":{"line":60,"column":9}},"14":{"start":{"line":55,"column":8},"end":{"line":55,"column":80}},"15":{"start":{"line":56,"column":8},"end":{"line":56,"column":61}},"16":{"start":{"line":59,"column":8},"end":{"line":59,"column":18}},"17":{"start":{"line":63,"column":23},"end":{"line":73,"column":3}},"18":{"start":{"line":64,"column":4},"end":{"line":72,"column":65}},"19":{"start":{"line":69,"column":6},"end":{"line":69,"column":78}},"20":{"start":{"line":70,"column":6},"end":{"line":70,"column":60}},"21":{"start":{"line":72,"column":16},"end":{"line":72,"column":63}}},"fnMap":{"0":{"name":"(anonymous_0)","decl":{"start":{"line":21,"column":25},"end":{"line":21,"column":26}},"loc":{"start":{"line":21,"column":37},"end":{"line":26,"column":3}},"line":21},"1":{"name":"(anonymous_1)","decl":{"start":{"line":27,"column":17},"end":{"line":27,"column":18}},"loc":{"start":{"line":27,"column":27},"end":{"line":32,"column":3}},"line":27},"2":{"name":"(anonymous_2)","decl":{"start":{"line":36,"column":16},"end":{"line":36,"column":17}},"loc":{"start":{"line":36,"column":50},"end":{"line":49,"column":1}},"line":36},"3":{"name":"(anonymous_3)","decl":{"start":{"line":52,"column":13},"end":{"line":52,"column":14}},"loc":{"start":{"line":52,"column":19},"end":{"line":61,"column":3}},"line":52},"4":{"name":"(anonymous_4)","decl":{"start":{"line":52,"column":19},"end":{"line":52,"column":20}},"loc":{"start":{"line":52,"column":48},"end":{"line":61,"column":3}},"line":52},"5":{"name":"(anonymous_5)","decl":{"start":{"line":54,"column":12},"end":{"line":54,"column":13}},"loc":{"start":{"line":54,"column":26},"end":{"line":57,"column":7}},"line":54},"6":{"name":"(anonymous_6)","decl":{"start":{"line":58,"column":13},"end":{"line":58,"column":14}},"loc":{"start":{"line":58,"column":22},"end":{"line":60,"column":7}},"line":58},"7":{"name":"(anonymous_7)","decl":{"start":{"line":63,"column":9},"end":{"line":63,"column":10}},"loc":{"start":{"line":63,"column":23},"end":{"line":73,"column":3}},"line":63},"8":{"name":"(anonymous_8)","decl":{"start":{"line":63,"column":23},"end":{"line":63,"column":24}},"loc":{"start":{"line":63,"column":52},"end":{"line":73,"column":3}},"line":63},"9":{"name":"(anonymous_9)","decl":{"start":{"line":68,"column":10},"end":{"line":68,"column":11}},"loc":{"start":{"line":68,"column":16},"end":{"line":71,"column":5}},"line":68},"10":{"name":"(anonymous_10)","decl":{"start":{"line":72,"column":10},"end":{"line":72,"column":11}},"loc":{"start":{"line":72,"column":16},"end":{"line":72,"column":63}},"line":72}},"branchMap":{"0":{"loc":{"start":{"line":36,"column":17},"end":{"line":36,"column":37}},"type":"default-arg","locations":[{"start":{"line":36,"column":25},"end":{"line":36,"column":37}}],"line":36},"1":{"loc":{"start":{"line":37,"column":2},"end":{"line":47,"column":3}},"type":"switch","locations":[{"start":{"line":38,"column":4},"end":{"line":41,"column":9}},{"start":{"line":42,"column":4},"end":{"line":46,"column":9}}],"line":37}},"s":{"0":2,"1":2,"2":2,"3":2,"4":2,"5":0,"6":2,"7":5,"8":4,"9":0,"10":1,"11":2,"12":0,"13":0,"14":0,"15":0,"16":0,"17":0,"18":0,"19":0,"20":0,"21":0},"f":{"0":2,"1":0,"2":5,"3":0,"4":0,"5":0,"6":0,"7":0,"8":0,"9":0,"10":0},"b":{"0":[1],"1":[4,0]},"_coverageSchema":"1a1c01bbd47fc00a2c39e90264f33305004495a9","hash":"d3deb39088c305d38899ce19dd9e7d1b1d2e47a8"}
}
