{"C:\\Project\\cities\\src\\api.js": {"path":"C:\\Project\\cities\\src\\api.js","statementMap":{"0":{"start":{"line":4,"column":14},"end":{"line":6,"column":1}},"1":{"start":{"line":8,"column":25},"end":{"line":40,"column":1}},"2":{"start":{"line":9,"column":14},"end":{"line":13,"column":4}},"3":{"start":{"line":16,"column":20},"end":{"line":18,"column":3}},"4":{"start":{"line":17,"column":4},"end":{"line":17,"column":20}},"5":{"start":{"line":20,"column":17},"end":{"line":36,"column":3}},"6":{"start":{"line":21,"column":23},"end":{"line":21,"column":26}},"7":{"start":{"line":23,"column":4},"end":{"line":25,"column":5}},"8":{"start":{"line":24,"column":6},"end":{"line":24,"column":41}},"9":{"start":{"line":27,"column":4},"end":{"line":29,"column":5}},"10":{"start":{"line":28,"column":6},"end":{"line":28,"column":45}},"11":{"start":{"line":31,"column":4},"end":{"line":34,"column":5}},"12":{"start":{"line":32,"column":6},"end":{"line":32,"column":23}},"13":{"start":{"line":33,"column":6},"end":{"line":33,"column":16}},"14":{"start":{"line":35,"column":4},"end":{"line":35,"column":14}},"15":{"start":{"line":37,"column":2},"end":{"line":37,"column":51}},"16":{"start":{"line":39,"column":2},"end":{"line":39,"column":13}}},"fnMap":{"0":{"name":"(anonymous_0)","decl":{"start":{"line":8,"column":25},"end":{"line":8,"column":26}},"loc":{"start":{"line":8,"column":61},"end":{"line":40,"column":1}},"line":8},"1":{"name":"(anonymous_1)","decl":{"start":{"line":16,"column":20},"end":{"line":16,"column":21}},"loc":{"start":{"line":16,"column":34},"end":{"line":18,"column":3}},"line":16},"2":{"name":"(anonymous_2)","decl":{"start":{"line":20,"column":17},"end":{"line":20,"column":18}},"loc":{"start":{"line":20,"column":26},"end":{"line":36,"column":3}},"line":20}},"branchMap":{"0":{"loc":{"start":{"line":23,"column":4},"end":{"line":25,"column":5}},"type":"if","locations":[{"start":{"line":23,"column":4},"end":{"line":25,"column":5}},{"start":{"line":23,"column":4},"end":{"line":25,"column":5}}],"line":23},"1":{"loc":{"start":{"line":27,"column":4},"end":{"line":29,"column":5}},"type":"if","locations":[{"start":{"line":27,"column":4},"end":{"line":29,"column":5}},{"start":{"line":27,"column":4},"end":{"line":29,"column":5}}],"line":27},"2":{"loc":{"start":{"line":31,"column":4},"end":{"line":34,"column":5}},"type":"if","locations":[{"start":{"line":31,"column":4},"end":{"line":34,"column":5}},{"start":{"line":31,"column":4},"end":{"line":34,"column":5}}],"line":31}},"s":{"0":3,"1":3,"2":3,"3":3,"4":8,"5":3,"6":1,"7":1,"8":0,"9":1,"10":0,"11":1,"12":0,"13":0,"14":1,"15":3,"16":3},"f":{"0":3,"1":8,"2":1},"b":{"0":[0,1],"1":[0,1],"2":[0,1]},"_coverageSchema":"1a1c01bbd47fc00a2c39e90264f33305004495a9","hash":"43e3be90b7258689da5009588b6e7a95438d2cde"}
,"C:\\Project\\cities\\src\\common.js": {"path":"C:\\Project\\cities\\src\\common.js","statementMap":{"0":{"start":{"line":4,"column":26},"end":{"line":6,"column":1}},"1":{"start":{"line":5,"column":2},"end":{"line":5,"column":56}},"2":{"start":{"line":8,"column":21},"end":{"line":10,"column":1}},"3":{"start":{"line":9,"column":2},"end":{"line":9,"column":26}},"4":{"start":{"line":12,"column":22},"end":{"line":14,"column":1}},"5":{"start":{"line":13,"column":2},"end":{"line":13,"column":33}},"6":{"start":{"line":16,"column":29},"end":{"line":18,"column":1}},"7":{"start":{"line":17,"column":2},"end":{"line":17,"column":66}},"8":{"start":{"line":17,"column":37},"end":{"line":17,"column":64}},"9":{"start":{"line":20,"column":31},"end":{"line":22,"column":1}},"10":{"start":{"line":21,"column":2},"end":{"line":21,"column":22}},"11":{"start":{"line":24,"column":35},"end":{"line":33,"column":1}},"12":{"start":{"line":25,"column":17},"end":{"line":25,"column":36}},"13":{"start":{"line":26,"column":17},"end":{"line":30,"column":4}},"14":{"start":{"line":27,"column":4},"end":{"line":29,"column":6}},"15":{"start":{"line":32,"column":2},"end":{"line":32,"column":16}},"16":{"start":{"line":35,"column":33},"end":{"line":45,"column":1}},"17":{"start":{"line":36,"column":2},"end":{"line":43,"column":3}},"18":{"start":{"line":38,"column":6},"end":{"line":38,"column":62}},"19":{"start":{"line":38,"column":35},"end":{"line":38,"column":52}},"20":{"start":{"line":40,"column":6},"end":{"line":40,"column":62}},"21":{"start":{"line":40,"column":35},"end":{"line":40,"column":52}},"22":{"start":{"line":42,"column":6},"end":{"line":42,"column":66}},"23":{"start":{"line":42,"column":35},"end":{"line":42,"column":56}},"24":{"start":{"line":44,"column":2},"end":{"line":44,"column":24}},"25":{"start":{"line":47,"column":33},"end":{"line":57,"column":8}},"26":{"start":{"line":48,"column":2},"end":{"line":57,"column":8}},"27":{"start":{"line":49,"column":16},"end":{"line":49,"column":31}},"28":{"start":{"line":51,"column":4},"end":{"line":53,"column":5}},"29":{"start":{"line":52,"column":6},"end":{"line":52,"column":28}},"30":{"start":{"line":54,"column":4},"end":{"line":54,"column":33}},"31":{"start":{"line":56,"column":4},"end":{"line":56,"column":23}},"32":{"start":{"line":59,"column":20},"end":{"line":61,"column":1}}},"fnMap":{"0":{"name":"(anonymous_0)","decl":{"start":{"line":4,"column":26},"end":{"line":4,"column":27}},"loc":{"start":{"line":4,"column":37},"end":{"line":6,"column":1}},"line":4},"1":{"name":"(anonymous_1)","decl":{"start":{"line":8,"column":21},"end":{"line":8,"column":22}},"loc":{"start":{"line":8,"column":31},"end":{"line":10,"column":1}},"line":8},"2":{"name":"(anonymous_2)","decl":{"start":{"line":12,"column":22},"end":{"line":12,"column":23}},"loc":{"start":{"line":12,"column":32},"end":{"line":14,"column":1}},"line":12},"3":{"name":"(anonymous_3)","decl":{"start":{"line":16,"column":29},"end":{"line":16,"column":30}},"loc":{"start":{"line":16,"column":41},"end":{"line":18,"column":1}},"line":16},"4":{"name":"(anonymous_4)","decl":{"start":{"line":17,"column":23},"end":{"line":17,"column":24}},"loc":{"start":{"line":17,"column":37},"end":{"line":17,"column":64}},"line":17},"5":{"name":"(anonymous_5)","decl":{"start":{"line":20,"column":31},"end":{"line":20,"column":32}},"loc":{"start":{"line":20,"column":49},"end":{"line":22,"column":1}},"line":20},"6":{"name":"(anonymous_6)","decl":{"start":{"line":24,"column":35},"end":{"line":24,"column":36}},"loc":{"start":{"line":24,"column":47},"end":{"line":33,"column":1}},"line":24},"7":{"name":"(anonymous_7)","decl":{"start":{"line":26,"column":28},"end":{"line":26,"column":29}},"loc":{"start":{"line":26,"column":38},"end":{"line":30,"column":3}},"line":26},"8":{"name":"(anonymous_8)","decl":{"start":{"line":35,"column":33},"end":{"line":35,"column":34}},"loc":{"start":{"line":35,"column":60},"end":{"line":45,"column":1}},"line":35},"9":{"name":"(anonymous_9)","decl":{"start":{"line":38,"column":25},"end":{"line":38,"column":26}},"loc":{"start":{"line":38,"column":35},"end":{"line":38,"column":52}},"line":38},"10":{"name":"(anonymous_10)","decl":{"start":{"line":40,"column":25},"end":{"line":40,"column":26}},"loc":{"start":{"line":40,"column":35},"end":{"line":40,"column":52}},"line":40},"11":{"name":"(anonymous_11)","decl":{"start":{"line":42,"column":25},"end":{"line":42,"column":26}},"loc":{"start":{"line":42,"column":35},"end":{"line":42,"column":56}},"line":42},"12":{"name":"(anonymous_12)","decl":{"start":{"line":47,"column":33},"end":{"line":47,"column":34}},"loc":{"start":{"line":48,"column":2},"end":{"line":57,"column":8}},"line":48},"13":{"name":"(anonymous_13)","decl":{"start":{"line":48,"column":16},"end":{"line":48,"column":17}},"loc":{"start":{"line":48,"column":39},"end":{"line":57,"column":3}},"line":48},"14":{"name":"(anonymous_14)","decl":{"start":{"line":59,"column":20},"end":{"line":59,"column":21}},"loc":{"start":{"line":59,"column":26},"end":{"line":61,"column":1}},"line":59}},"branchMap":{"0":{"loc":{"start":{"line":36,"column":2},"end":{"line":43,"column":3}},"type":"switch","locations":[{"start":{"line":37,"column":4},"end":{"line":38,"column":62}},{"start":{"line":39,"column":4},"end":{"line":40,"column":62}},{"start":{"line":41,"column":4},"end":{"line":42,"column":66}}],"line":36},"1":{"loc":{"start":{"line":51,"column":4},"end":{"line":53,"column":5}},"type":"if","locations":[{"start":{"line":51,"column":4},"end":{"line":53,"column":5}},{"start":{"line":51,"column":4},"end":{"line":53,"column":5}}],"line":51}},"s":{"0":24,"1":87,"2":24,"3":0,"4":24,"5":8,"6":24,"7":0,"8":0,"9":24,"10":0,"11":24,"12":3,"13":3,"14":9,"15":3,"16":24,"17":10,"18":0,"19":0,"20":0,"21":0,"22":0,"23":0,"24":10,"25":24,"26":4,"27":10,"28":10,"29":10,"30":10,"31":10,"32":24},"f":{"0":87,"1":0,"2":8,"3":0,"4":0,"5":0,"6":3,"7":9,"8":10,"9":0,"10":0,"11":0,"12":4,"13":10,"14":3},"b":{"0":[0,0,0],"1":[10,0]},"_coverageSchema":"1a1c01bbd47fc00a2c39e90264f33305004495a9","hash":"c6d6a1a6b5f5dbcdee0d39635076e3e94901f9d4"}
,"C:\\Project\\cities\\src\\const.js": {"path":"C:\\Project\\cities\\src\\const.js","statementMap":{"0":{"start":{"line":1,"column":30},"end":{"line":1,"column":31}},"1":{"start":{"line":3,"column":23},"end":{"line":20,"column":1}},"2":{"start":{"line":23,"column":28},"end":{"line":28,"column":1}},"3":{"start":{"line":30,"column":26},"end":{"line":33,"column":1}},"4":{"start":{"line":35,"column":24},"end":{"line":40,"column":1}},"5":{"start":{"line":42,"column":29},"end":{"line":45,"column":1}}},"fnMap":{},"branchMap":{},"s":{"0":27,"1":27,"2":27,"3":27,"4":27,"5":27},"f":{},"b":{},"_coverageSchema":"1a1c01bbd47fc00a2c39e90264f33305004495a9","hash":"cbb646cb5f05c8f09b4764a3bca109fc3f792aa2"}
,"C:\\Project\\cities\\src\\history.js": {"path":"C:\\Project\\cities\\src\\history.js","statementMap":{"0":{"start":{"line":4,"column":16},"end":{"line":4,"column":38}}},"fnMap":{},"branchMap":{},"s":{"0":17},"f":{},"b":{},"_coverageSchema":"1a1c01bbd47fc00a2c39e90264f33305004495a9","hash":"fc38c41a51ed5fe8f9555871dfcbf816043d0f2a"}
,"C:\\Project\\cities\\src\\adapter\\offers.js": {"path":"C:\\Project\\cities\\src\\adapter\\offers.js","statementMap":{"0":{"start":{"line":1,"column":28},"end":{"line":30,"column":1}},"1":{"start":{"line":2,"column":2},"end":{"line":29,"column":4}}},"fnMap":{"0":{"name":"(anonymous_0)","decl":{"start":{"line":1,"column":28},"end":{"line":1,"column":29}},"loc":{"start":{"line":1,"column":39},"end":{"line":30,"column":1}},"line":1}},"branchMap":{},"s":{"0":2,"1":4},"f":{"0":4},"b":{},"_coverageSchema":"1a1c01bbd47fc00a2c39e90264f33305004495a9","hash":"7616579eb1f59aa3e25fa62183d3bb8647409ca0"}
,"C:\\Project\\cities\\src\\adapter\\reviews.js": {"path":"C:\\Project\\cities\\src\\adapter\\reviews.js","statementMap":{"0":{"start":{"line":1,"column":29},"end":{"line":13,"column":1}},"1":{"start":{"line":2,"column":2},"end":{"line":12,"column":4}}},"fnMap":{"0":{"name":"(anonymous_0)","decl":{"start":{"line":1,"column":29},"end":{"line":1,"column":30}},"loc":{"start":{"line":1,"column":41},"end":{"line":13,"column":1}},"line":1}},"branchMap":{},"s":{"0":2,"1":2},"f":{"0":2},"b":{},"_coverageSchema":"1a1c01bbd47fc00a2c39e90264f33305004495a9","hash":"c4bff64bda131e284090955f89ca41c25fbb6635"}
,"C:\\Project\\cities\\src\\components\\app\\app.tsx": {"path":"C:\\Project\\cities\\src\\components\\app\\app.tsx","statementMap":{"0":{"start":{"line":1,"column":0},"end":{"line":1,"column":31}},"1":{"start":{"line":2,"column":0},"end":{"line":2,"column":36}},"2":{"start":{"line":3,"column":0},"end":{"line":3,"column":36}},"3":{"start":{"line":4,"column":0},"end":{"line":4,"column":55}},"4":{"start":{"line":5,"column":0},"end":{"line":5,"column":44}},"5":{"start":{"line":6,"column":0},"end":{"line":6,"column":32}},"6":{"start":{"line":7,"column":0},"end":{"line":7,"column":49}},"7":{"start":{"line":8,"column":0},"end":{"line":8,"column":58}},"8":{"start":{"line":9,"column":0},"end":{"line":9,"column":61}},"9":{"start":{"line":10,"column":0},"end":{"line":10,"column":56}},"10":{"start":{"line":11,"column":0},"end":{"line":11,"column":96}},"11":{"start":{"line":12,"column":0},"end":{"line":12,"column":67}},"12":{"start":{"line":13,"column":0},"end":{"line":13,"column":73}},"13":{"start":{"line":14,"column":0},"end":{"line":14,"column":129}},"14":{"start":{"line":15,"column":0},"end":{"line":15,"column":102}},"15":{"start":{"line":16,"column":0},"end":{"line":16,"column":57}},"16":{"start":{"line":17,"column":0},"end":{"line":17,"column":60}},"17":{"start":{"line":18,"column":0},"end":{"line":18,"column":92}},"18":{"start":{"line":19,"column":0},"end":{"line":19,"column":37}},"19":{"start":{"line":52,"column":244},"end":{"line":52,"column":254}},"20":{"start":{"line":54,"column":4},"end":{"line":77,"column":null}},"21":{"start":{"line":56,"column":6},"end":{"line":74,"column":8}},"22":{"start":{"line":78,"column":4},"end":{"line":78,"column":16}},"23":{"start":{"line":82,"column":266},"end":{"line":82,"column":276}},"24":{"start":{"line":85,"column":4},"end":{"line":141,"column":6}},"25":{"start":{"line":102,"column":14},"end":{"line":117,"column":null}},"26":{"start":{"line":128,"column":14},"end":{"line":136,"column":16}},"27":{"start":{"line":202,"column":8},"end":{"line":202,"column":11}},"28":{"start":{"line":145,"column":24},"end":{"line":160,"column":2}},"29":{"start":{"line":145,"column":36},"end":{"line":160,"column":2}},"30":{"start":{"line":163,"column":27},"end":{"line":200,"column":2}},"31":{"start":{"line":163,"column":42},"end":{"line":200,"column":2}},"32":{"start":{"line":165,"column":4},"end":{"line":165,"column":49}},"33":{"start":{"line":168,"column":4},"end":{"line":168,"column":79}},"34":{"start":{"line":171,"column":4},"end":{"line":171,"column":44}},"35":{"start":{"line":174,"column":4},"end":{"line":174,"column":42}},"36":{"start":{"line":177,"column":4},"end":{"line":177,"column":49}},"37":{"start":{"line":180,"column":4},"end":{"line":180,"column":45}},"38":{"start":{"line":183,"column":4},"end":{"line":183,"column":45}},"39":{"start":{"line":186,"column":4},"end":{"line":186,"column":46}},"40":{"start":{"line":187,"column":4},"end":{"line":187,"column":47}},"41":{"start":{"line":191,"column":4},"end":{"line":191,"column":46}},"42":{"start":{"line":192,"column":4},"end":{"line":192,"column":47}},"43":{"start":{"line":193,"column":4},"end":{"line":193,"column":41}},"44":{"start":{"line":197,"column":19},"end":{"line":197,"column":37}},"45":{"start":{"line":198,"column":4},"end":{"line":198,"column":85}},"46":{"start":{"line":203,"column":0},"end":{"line":203,"column":65}}},"fnMap":{"0":{"name":"(anonymous_0)","decl":{"start":{"line":50,"column":2},"end":{"line":50,"column":18}},"loc":{"start":{"line":50,"column":18},"end":{"line":79,"column":3}}},"1":{"name":"(anonymous_1)","decl":{"start":{"line":81,"column":2},"end":{"line":81,"column":8}},"loc":{"start":{"line":81,"column":8},"end":{"line":142,"column":3}}},"2":{"name":"(anonymous_2)","decl":{"start":{"line":100,"column":21},"end":{"line":100,"column":22}},"loc":{"start":{"line":102,"column":14},"end":{"line":117,"column":null}}},"3":{"name":"(anonymous_3)","decl":{"start":{"line":127,"column":22},"end":{"line":127,"column":25}},"loc":{"start":{"line":127,"column":27},"end":{"line":137,"column":13}}},"4":{"name":"(anonymous_4)","decl":{"start":{"line":145,"column":24},"end":{"line":145,"column":25}},"loc":{"start":{"line":145,"column":36},"end":{"line":160,"column":2}}},"5":{"name":"(anonymous_5)","decl":{"start":{"line":163,"column":27},"end":{"line":163,"column":28}},"loc":{"start":{"line":163,"column":42},"end":{"line":200,"column":2}}},"6":{"name":"(anonymous_6)","decl":{"start":{"line":164,"column":2},"end":{"line":164,"column":20}},"loc":{"start":{"line":164,"column":20},"end":{"line":166,"column":3}}},"7":{"name":"(anonymous_7)","decl":{"start":{"line":167,"column":2},"end":{"line":167,"column":20}},"loc":{"start":{"line":167,"column":58},"end":{"line":169,"column":3}}},"8":{"name":"(anonymous_8)","decl":{"start":{"line":170,"column":2},"end":{"line":170,"column":18}},"loc":{"start":{"line":170,"column":27},"end":{"line":172,"column":3}}},"9":{"name":"(anonymous_9)","decl":{"start":{"line":173,"column":2},"end":{"line":173,"column":18}},"loc":{"start":{"line":173,"column":23},"end":{"line":175,"column":3}}},"10":{"name":"(anonymous_10)","decl":{"start":{"line":176,"column":2},"end":{"line":176,"column":19}},"loc":{"start":{"line":176,"column":26},"end":{"line":178,"column":3}}},"11":{"name":"(anonymous_11)","decl":{"start":{"line":179,"column":2},"end":{"line":179,"column":15}},"loc":{"start":{"line":179,"column":18},"end":{"line":181,"column":3}}},"12":{"name":"(anonymous_12)","decl":{"start":{"line":182,"column":2},"end":{"line":182,"column":16}},"loc":{"start":{"line":182,"column":16},"end":{"line":184,"column":3}}},"13":{"name":"(anonymous_13)","decl":{"start":{"line":185,"column":2},"end":{"line":185,"column":19}},"loc":{"start":{"line":185,"column":22},"end":{"line":188,"column":3}}},"14":{"name":"(anonymous_14)","decl":{"start":{"line":190,"column":2},"end":{"line":190,"column":19}},"loc":{"start":{"line":190,"column":22},"end":{"line":194,"column":3}}},"15":{"name":"(anonymous_15)","decl":{"start":{"line":196,"column":2},"end":{"line":196,"column":22}},"loc":{"start":{"line":196,"column":61},"end":{"line":199,"column":3}}}},"branchMap":{"0":{"loc":{"start":{"line":54,"column":4},"end":{"line":77,"column":null}},"type":"if","locations":[{"start":{"line":54,"column":4},"end":{"line":77,"column":null}},{"start":{"line":54,"column":4},"end":{"line":77,"column":null}}]},"1":{"loc":{"start":{"line":197,"column":32},"end":{"line":197,"column":33}},"type":"cond-expr","locations":[{"start":{"line":197,"column":32},"end":{"line":197,"column":33}},{"start":{"line":197,"column":36},"end":{"line":197,"column":37}}]}},"s":{"0":1,"1":1,"2":1,"3":1,"4":1,"5":1,"6":1,"7":1,"8":1,"9":1,"10":1,"11":1,"12":1,"13":1,"14":1,"15":1,"16":1,"17":1,"18":1,"19":2,"20":2,"21":2,"22":0,"23":2,"24":2,"25":0,"26":0,"27":1,"28":1,"29":0,"30":1,"31":0,"32":0,"33":0,"34":0,"35":0,"36":0,"37":0,"38":0,"39":0,"40":0,"41":0,"42":0,"43":0,"44":0,"45":0,"46":1},"f":{"0":2,"1":2,"2":0,"3":0,"4":0,"5":0,"6":0,"7":0,"8":0,"9":0,"10":0,"11":0,"12":0,"13":0,"14":0,"15":0},"b":{"0":[2,0],"1":[0,0]}}
,"C:\\Project\\cities\\src\\components\\city-list\\city-list.tsx": {"path":"C:\\Project\\cities\\src\\components\\city-list\\city-list.tsx","statementMap":{"0":{"start":{"line":1,"column":0},"end":{"line":1,"column":31}},"1":{"start":{"line":10,"column":49},"end":{"line":25,"column":1}},"2":{"start":{"line":11,"column":51},"end":{"line":11,"column":56}},"3":{"start":{"line":12,"column":20},"end":{"line":12,"column":51}},"4":{"start":{"line":12,"column":41},"end":{"line":12,"column":50}},"5":{"start":{"line":14,"column":2},"end":{"line":24,"column":4}},"6":{"start":{"line":17,"column":8},"end":{"line":20,"column":null}},"7":{"start":{"line":18,"column":153},"end":{"line":18,"column":175}},"8":{"start":{"line":28,"column":0},"end":{"line":28,"column":36}}},"fnMap":{"0":{"name":"(anonymous_0)","decl":{"start":{"line":10,"column":49},"end":{"line":10,"column":50}},"loc":{"start":{"line":10,"column":66},"end":{"line":25,"column":1}}},"1":{"name":"(anonymous_1)","decl":{"start":{"line":12,"column":31},"end":{"line":12,"column":32}},"loc":{"start":{"line":12,"column":41},"end":{"line":12,"column":50}}},"2":{"name":"(anonymous_2)","decl":{"start":{"line":16,"column":21},"end":{"line":16,"column":22}},"loc":{"start":{"line":17,"column":8},"end":{"line":20,"column":null}}},"3":{"name":"(anonymous_3)","decl":{"start":{"line":18,"column":147},"end":{"line":18,"column":150}},"loc":{"start":{"line":18,"column":153},"end":{"line":18,"column":175}}}},"branchMap":{"0":{"loc":{"start":{"line":18,"column":48},"end":{"line":18,"column":100}},"type":"cond-expr","locations":[{"start":{"line":18,"column":48},"end":{"line":18,"column":100}},{"start":{"line":18,"column":103},"end":{"line":18,"column":136}}]}},"s":{"0":5,"1":5,"2":11,"3":11,"4":22,"5":11,"6":22,"7":2,"8":5},"f":{"0":11,"1":22,"2":22,"3":2},"b":{"0":[11,11]}}
,"C:\\Project\\cities\\src\\components\\error-block\\error-block.tsx": {"path":"C:\\Project\\cities\\src\\components\\error-block\\error-block.tsx","statementMap":{"0":{"start":{"line":1,"column":0},"end":{"line":1,"column":31}},"1":{"start":{"line":3,"column":19},"end":{"line":7,"column":null}},"2":{"start":{"line":4,"column":2},"end":{"line":6,"column":null}},"3":{"start":{"line":10,"column":0},"end":{"line":10,"column":26}}},"fnMap":{"0":{"name":"(anonymous_0)","decl":{"start":{"line":3,"column":19},"end":{"line":3,"column":22}},"loc":{"start":{"line":4,"column":2},"end":{"line":6,"column":null}}}},"branchMap":{},"s":{"0":4,"1":4,"2":2,"3":4},"f":{"0":2},"b":{}}
,"C:\\Project\\cities\\src\\components\\favorite\\favorite.tsx": {"path":"C:\\Project\\cities\\src\\components\\favorite\\favorite.tsx","statementMap":{"0":{"start":{"line":1,"column":0},"end":{"line":1,"column":31}},"1":{"start":{"line":2,"column":0},"end":{"line":2,"column":46}},"2":{"start":{"line":3,"column":0},"end":{"line":3,"column":61}},"3":{"start":{"line":4,"column":0},"end":{"line":4,"column":55}},"4":{"start":{"line":5,"column":0},"end":{"line":5,"column":66}},"5":{"start":{"line":6,"column":0},"end":{"line":6,"column":52}},"6":{"start":{"line":8,"column":0},"end":{"line":8,"column":39}},"7":{"start":{"line":9,"column":0},"end":{"line":9,"column":34}},"8":{"start":{"line":20,"column":49},"end":{"line":60,"column":1}},"9":{"start":{"line":21,"column":95},"end":{"line":21,"column":100}},"10":{"start":{"line":22,"column":25},"end":{"line":22,"column":60}},"11":{"start":{"line":24,"column":2},"end":{"line":59,"column":4}},"12":{"start":{"line":38,"column":18},"end":{"line":43,"column":24}},"13":{"start":{"line":62,"column":0},"end":{"line":62,"column":24}}},"fnMap":{"0":{"name":"(anonymous_0)","decl":{"start":{"line":20,"column":49},"end":{"line":20,"column":50}},"loc":{"start":{"line":20,"column":66},"end":{"line":60,"column":1}}},"1":{"name":"(anonymous_1)","decl":{"start":{"line":37,"column":36},"end":{"line":37,"column":37}},"loc":{"start":{"line":37,"column":45},"end":{"line":44,"column":17}}}},"branchMap":{"0":{"loc":{"start":{"line":26,"column":41},"end":{"line":26,"column":47}},"type":"cond-expr","locations":[{"start":{"line":26,"column":41},"end":{"line":26,"column":47}},{"start":{"line":26,"column":50},"end":{"line":26,"column":78}}]},"1":{"loc":{"start":{"line":33,"column":10},"end":{"line":47,"column":null}},"type":"cond-expr","locations":[{"start":{"line":33,"column":10},"end":{"line":47,"column":null}},{"start":{"line":49,"column":10},"end":{"line":49,"column":27}}]}},"s":{"0":3,"1":3,"2":3,"3":3,"4":3,"5":3,"6":3,"7":3,"8":3,"9":1,"10":1,"11":1,"12":1,"13":3},"f":{"0":1,"1":1},"b":{"0":[1,0],"1":[1,0]}}
,"C:\\Project\\cities\\src\\components\\favorite-empty\\favorite-empty.tsx": {"path":"C:\\Project\\cities\\src\\components\\favorite-empty\\favorite-empty.tsx","statementMap":{"0":{"start":{"line":1,"column":0},"end":{"line":1,"column":31}},"1":{"start":{"line":4,"column":47},"end":{"line":18,"column":1}},"2":{"start":{"line":5,"column":2},"end":{"line":17,"column":4}},"3":{"start":{"line":20,"column":0},"end":{"line":20,"column":29}}},"fnMap":{"0":{"name":"(anonymous_0)","decl":{"start":{"line":4,"column":47},"end":{"line":4,"column":50}},"loc":{"start":{"line":4,"column":52},"end":{"line":18,"column":1}}}},"branchMap":{},"s":{"0":4,"1":4,"2":1,"3":4},"f":{"0":1},"b":{}}
,"C:\\Project\\cities\\src\\components\\filter-list.jsx\\filter-list.tsx": {"path":"C:\\Project\\cities\\src\\components\\filter-list.jsx\\filter-list.tsx","statementMap":{"0":{"start":{"line":1,"column":0},"end":{"line":1,"column":31}},"1":{"start":{"line":2,"column":0},"end":{"line":2,"column":39}},"2":{"start":{"line":3,"column":0},"end":{"line":3,"column":43}},"3":{"start":{"line":15,"column":4},"end":{"line":15,"column":17}},"4":{"start":{"line":17,"column":4},"end":{"line":17,"column":69}},"5":{"start":{"line":21,"column":70},"end":{"line":21,"column":80}},"6":{"start":{"line":23,"column":4},"end":{"line":43,"column":6}},"7":{"start":{"line":27,"column":10},"end":{"line":27,"column":25}},"8":{"start":{"line":28,"column":10},"end":{"line":28,"column":72}},"9":{"start":{"line":37,"column":12},"end":{"line":39,"column":14}},"10":{"start":{"line":38,"column":174},"end":{"line":38,"column":204}},"11":{"start":{"line":48,"column":27},"end":{"line":48,"column":37}},"12":{"start":{"line":50,"column":32},"end":{"line":50,"column":48}},"13":{"start":{"line":51,"column":28},"end":{"line":51,"column":51}},"14":{"start":{"line":53,"column":4},"end":{"line":57,"column":null}},"15":{"start":{"line":54,"column":6},"end":{"line":54,"column":21}},"16":{"start":{"line":56,"column":6},"end":{"line":56,"column":71}},"17":{"start":{"line":61,"column":0},"end":{"line":61,"column":26}}},"fnMap":{"0":{"name":"(anonymous_0)","decl":{"start":{"line":14,"column":2},"end":{"line":14,"column":14}},"loc":{"start":{"line":14,"column":19},"end":{"line":18,"column":3}}},"1":{"name":"(anonymous_1)","decl":{"start":{"line":20,"column":2},"end":{"line":20,"column":8}},"loc":{"start":{"line":20,"column":8},"end":{"line":44,"column":3}}},"2":{"name":"(anonymous_2)","decl":{"start":{"line":26,"column":71},"end":{"line":26,"column":74}},"loc":{"start":{"line":26,"column":76},"end":{"line":29,"column":9}}},"3":{"name":"(anonymous_3)","decl":{"start":{"line":36,"column":23},"end":{"line":36,"column":24}},"loc":{"start":{"line":36,"column":37},"end":{"line":40,"column":11}}},"4":{"name":"(anonymous_4)","decl":{"start":{"line":38,"column":168},"end":{"line":38,"column":171}},"loc":{"start":{"line":38,"column":174},"end":{"line":38,"column":204}}},"5":{"name":"(anonymous_5)","decl":{"start":{"line":47,"column":2},"end":{"line":47,"column":22}},"loc":{"start":{"line":47,"column":26},"end":{"line":58,"column":3}}}},"branchMap":{"0":{"loc":{"start":{"line":35,"column":92},"end":{"line":35,"column":100}},"type":"cond-expr","locations":[{"start":{"line":35,"column":92},"end":{"line":35,"column":100}},{"start":{"line":35,"column":103},"end":{"line":35,"column":111}}]},"1":{"loc":{"start":{"line":38,"column":62},"end":{"line":38,"column":101}},"type":"cond-expr","locations":[{"start":{"line":38,"column":62},"end":{"line":38,"column":101}},{"start":{"line":38,"column":104},"end":{"line":38,"column":120}}]},"2":{"loc":{"start":{"line":53,"column":4},"end":{"line":57,"column":null}},"type":"if","locations":[{"start":{"line":53,"column":4},"end":{"line":57,"column":null}},{"start":{"line":53,"column":4},"end":{"line":57,"column":null}}]}},"s":{"0":5,"1":5,"2":5,"3":12,"4":12,"5":12,"6":12,"7":1,"8":1,"9":48,"10":8,"11":0,"12":0,"13":0,"14":0,"15":0,"16":0,"17":5},"f":{"0":12,"1":12,"2":1,"3":48,"4":8,"5":0},"b":{"0":[1,11],"1":[0,48],"2":[0,0]}}
,"C:\\Project\\cities\\src\\components\\header-block\\header-block.tsx": {"path":"C:\\Project\\cities\\src\\components\\header-block\\header-block.tsx","statementMap":{"0":{"start":{"line":1,"column":0},"end":{"line":1,"column":31}},"1":{"start":{"line":2,"column":0},"end":{"line":2,"column":49}},"2":{"start":{"line":3,"column":0},"end":{"line":3,"column":46}},"3":{"start":{"line":4,"column":0},"end":{"line":4,"column":39}},"4":{"start":{"line":14,"column":52},"end":{"line":36,"column":1}},"5":{"start":{"line":15,"column":58},"end":{"line":15,"column":63}},"6":{"start":{"line":16,"column":2},"end":{"line":35,"column":4}},"7":{"start":{"line":38,"column":0},"end":{"line":38,"column":39}}},"fnMap":{"0":{"name":"(anonymous_0)","decl":{"start":{"line":14,"column":52},"end":{"line":14,"column":53}},"loc":{"start":{"line":14,"column":69},"end":{"line":36,"column":1}}}},"branchMap":{},"s":{"0":8,"1":8,"2":8,"3":8,"4":8,"5":17,"6":17,"7":8},"f":{"0":17},"b":{}}
,"C:\\Project\\cities\\src\\components\\login-page\\login-page.tsx": {"path":"C:\\Project\\cities\\src\\components\\login-page\\login-page.tsx","statementMap":{"0":{"start":{"line":1,"column":0},"end":{"line":1,"column":31}},"1":{"start":{"line":2,"column":0},"end":{"line":2,"column":55}},"2":{"start":{"line":3,"column":0},"end":{"line":3,"column":52}},"3":{"start":{"line":4,"column":0},"end":{"line":4,"column":39}},"4":{"start":{"line":5,"column":0},"end":{"line":5,"column":34}},"5":{"start":{"line":13,"column":28},"end":{"line":16,"column":2}},"6":{"start":{"line":23,"column":4},"end":{"line":23,"column":17}},"7":{"start":{"line":25,"column":4},"end":{"line":25,"column":38}},"8":{"start":{"line":26,"column":4},"end":{"line":26,"column":41}},"9":{"start":{"line":28,"column":4},"end":{"line":28,"column":53}},"10":{"start":{"line":32,"column":31},"end":{"line":32,"column":41}},"11":{"start":{"line":34,"column":4},"end":{"line":34,"column":25}},"12":{"start":{"line":36,"column":4},"end":{"line":39,"column":7}},"13":{"start":{"line":43,"column":20},"end":{"line":43,"column":30}},"14":{"start":{"line":45,"column":4},"end":{"line":80,"column":6}},"15":{"start":{"line":85,"column":0},"end":{"line":85,"column":25}}},"fnMap":{"0":{"name":"(anonymous_0)","decl":{"start":{"line":22,"column":2},"end":{"line":22,"column":14}},"loc":{"start":{"line":22,"column":19},"end":{"line":29,"column":3}}},"1":{"name":"(anonymous_1)","decl":{"start":{"line":31,"column":2},"end":{"line":31,"column":14}},"loc":{"start":{"line":31,"column":18},"end":{"line":40,"column":3}}},"2":{"name":"(anonymous_2)","decl":{"start":{"line":42,"column":2},"end":{"line":42,"column":8}},"loc":{"start":{"line":42,"column":8},"end":{"line":81,"column":3}}}},"branchMap":{"0":{"loc":{"start":{"line":68,"column":16},"end":{"line":68,"column":30}},"type":"cond-expr","locations":[{"start":{"line":68,"column":16},"end":{"line":68,"column":30}},{"start":{"line":68,"column":33},"end":{"line":68,"column":35}}]}},"s":{"0":2,"1":2,"2":2,"3":2,"4":2,"5":2,"6":2,"7":2,"8":2,"9":2,"10":0,"11":0,"12":0,"13":2,"14":2,"15":2},"f":{"0":2,"1":0,"2":2},"b":{"0":[1,1]}}
,"C:\\Project\\cities\\src\\components\\main\\main.tsx": {"path":"C:\\Project\\cities\\src\\components\\main\\main.tsx","statementMap":{"0":{"start":{"line":1,"column":0},"end":{"line":1,"column":31}},"1":{"start":{"line":2,"column":0},"end":{"line":2,"column":46}},"2":{"start":{"line":3,"column":0},"end":{"line":3,"column":56}},"3":{"start":{"line":4,"column":0},"end":{"line":4,"column":55}},"4":{"start":{"line":5,"column":0},"end":{"line":5,"column":49}},"5":{"start":{"line":6,"column":0},"end":{"line":6,"column":29}},"6":{"start":{"line":7,"column":0},"end":{"line":7,"column":63}},"7":{"start":{"line":8,"column":0},"end":{"line":8,"column":69}},"8":{"start":{"line":30,"column":26},"end":{"line":30,"column":50}},"9":{"start":{"line":32,"column":45},"end":{"line":99,"column":1}},"10":{"start":{"line":33,"column":238},"end":{"line":33,"column":243}},"11":{"start":{"line":35,"column":24},"end":{"line":35,"column":30}},"12":{"start":{"line":36,"column":22},"end":{"line":36,"column":42}},"13":{"start":{"line":38,"column":2},"end":{"line":98,"column":4}},"14":{"start":{"line":88,"column":56},"end":{"line":88,"column":82}},"15":{"start":{"line":102,"column":0},"end":{"line":102,"column":20}}},"fnMap":{"0":{"name":"(anonymous_0)","decl":{"start":{"line":32,"column":45},"end":{"line":32,"column":46}},"loc":{"start":{"line":32,"column":62},"end":{"line":99,"column":1}}},"1":{"name":"(anonymous_1)","decl":{"start":{"line":88,"column":46},"end":{"line":88,"column":47}},"loc":{"start":{"line":88,"column":56},"end":{"line":88,"column":82}}}},"branchMap":{"0":{"loc":{"start":{"line":45,"column":45},"end":{"line":45,"column":99}},"type":"cond-expr","locations":[{"start":{"line":45,"column":45},"end":{"line":45,"column":99}},{"start":{"line":45,"column":102},"end":{"line":45,"column":132}}]},"1":{"loc":{"start":{"line":58,"column":32},"end":{"line":60,"column":null}},"type":"cond-expr","locations":[{"start":{"line":58,"column":32},"end":{"line":60,"column":null}},{"start":{"line":62,"column":14},"end":{"line":92,"column":null}}]},"2":{"loc":{"start":{"line":65,"column":85},"end":{"line":65,"column":88}},"type":"cond-expr","locations":[{"start":{"line":65,"column":85},"end":{"line":65,"column":88}},{"start":{"line":65,"column":91},"end":{"line":65,"column":93}}]}},"s":{"0":3,"1":3,"2":3,"3":3,"4":3,"5":3,"6":3,"7":3,"8":3,"9":3,"10":9,"11":9,"12":9,"13":9,"14":18,"15":3},"f":{"0":9,"1":18},"b":{"0":[0,9],"1":[0,9],"2":[9,0]}}
,"C:\\Project\\cities\\src\\components\\main-empty\\main-empty.tsx": {"path":"C:\\Project\\cities\\src\\components\\main-empty\\main-empty.tsx","statementMap":{"0":{"start":{"line":1,"column":0},"end":{"line":1,"column":31}},"1":{"start":{"line":2,"column":0},"end":{"line":2,"column":39}},"2":{"start":{"line":9,"column":50},"end":{"line":25,"column":1}},"3":{"start":{"line":10,"column":32},"end":{"line":10,"column":37}},"4":{"start":{"line":11,"column":2},"end":{"line":24,"column":4}},"5":{"start":{"line":28,"column":0},"end":{"line":28,"column":25}}},"fnMap":{"0":{"name":"(anonymous_0)","decl":{"start":{"line":9,"column":50},"end":{"line":9,"column":51}},"loc":{"start":{"line":9,"column":67},"end":{"line":25,"column":1}}}},"branchMap":{"0":{"loc":{"start":{"line":16,"column":12},"end":{"line":16,"column":70}},"type":"cond-expr","locations":[{"start":{"line":16,"column":12},"end":{"line":16,"column":70}},{"start":{"line":17,"column":12},"end":{"line":17,"column":73}}]}},"s":{"0":4,"1":4,"2":4,"3":2,"4":2,"5":4},"f":{"0":2},"b":{"0":[1,1]}}
,"C:\\Project\\cities\\src\\components\\map\\map.tsx": {"path":"C:\\Project\\cities\\src\\components\\map\\map.tsx","statementMap":{"0":{"start":{"line":1,"column":0},"end":{"line":1,"column":31}},"1":{"start":{"line":2,"column":0},"end":{"line":2,"column":35}},"2":{"start":{"line":3,"column":0},"end":{"line":3,"column":74}},"3":{"start":{"line":15,"column":4},"end":{"line":15,"column":17}},"4":{"start":{"line":19,"column":45},"end":{"line":19,"column":55}},"5":{"start":{"line":20,"column":29},"end":{"line":20,"column":82}},"6":{"start":{"line":20,"column":52},"end":{"line":20,"column":81}},"7":{"start":{"line":22,"column":21},"end":{"line":22,"column":32}},"8":{"start":{"line":23,"column":17},"end":{"line":23,"column":26}},"9":{"start":{"line":25,"column":23},"end":{"line":28,"column":6}},"10":{"start":{"line":30,"column":22},"end":{"line":34,"column":6}},"11":{"start":{"line":36,"column":4},"end":{"line":71,"column":null}},"12":{"start":{"line":37,"column":6},"end":{"line":68,"column":8}},"13":{"start":{"line":50,"column":12},"end":{"line":58,"column":14}},"14":{"start":{"line":70,"column":6},"end":{"line":70,"column":18}},"15":{"start":{"line":75,"column":4},"end":{"line":75,"column":112}},"16":{"start":{"line":79,"column":0},"end":{"line":79,"column":19}}},"fnMap":{"0":{"name":"(anonymous_0)","decl":{"start":{"line":14,"column":2},"end":{"line":14,"column":14}},"loc":{"start":{"line":14,"column":19},"end":{"line":16,"column":3}}},"1":{"name":"(anonymous_1)","decl":{"start":{"line":18,"column":2},"end":{"line":18,"column":8}},"loc":{"start":{"line":18,"column":8},"end":{"line":72,"column":3}}},"2":{"name":"(anonymous_2)","decl":{"start":{"line":20,"column":41},"end":{"line":20,"column":42}},"loc":{"start":{"line":20,"column":52},"end":{"line":20,"column":81}}},"3":{"name":"(anonymous_3)","decl":{"start":{"line":49,"column":22},"end":{"line":49,"column":23}},"loc":{"start":{"line":49,"column":32},"end":{"line":59,"column":11}}},"4":{"name":"(anonymous_4)","decl":{"start":{"line":74,"column":2},"end":{"line":74,"column":23}},"loc":{"start":{"line":74,"column":33},"end":{"line":76,"column":3}}}},"branchMap":{"0":{"loc":{"start":{"line":36,"column":4},"end":{"line":71,"column":null}},"type":"if","locations":[{"start":{"line":36,"column":4},"end":{"line":71,"column":null}},{"start":{"line":36,"column":4},"end":{"line":71,"column":null}}]},"1":{"loc":{"start":{"line":61,"column":12},"end":{"line":64,"column":null}},"type":"cond-expr","locations":[{"start":{"line":61,"column":12},"end":{"line":64,"column":null}},{"start":{"line":65,"column":24},"end":{"line":65,"column":26}}]},"2":{"loc":{"start":{"line":75,"column":11},"end":{"line":75,"column":49}},"type":"binary-expr","locations":[{"start":{"line":75,"column":11},"end":{"line":75,"column":49}},{"start":{"line":75,"column":53},"end":{"line":75,"column":111}}]}},"s":{"0":4,"1":4,"2":4,"3":10,"4":10,"5":10,"6":40,"7":10,"8":10,"9":10,"10":10,"11":10,"12":10,"13":40,"14":0,"15":0,"16":4},"f":{"0":10,"1":10,"2":40,"3":40,"4":0},"b":{"0":[10,0],"1":[0,10],"2":[0,0]}}
,"C:\\Project\\cities\\src\\components\\map-property\\map-property.tsx": {"path":"C:\\Project\\cities\\src\\components\\map-property\\map-property.tsx","statementMap":{"0":{"start":{"line":1,"column":0},"end":{"line":1,"column":31}},"1":{"start":{"line":2,"column":0},"end":{"line":2,"column":35}},"2":{"start":{"line":3,"column":0},"end":{"line":3,"column":74}},"3":{"start":{"line":16,"column":4},"end":{"line":16,"column":17}},"4":{"start":{"line":20,"column":53},"end":{"line":20,"column":63}},"5":{"start":{"line":21,"column":29},"end":{"line":21,"column":82}},"6":{"start":{"line":21,"column":52},"end":{"line":21,"column":81}},"7":{"start":{"line":23,"column":21},"end":{"line":23,"column":40}},"8":{"start":{"line":24,"column":17},"end":{"line":24,"column":19}},"9":{"start":{"line":26,"column":16},"end":{"line":30,"column":6}},"10":{"start":{"line":32,"column":22},"end":{"line":36,"column":6}},"11":{"start":{"line":38,"column":4},"end":{"line":75,"column":6}},"12":{"start":{"line":57,"column":10},"end":{"line":65,"column":12}},"13":{"start":{"line":79,"column":0},"end":{"line":79,"column":27}}},"fnMap":{"0":{"name":"(anonymous_0)","decl":{"start":{"line":15,"column":2},"end":{"line":15,"column":14}},"loc":{"start":{"line":15,"column":19},"end":{"line":17,"column":3}}},"1":{"name":"(anonymous_1)","decl":{"start":{"line":19,"column":2},"end":{"line":19,"column":8}},"loc":{"start":{"line":19,"column":8},"end":{"line":76,"column":3}}},"2":{"name":"(anonymous_2)","decl":{"start":{"line":21,"column":41},"end":{"line":21,"column":42}},"loc":{"start":{"line":21,"column":52},"end":{"line":21,"column":81}}},"3":{"name":"(anonymous_3)","decl":{"start":{"line":56,"column":20},"end":{"line":56,"column":21}},"loc":{"start":{"line":56,"column":30},"end":{"line":66,"column":9}}}},"branchMap":{"0":{"loc":{"start":{"line":68,"column":10},"end":{"line":71,"column":null}},"type":"cond-expr","locations":[{"start":{"line":68,"column":10},"end":{"line":71,"column":null}},{"start":{"line":72,"column":22},"end":{"line":72,"column":24}}]},"1":{"loc":{"start":{"line":67,"column":9},"end":{"line":67,"column":45}},"type":"binary-expr","locations":[{"start":{"line":67,"column":9},"end":{"line":67,"column":45}},{"start":{"line":67,"column":49},"end":{"line":67,"column":70}}]}},"s":{"0":3,"1":3,"2":3,"3":4,"4":4,"5":4,"6":6,"7":4,"8":4,"9":4,"10":4,"11":4,"12":15,"13":3},"f":{"0":4,"1":4,"2":6,"3":15},"b":{"0":[0,4],"1":[4,0]}}
,"C:\\Project\\cities\\src\\components\\new-review\\new-review.tsx": {"path":"C:\\Project\\cities\\src\\components\\new-review\\new-review.tsx","statementMap":{"0":{"start":{"line":1,"column":0},"end":{"line":1,"column":31}},"1":{"start":{"line":13,"column":14},"end":{"line":13,"column":29}},"2":{"start":{"line":17,"column":4},"end":{"line":17,"column":17}},"3":{"start":{"line":21,"column":122},"end":{"line":21,"column":132}},"4":{"start":{"line":22,"column":4},"end":{"line":49,"column":6}},"5":{"start":{"line":27,"column":26},"end":{"line":27,"column":27}},"6":{"start":{"line":28,"column":12},"end":{"line":37,"column":14}},"7":{"start":{"line":30,"column":193},"end":{"line":30,"column":223}},"8":{"start":{"line":41,"column":201},"end":{"line":41,"column":234}},"9":{"start":{"line":54,"column":0},"end":{"line":54,"column":25}}},"fnMap":{"0":{"name":"(anonymous_0)","decl":{"start":{"line":16,"column":2},"end":{"line":16,"column":14}},"loc":{"start":{"line":16,"column":19},"end":{"line":18,"column":3}}},"1":{"name":"(anonymous_1)","decl":{"start":{"line":20,"column":2},"end":{"line":20,"column":8}},"loc":{"start":{"line":20,"column":8},"end":{"line":50,"column":3}}},"2":{"name":"(anonymous_2)","decl":{"start":{"line":26,"column":21},"end":{"line":26,"column":22}},"loc":{"start":{"line":26,"column":27},"end":{"line":38,"column":11}}},"3":{"name":"(anonymous_3)","decl":{"start":{"line":30,"column":187},"end":{"line":30,"column":190}},"loc":{"start":{"line":30,"column":193},"end":{"line":30,"column":223}}},"4":{"name":"(anonymous_4)","decl":{"start":{"line":41,"column":192},"end":{"line":41,"column":193}},"loc":{"start":{"line":41,"column":201},"end":{"line":41,"column":234}}}},"branchMap":{"0":{"loc":{"start":{"line":30,"column":163},"end":{"line":30,"column":167}},"type":"cond-expr","locations":[{"start":{"line":30,"column":163},"end":{"line":30,"column":167}},{"start":{"line":30,"column":170},"end":{"line":30,"column":175}}]},"1":{"loc":{"start":{"line":30,"column":253},"end":{"line":30,"column":257}},"type":"cond-expr","locations":[{"start":{"line":30,"column":253},"end":{"line":30,"column":257}},{"start":{"line":30,"column":260},"end":{"line":30,"column":265}}]},"2":{"loc":{"start":{"line":41,"column":264},"end":{"line":41,"column":268}},"type":"cond-expr","locations":[{"start":{"line":41,"column":264},"end":{"line":41,"column":268}},{"start":{"line":41,"column":271},"end":{"line":41,"column":276}}]},"3":{"loc":{"start":{"line":46,"column":103},"end":{"line":46,"column":108}},"type":"cond-expr","locations":[{"start":{"line":46,"column":103},"end":{"line":46,"column":108}},{"start":{"line":46,"column":111},"end":{"line":46,"column":115}}]}},"s":{"0":3,"1":3,"2":3,"3":3,"4":3,"5":15,"6":15,"7":0,"8":0,"9":3},"f":{"0":3,"1":3,"2":15,"3":0,"4":0},"b":{"0":[0,15],"1":[0,15],"2":[0,3],"3":[0,3]}}
,"C:\\Project\\cities\\src\\components\\offer-card\\offer-card.tsx": {"path":"C:\\Project\\cities\\src\\components\\offer-card\\offer-card.tsx","statementMap":{"0":{"start":{"line":1,"column":0},"end":{"line":1,"column":31}},"1":{"start":{"line":2,"column":0},"end":{"line":2,"column":39}},"2":{"start":{"line":3,"column":0},"end":{"line":3,"column":43}},"3":{"start":{"line":4,"column":0},"end":{"line":4,"column":56}},"4":{"start":{"line":5,"column":0},"end":{"line":5,"column":46}},"5":{"start":{"line":21,"column":21},"end":{"line":26,"column":2}},"6":{"start":{"line":28,"column":19},"end":{"line":41,"column":2}},"7":{"start":{"line":44,"column":50},"end":{"line":92,"column":1}},"8":{"start":{"line":46,"column":139},"end":{"line":46,"column":144}},"9":{"start":{"line":47,"column":70},"end":{"line":47,"column":75}},"10":{"start":{"line":48,"column":29},"end":{"line":48,"column":79}},"11":{"start":{"line":51,"column":2},"end":{"line":91,"column":4}},"12":{"start":{"line":53,"column":87},"end":{"line":53,"column":104}},"13":{"start":{"line":67,"column":189},"end":{"line":67,"column":263}},"14":{"start":{"line":83,"column":31},"end":{"line":83,"column":52}},"15":{"start":{"line":95,"column":0},"end":{"line":95,"column":25}}},"fnMap":{"0":{"name":"(anonymous_0)","decl":{"start":{"line":44,"column":50},"end":{"line":44,"column":51}},"loc":{"start":{"line":44,"column":67},"end":{"line":92,"column":1}}},"1":{"name":"(anonymous_1)","decl":{"start":{"line":53,"column":81},"end":{"line":53,"column":84}},"loc":{"start":{"line":53,"column":87},"end":{"line":53,"column":104}}},"2":{"name":"(anonymous_2)","decl":{"start":{"line":67,"column":183},"end":{"line":67,"column":186}},"loc":{"start":{"line":67,"column":189},"end":{"line":67,"column":263}}},"3":{"name":"(anonymous_3)","decl":{"start":{"line":83,"column":25},"end":{"line":83,"column":28}},"loc":{"start":{"line":83,"column":31},"end":{"line":83,"column":52}}}},"branchMap":{"0":{"loc":{"start":{"line":47,"column":62},"end":{"line":47,"column":66}},"type":"default-arg","locations":[{"start":{"line":47,"column":62},"end":{"line":47,"column":66}}]},"1":{"loc":{"start":{"line":54,"column":21},"end":{"line":55,"column":36}},"type":"cond-expr","locations":[{"start":{"line":54,"column":21},"end":{"line":55,"column":36}},{"start":{"line":55,"column":39},"end":{"line":55,"column":41}}]},"2":{"loc":{"start":{"line":67,"column":47},"end":{"line":67,"column":119}},"type":"cond-expr","locations":[{"start":{"line":67,"column":47},"end":{"line":67,"column":119}},{"start":{"line":67,"column":122},"end":{"line":67,"column":158}}]}},"s":{"0":12,"1":12,"2":12,"3":12,"4":12,"5":12,"6":12,"7":12,"8":72,"9":72,"10":72,"11":72,"12":1,"13":0,"14":5,"15":12},"f":{"0":72,"1":1,"2":0,"3":5},"b":{"0":[0],"1":[21,51],"2":[21,51]}}
,"C:\\Project\\cities\\src\\components\\offer-list\\offer-list.tsx": {"path":"C:\\Project\\cities\\src\\components\\offer-list\\offer-list.tsx","statementMap":{"0":{"start":{"line":1,"column":0},"end":{"line":1,"column":31}},"1":{"start":{"line":2,"column":0},"end":{"line":2,"column":49}},"2":{"start":{"line":3,"column":0},"end":{"line":3,"column":50}},"3":{"start":{"line":4,"column":0},"end":{"line":4,"column":81}},"4":{"start":{"line":18,"column":25},"end":{"line":18,"column":52}},"5":{"start":{"line":22,"column":4},"end":{"line":22,"column":17}},"6":{"start":{"line":26,"column":120},"end":{"line":26,"column":130}},"7":{"start":{"line":27,"column":26},"end":{"line":27,"column":93}},"8":{"start":{"line":29,"column":4},"end":{"line":42,"column":6}},"9":{"start":{"line":32,"column":10},"end":{"line":38,"column":null}},"10":{"start":{"line":47,"column":0},"end":{"line":47,"column":25}}},"fnMap":{"0":{"name":"(anonymous_0)","decl":{"start":{"line":21,"column":2},"end":{"line":21,"column":14}},"loc":{"start":{"line":21,"column":19},"end":{"line":23,"column":3}}},"1":{"name":"(anonymous_1)","decl":{"start":{"line":25,"column":2},"end":{"line":25,"column":8}},"loc":{"start":{"line":25,"column":8},"end":{"line":43,"column":3}}},"2":{"name":"(anonymous_2)","decl":{"start":{"line":31,"column":27},"end":{"line":31,"column":28}},"loc":{"start":{"line":32,"column":10},"end":{"line":38,"column":null}}}},"branchMap":{"0":{"loc":{"start":{"line":27,"column":43},"end":{"line":27,"column":84}},"type":"cond-expr","locations":[{"start":{"line":27,"column":43},"end":{"line":27,"column":84}},{"start":{"line":27,"column":87},"end":{"line":27,"column":93}}]}},"s":{"0":7,"1":7,"2":7,"3":7,"4":7,"5":15,"6":15,"7":15,"8":15,"9":60,"10":7},"f":{"0":15,"1":15,"2":60},"b":{"0":[10,5]}}
,"C:\\Project\\cities\\src\\components\\offer-list-main\\offer-list-main.tsx": {"path":"C:\\Project\\cities\\src\\components\\offer-list-main\\offer-list-main.tsx","statementMap":{"0":{"start":{"line":1,"column":0},"end":{"line":1,"column":31}},"1":{"start":{"line":2,"column":0},"end":{"line":2,"column":49}},"2":{"start":{"line":4,"column":22},"end":{"line":10,"column":1}},"3":{"start":{"line":5,"column":20},"end":{"line":5,"column":28}},"4":{"start":{"line":7,"column":2},"end":{"line":9,"column":4}},"5":{"start":{"line":12,"column":0},"end":{"line":12,"column":29}}},"fnMap":{"0":{"name":"(anonymous_0)","decl":{"start":{"line":4,"column":22},"end":{"line":4,"column":23}},"loc":{"start":{"line":4,"column":32},"end":{"line":10,"column":1}}}},"branchMap":{},"s":{"0":4,"1":4,"2":4,"3":10,"4":10,"5":4},"f":{"0":10},"b":{}}
,"C:\\Project\\cities\\src\\components\\offer-list-near\\offer-list-near.tsx": {"path":"C:\\Project\\cities\\src\\components\\offer-list-near\\offer-list-near.tsx","statementMap":{"0":{"start":{"line":1,"column":0},"end":{"line":1,"column":31}},"1":{"start":{"line":2,"column":0},"end":{"line":2,"column":49}},"2":{"start":{"line":4,"column":13},"end":{"line":10,"column":2}},"3":{"start":{"line":5,"column":20},"end":{"line":5,"column":26}},"4":{"start":{"line":7,"column":2},"end":{"line":9,"column":4}}},"fnMap":{"0":{"name":"(anonymous_0)","decl":{"start":{"line":4,"column":29},"end":{"line":4,"column":30}},"loc":{"start":{"line":4,"column":39},"end":{"line":10,"column":1}}}},"branchMap":{},"s":{"0":3,"1":3,"2":3,"3":4,"4":4},"f":{"0":4},"b":{}}
,"C:\\Project\\cities\\src\\components\\offer-list-saved\\offer-list-saved.tsx": {"path":"C:\\Project\\cities\\src\\components\\offer-list-saved\\offer-list-saved.tsx","statementMap":{"0":{"start":{"line":1,"column":0},"end":{"line":1,"column":31}},"1":{"start":{"line":2,"column":0},"end":{"line":2,"column":68}},"2":{"start":{"line":3,"column":0},"end":{"line":3,"column":49}},"3":{"start":{"line":4,"column":0},"end":{"line":4,"column":81}},"4":{"start":{"line":6,"column":0},"end":{"line":6,"column":34}},"5":{"start":{"line":15,"column":27},"end":{"line":15,"column":54}},"6":{"start":{"line":17,"column":55},"end":{"line":60,"column":1}},"7":{"start":{"line":19,"column":60},"end":{"line":19,"column":65}},"8":{"start":{"line":20,"column":20},"end":{"line":20,"column":31}},"9":{"start":{"line":22,"column":2},"end":{"line":58,"column":null}},"10":{"start":{"line":24,"column":26},"end":{"line":24,"column":51}},"11":{"start":{"line":25,"column":19},"end":{"line":25,"column":53}},"12":{"start":{"line":27,"column":4},"end":{"line":57,"column":6}},"13":{"start":{"line":30,"column":10},"end":{"line":53,"column":12}},"14":{"start":{"line":41,"column":18},"end":{"line":48,"column":null}},"15":{"start":{"line":59,"column":2},"end":{"line":59,"column":14}},"16":{"start":{"line":63,"column":0},"end":{"line":63,"column":30}}},"fnMap":{"0":{"name":"(anonymous_0)","decl":{"start":{"line":17,"column":55},"end":{"line":17,"column":56}},"loc":{"start":{"line":17,"column":72},"end":{"line":60,"column":1}}},"1":{"name":"(anonymous_1)","decl":{"start":{"line":29,"column":20},"end":{"line":29,"column":21}},"loc":{"start":{"line":29,"column":29},"end":{"line":54,"column":9}}},"2":{"name":"(anonymous_2)","decl":{"start":{"line":40,"column":46},"end":{"line":40,"column":47}},"loc":{"start":{"line":41,"column":18},"end":{"line":48,"column":null}}}},"branchMap":{"0":{"loc":{"start":{"line":22,"column":2},"end":{"line":58,"column":null}},"type":"if","locations":[{"start":{"line":22,"column":2},"end":{"line":58,"column":null}},{"start":{"line":22,"column":2},"end":{"line":58,"column":null}}]}},"s":{"0":4,"1":4,"2":4,"3":4,"4":4,"5":4,"6":4,"7":2,"8":2,"9":2,"10":2,"11":2,"12":2,"13":8,"14":8,"15":0,"16":4},"f":{"0":2,"1":8,"2":8},"b":{"0":[2,0]}}
,"C:\\Project\\cities\\src\\components\\offer-property\\offer-property.tsx": {"path":"C:\\Project\\cities\\src\\components\\offer-property\\offer-property.tsx","statementMap":{"0":{"start":{"line":1,"column":0},"end":{"line":1,"column":31}},"1":{"start":{"line":2,"column":0},"end":{"line":2,"column":70}},"2":{"start":{"line":3,"column":0},"end":{"line":3,"column":43}},"3":{"start":{"line":4,"column":0},"end":{"line":4,"column":55}},"4":{"start":{"line":5,"column":0},"end":{"line":5,"column":65}},"5":{"start":{"line":6,"column":0},"end":{"line":6,"column":55}},"6":{"start":{"line":7,"column":0},"end":{"line":7,"column":55}},"7":{"start":{"line":8,"column":0},"end":{"line":8,"column":49}},"8":{"start":{"line":9,"column":0},"end":{"line":9,"column":73}},"9":{"start":{"line":10,"column":0},"end":{"line":10,"column":52}},"10":{"start":{"line":14,"column":21},"end":{"line":19,"column":2}},"11":{"start":{"line":21,"column":28},"end":{"line":24,"column":2}},"12":{"start":{"line":52,"column":25},"end":{"line":52,"column":50}},"13":{"start":{"line":55,"column":54},"end":{"line":207,"column":1}},"14":{"start":{"line":57,"column":235},"end":{"line":57,"column":240}},"15":{"start":{"line":59,"column":13},"end":{"line":59,"column":39}},"16":{"start":{"line":61,"column":2},"end":{"line":63,"column":null}},"17":{"start":{"line":62,"column":4},"end":{"line":62,"column":22}},"18":{"start":{"line":65,"column":2},"end":{"line":205,"column":null}},"19":{"start":{"line":67,"column":18},"end":{"line":67,"column":79}},"20":{"start":{"line":67,"column":48},"end":{"line":67,"column":78}},"21":{"start":{"line":68,"column":111},"end":{"line":68,"column":116}},"22":{"start":{"line":69,"column":36},"end":{"line":69,"column":40}},"23":{"start":{"line":70,"column":31},"end":{"line":70,"column":81}},"24":{"start":{"line":73,"column":19},"end":{"line":73,"column":43}},"25":{"start":{"line":75,"column":4},"end":{"line":204,"column":6}},"26":{"start":{"line":87,"column":18},"end":{"line":91,"column":20}},"27":{"start":{"line":136,"column":22},"end":{"line":140,"column":24}},"28":{"start":{"line":206,"column":2},"end":{"line":206,"column":14}},"29":{"start":{"line":210,"column":0},"end":{"line":210,"column":29}}},"fnMap":{"0":{"name":"(anonymous_0)","decl":{"start":{"line":55,"column":54},"end":{"line":55,"column":55}},"loc":{"start":{"line":55,"column":71},"end":{"line":207,"column":1}}},"1":{"name":"(anonymous_1)","decl":{"start":{"line":67,"column":30},"end":{"line":67,"column":31}},"loc":{"start":{"line":67,"column":48},"end":{"line":67,"column":78}}},"2":{"name":"(anonymous_2)","decl":{"start":{"line":86,"column":28},"end":{"line":86,"column":29}},"loc":{"start":{"line":86,"column":41},"end":{"line":92,"column":17}}},"3":{"name":"(anonymous_3)","decl":{"start":{"line":135,"column":31},"end":{"line":135,"column":32}},"loc":{"start":{"line":135,"column":43},"end":{"line":141,"column":21}}}},"branchMap":{"0":{"loc":{"start":{"line":61,"column":2},"end":{"line":63,"column":null}},"type":"if","locations":[{"start":{"line":61,"column":2},"end":{"line":63,"column":null}},{"start":{"line":61,"column":2},"end":{"line":63,"column":null}}]},"1":{"loc":{"start":{"line":65,"column":2},"end":{"line":205,"column":null}},"type":"if","locations":[{"start":{"line":65,"column":2},"end":{"line":205,"column":null}},{"start":{"line":65,"column":2},"end":{"line":205,"column":null}}]},"2":{"loc":{"start":{"line":97,"column":29},"end":{"line":97,"column":87}},"type":"cond-expr","locations":[{"start":{"line":97,"column":29},"end":{"line":97,"column":87}},{"start":{"line":97,"column":90},"end":{"line":97,"column":92}}]},"3":{"loc":{"start":{"line":103,"column":53},"end":{"line":103,"column":121}},"type":"cond-expr","locations":[{"start":{"line":103,"column":53},"end":{"line":103,"column":121}},{"start":{"line":103,"column":124},"end":{"line":103,"column":158}}]},"4":{"loc":{"start":{"line":125,"column":64},"end":{"line":125,"column":91}},"type":"cond-expr","locations":[{"start":{"line":125,"column":64},"end":{"line":125,"column":91}},{"start":{"line":125,"column":94},"end":{"line":125,"column":96}}]},"5":{"loc":{"start":{"line":148,"column":46},"end":{"line":148,"column":123}},"type":"cond-expr","locations":[{"start":{"line":148,"column":46},"end":{"line":148,"column":123}},{"start":{"line":148,"column":126},"end":{"line":148,"column":173}}]},"6":{"loc":{"start":{"line":169,"column":20},"end":{"line":171,"column":null}},"type":"cond-expr","locations":[{"start":{"line":169,"column":20},"end":{"line":171,"column":null}},{"start":{"line":172,"column":25},"end":{"line":172,"column":27}}]},"7":{"loc":{"start":{"line":175,"column":20},"end":{"line":175,"column":34}},"type":"cond-expr","locations":[{"start":{"line":175,"column":20},"end":{"line":175,"column":34}},{"start":{"line":175,"column":37},"end":{"line":175,"column":39}}]},"8":{"loc":{"start":{"line":181,"column":16},"end":{"line":184,"column":null}},"type":"cond-expr","locations":[{"start":{"line":181,"column":16},"end":{"line":184,"column":null}},{"start":{"line":186,"column":16},"end":{"line":186,"column":18}}]}},"s":{"0":2,"1":2,"2":2,"3":2,"4":2,"5":2,"6":2,"7":2,"8":2,"9":2,"10":2,"11":2,"12":2,"13":2,"14":3,"15":3,"16":3,"17":3,"18":3,"19":3,"20":3,"21":3,"22":3,"23":3,"24":3,"25":3,"26":6,"27":21,"28":0,"29":2},"f":{"0":3,"1":3,"2":6,"3":21},"b":{"0":[3,0],"1":[3,0],"2":[3,0],"3":[0,3],"4":[3,0],"5":[3,0],"6":[2,1],"7":[0,3],"8":[3,0]}}
,"C:\\Project\\cities\\src\\components\\private-route\\private-route.tsx": {"path":"C:\\Project\\cities\\src\\components\\private-route\\private-route.tsx","statementMap":{"0":{"start":{"line":1,"column":0},"end":{"line":1,"column":31}},"1":{"start":{"line":2,"column":0},"end":{"line":2,"column":61}},"2":{"start":{"line":3,"column":0},"end":{"line":3,"column":36}},"3":{"start":{"line":4,"column":0},"end":{"line":4,"column":37}},"4":{"start":{"line":5,"column":0},"end":{"line":5,"column":60}},"5":{"start":{"line":6,"column":0},"end":{"line":6,"column":68}},"6":{"start":{"line":13,"column":53},"end":{"line":28,"column":1}},"7":{"start":{"line":14,"column":46},"end":{"line":14,"column":51}},"8":{"start":{"line":16,"column":2},"end":{"line":27,"column":4}},"9":{"start":{"line":20,"column":8},"end":{"line":24,"column":10}},"10":{"start":{"line":35,"column":8},"end":{"line":35,"column":20}},"11":{"start":{"line":30,"column":24},"end":{"line":32,"column":2}},"12":{"start":{"line":30,"column":36},"end":{"line":32,"column":2}},"13":{"start":{"line":36,"column":0},"end":{"line":36,"column":54}}},"fnMap":{"0":{"name":"(anonymous_0)","decl":{"start":{"line":13,"column":53},"end":{"line":13,"column":54}},"loc":{"start":{"line":13,"column":69},"end":{"line":28,"column":1}}},"1":{"name":"(anonymous_1)","decl":{"start":{"line":19,"column":14},"end":{"line":19,"column":17}},"loc":{"start":{"line":19,"column":19},"end":{"line":25,"column":7}}},"2":{"name":"(anonymous_2)","decl":{"start":{"line":30,"column":24},"end":{"line":30,"column":25}},"loc":{"start":{"line":30,"column":36},"end":{"line":32,"column":2}}}},"branchMap":{"0":{"loc":{"start":{"line":22,"column":14},"end":{"line":22,"column":22}},"type":"cond-expr","locations":[{"start":{"line":22,"column":14},"end":{"line":22,"column":22}},{"start":{"line":23,"column":14},"end":{"line":23,"column":46}}]}},"s":{"0":2,"1":2,"2":2,"3":2,"4":2,"5":2,"6":2,"7":1,"8":1,"9":0,"10":2,"11":2,"12":0,"13":2},"f":{"0":1,"1":0,"2":0},"b":{"0":[0,0]}}
,"C:\\Project\\cities\\src\\components\\review\\review.tsx": {"path":"C:\\Project\\cities\\src\\components\\review\\review.tsx","statementMap":{"0":{"start":{"line":1,"column":0},"end":{"line":1,"column":31}},"1":{"start":{"line":2,"column":0},"end":{"line":2,"column":46}},"2":{"start":{"line":10,"column":15},"end":{"line":23,"column":2}},"3":{"start":{"line":25,"column":34},"end":{"line":33,"column":1}},"4":{"start":{"line":27,"column":18},"end":{"line":27,"column":32}},"5":{"start":{"line":28,"column":16},"end":{"line":28,"column":46}},"6":{"start":{"line":29,"column":22},"end":{"line":29,"column":42}},"7":{"start":{"line":32,"column":2},"end":{"line":32,"column":64}},"8":{"start":{"line":35,"column":47},"end":{"line":65,"column":1}},"9":{"start":{"line":36,"column":19},"end":{"line":36,"column":24}},"10":{"start":{"line":37,"column":40},"end":{"line":37,"column":46}},"11":{"start":{"line":39,"column":29},"end":{"line":39,"column":78}},"12":{"start":{"line":41,"column":2},"end":{"line":64,"column":4}},"13":{"start":{"line":68,"column":0},"end":{"line":68,"column":22}}},"fnMap":{"0":{"name":"(anonymous_0)","decl":{"start":{"line":25,"column":34},"end":{"line":25,"column":35}},"loc":{"start":{"line":25,"column":43},"end":{"line":33,"column":1}}},"1":{"name":"(anonymous_1)","decl":{"start":{"line":35,"column":47},"end":{"line":35,"column":48}},"loc":{"start":{"line":35,"column":64},"end":{"line":65,"column":1}}}},"branchMap":{},"s":{"0":4,"1":4,"2":4,"3":4,"4":9,"5":9,"6":9,"7":9,"8":4,"9":9,"10":9,"11":9,"12":9,"13":4},"f":{"0":9,"1":9},"b":{}}
,"C:\\Project\\cities\\src\\components\\reviews-list\\reviews-list.tsx": {"path":"C:\\Project\\cities\\src\\components\\reviews-list\\reviews-list.tsx","statementMap":{"0":{"start":{"line":1,"column":0},"end":{"line":1,"column":31}},"1":{"start":{"line":2,"column":0},"end":{"line":2,"column":38}},"2":{"start":{"line":11,"column":20},"end":{"line":21,"column":1}},"3":{"start":{"line":12,"column":2},"end":{"line":20,"column":5}},"4":{"start":{"line":13,"column":4},"end":{"line":15,"column":null}},"5":{"start":{"line":14,"column":6},"end":{"line":14,"column":15}},"6":{"start":{"line":16,"column":4},"end":{"line":18,"column":null}},"7":{"start":{"line":17,"column":6},"end":{"line":17,"column":16}},"8":{"start":{"line":19,"column":4},"end":{"line":19,"column":13}},"9":{"start":{"line":23,"column":52},"end":{"line":37,"column":1}},"10":{"start":{"line":24,"column":20},"end":{"line":24,"column":25}},"11":{"start":{"line":26,"column":2},"end":{"line":36,"column":4}},"12":{"start":{"line":29,"column":8},"end":{"line":33,"column":14}},"13":{"start":{"line":40,"column":0},"end":{"line":40,"column":27}}},"fnMap":{"0":{"name":"(anonymous_0)","decl":{"start":{"line":11,"column":20},"end":{"line":11,"column":21}},"loc":{"start":{"line":11,"column":32},"end":{"line":21,"column":1}}},"1":{"name":"(anonymous_1)","decl":{"start":{"line":12,"column":22},"end":{"line":12,"column":23}},"loc":{"start":{"line":12,"column":31},"end":{"line":20,"column":3}}},"2":{"name":"(anonymous_2)","decl":{"start":{"line":23,"column":52},"end":{"line":23,"column":53}},"loc":{"start":{"line":23,"column":69},"end":{"line":37,"column":1}}},"3":{"name":"(anonymous_3)","decl":{"start":{"line":28,"column":32},"end":{"line":28,"column":33}},"loc":{"start":{"line":28,"column":43},"end":{"line":34,"column":7}}}},"branchMap":{"0":{"loc":{"start":{"line":13,"column":4},"end":{"line":15,"column":null}},"type":"if","locations":[{"start":{"line":13,"column":4},"end":{"line":15,"column":null}},{"start":{"line":13,"column":4},"end":{"line":15,"column":null}}]},"1":{"loc":{"start":{"line":16,"column":4},"end":{"line":18,"column":null}},"type":"if","locations":[{"start":{"line":16,"column":4},"end":{"line":18,"column":null}},{"start":{"line":16,"column":4},"end":{"line":18,"column":null}}]}},"s":{"0":3,"1":3,"2":3,"3":4,"4":4,"5":2,"6":2,"7":2,"8":0,"9":3,"10":4,"11":4,"12":8,"13":3},"f":{"0":4,"1":4,"2":4,"3":8},"b":{"0":[2,2],"1":[2,0]}}
,"C:\\Project\\cities\\src\\components\\user-block\\user-block.tsx": {"path":"C:\\Project\\cities\\src\\components\\user-block\\user-block.tsx","statementMap":{"0":{"start":{"line":1,"column":0},"end":{"line":1,"column":31}},"1":{"start":{"line":2,"column":0},"end":{"line":2,"column":46}},"2":{"start":{"line":3,"column":0},"end":{"line":3,"column":40}},"3":{"start":{"line":4,"column":0},"end":{"line":4,"column":39}},"4":{"start":{"line":13,"column":28},"end":{"line":16,"column":2}},"5":{"start":{"line":18,"column":18},"end":{"line":38,"column":1}},"6":{"start":{"line":19,"column":58},"end":{"line":19,"column":63}},"7":{"start":{"line":21,"column":2},"end":{"line":37,"column":4}},"8":{"start":{"line":26,"column":115},"end":{"line":26,"column":135}},"9":{"start":{"line":41,"column":0},"end":{"line":41,"column":25}}},"fnMap":{"0":{"name":"(anonymous_0)","decl":{"start":{"line":18,"column":18},"end":{"line":18,"column":19}},"loc":{"start":{"line":18,"column":35},"end":{"line":38,"column":1}}},"1":{"name":"(anonymous_1)","decl":{"start":{"line":26,"column":109},"end":{"line":26,"column":112}},"loc":{"start":{"line":26,"column":115},"end":{"line":26,"column":135}}}},"branchMap":{"0":{"loc":{"start":{"line":29,"column":100},"end":{"line":29,"column":104}},"type":"cond-expr","locations":[{"start":{"line":29,"column":100},"end":{"line":29,"column":104}},{"start":{"line":29,"column":107},"end":{"line":29,"column":116}}]}},"s":{"0":9,"1":9,"2":9,"3":9,"4":9,"5":9,"6":19,"7":19,"8":1,"9":9},"f":{"0":19,"1":1},"b":{"0":[8,11]}}
,"C:\\Project\\cities\\src\\hoc\\with-favorite-flag\\with-favorite-flag.tsx": {"path":"C:\\Project\\cities\\src\\hoc\\with-favorite-flag\\with-favorite-flag.tsx","statementMap":{"0":{"start":{"line":1,"column":0},"end":{"line":1,"column":31}},"1":{"start":{"line":13,"column":13},"end":{"line":48,"column":2}},"2":{"start":{"line":19,"column":6},"end":{"line":19,"column":19}},"3":{"start":{"line":21,"column":6},"end":{"line":21,"column":36}},"4":{"start":{"line":23,"column":6},"end":{"line":24,"column":47}},"5":{"start":{"line":26,"column":6},"end":{"line":27,"column":52}},"6":{"start":{"line":31,"column":6},"end":{"line":33,"column":8}},"7":{"start":{"line":32,"column":26},"end":{"line":32,"column":65}},"8":{"start":{"line":37,"column":6},"end":{"line":43,"column":8}},"9":{"start":{"line":47,"column":2},"end":{"line":47,"column":26}}},"fnMap":{"0":{"name":"(anonymous_0)","decl":{"start":{"line":13,"column":32},"end":{"line":13,"column":33}},"loc":{"start":{"line":13,"column":46},"end":{"line":48,"column":1}}},"1":{"name":"(anonymous_1)","decl":{"start":{"line":18,"column":4},"end":{"line":18,"column":16}},"loc":{"start":{"line":18,"column":21},"end":{"line":28,"column":5}}},"2":{"name":"(anonymous_2)","decl":{"start":{"line":30,"column":4},"end":{"line":30,"column":31}},"loc":{"start":{"line":30,"column":31},"end":{"line":34,"column":5}}},"3":{"name":"(anonymous_3)","decl":{"start":{"line":32,"column":10},"end":{"line":32,"column":11}},"loc":{"start":{"line":32,"column":26},"end":{"line":32,"column":65}}},"4":{"name":"(anonymous_4)","decl":{"start":{"line":36,"column":4},"end":{"line":36,"column":10}},"loc":{"start":{"line":36,"column":10},"end":{"line":44,"column":5}}}},"branchMap":{},"s":{"0":11,"1":11,"2":69,"3":69,"4":69,"5":69,"6":1,"7":1,"8":70,"9":12},"f":{"0":12,"1":69,"2":1,"3":1,"4":70},"b":{}}
,"C:\\Project\\cities\\src\\hoc\\with-form-review\\with-form-review.tsx": {"path":"C:\\Project\\cities\\src\\hoc\\with-form-review\\with-form-review.tsx","statementMap":{"0":{"start":{"line":1,"column":0},"end":{"line":1,"column":31}},"1":{"start":{"line":17,"column":23},"end":{"line":121,"column":1}},"2":{"start":{"line":21,"column":6},"end":{"line":21,"column":19}},"3":{"start":{"line":23,"column":6},"end":{"line":29,"column":8}},"4":{"start":{"line":31,"column":6},"end":{"line":32,"column":45}},"5":{"start":{"line":34,"column":6},"end":{"line":35,"column":45}},"6":{"start":{"line":37,"column":6},"end":{"line":38,"column":44}},"7":{"start":{"line":40,"column":6},"end":{"line":41,"column":42}},"8":{"start":{"line":43,"column":6},"end":{"line":43,"column":51}},"9":{"start":{"line":45,"column":6},"end":{"line":45,"column":51}},"10":{"start":{"line":49,"column":6},"end":{"line":51,"column":8}},"11":{"start":{"line":50,"column":17},"end":{"line":50,"column":32}},"12":{"start":{"line":52,"column":6},"end":{"line":52,"column":48}},"13":{"start":{"line":56,"column":6},"end":{"line":58,"column":8}},"14":{"start":{"line":57,"column":17},"end":{"line":57,"column":33}},"15":{"start":{"line":59,"column":6},"end":{"line":59,"column":49}},"16":{"start":{"line":63,"column":6},"end":{"line":71,"column":null}},"17":{"start":{"line":64,"column":8},"end":{"line":66,"column":10}},"18":{"start":{"line":65,"column":19},"end":{"line":65,"column":37}},"19":{"start":{"line":68,"column":8},"end":{"line":70,"column":10}},"20":{"start":{"line":69,"column":19},"end":{"line":69,"column":38}},"21":{"start":{"line":75,"column":6},"end":{"line":75,"column":27}},"22":{"start":{"line":76,"column":39},"end":{"line":76,"column":49}},"23":{"start":{"line":78,"column":6},"end":{"line":81,"column":47}},"24":{"start":{"line":85,"column":6},"end":{"line":90,"column":8}},"25":{"start":{"line":86,"column":26},"end":{"line":89,"column":12}},"26":{"start":{"line":94,"column":6},"end":{"line":100,"column":8}},"27":{"start":{"line":95,"column":17},"end":{"line":99,"column":12}},"28":{"start":{"line":104,"column":6},"end":{"line":116,"column":8}},"29":{"start":{"line":120,"column":2},"end":{"line":120,"column":24}},"30":{"start":{"line":123,"column":0},"end":{"line":123,"column":30}}},"fnMap":{"0":{"name":"(anonymous_0)","decl":{"start":{"line":17,"column":23},"end":{"line":17,"column":24}},"loc":{"start":{"line":17,"column":37},"end":{"line":121,"column":1}}},"1":{"name":"(anonymous_1)","decl":{"start":{"line":20,"column":4},"end":{"line":20,"column":16}},"loc":{"start":{"line":20,"column":21},"end":{"line":46,"column":5}}},"2":{"name":"(anonymous_2)","decl":{"start":{"line":48,"column":4},"end":{"line":48,"column":24}},"loc":{"start":{"line":48,"column":30},"end":{"line":53,"column":5}}},"3":{"name":"(anonymous_3)","decl":{"start":{"line":50,"column":10},"end":{"line":50,"column":13}},"loc":{"start":{"line":50,"column":17},"end":{"line":50,"column":32}}},"4":{"name":"(anonymous_4)","decl":{"start":{"line":55,"column":4},"end":{"line":55,"column":24}},"loc":{"start":{"line":55,"column":30},"end":{"line":60,"column":5}}},"5":{"name":"(anonymous_5)","decl":{"start":{"line":57,"column":10},"end":{"line":57,"column":13}},"loc":{"start":{"line":57,"column":17},"end":{"line":57,"column":33}}},"6":{"name":"(anonymous_6)","decl":{"start":{"line":62,"column":4},"end":{"line":62,"column":23}},"loc":{"start":{"line":62,"column":82},"end":{"line":72,"column":5}}},"7":{"name":"(anonymous_7)","decl":{"start":{"line":65,"column":12},"end":{"line":65,"column":15}},"loc":{"start":{"line":65,"column":19},"end":{"line":65,"column":37}}},"8":{"name":"(anonymous_8)","decl":{"start":{"line":69,"column":12},"end":{"line":69,"column":15}},"loc":{"start":{"line":69,"column":19},"end":{"line":69,"column":38}}},"9":{"name":"(anonymous_9)","decl":{"start":{"line":74,"column":4},"end":{"line":74,"column":21}},"loc":{"start":{"line":74,"column":25},"end":{"line":82,"column":5}}},"10":{"name":"(anonymous_10)","decl":{"start":{"line":84,"column":4},"end":{"line":84,"column":14}},"loc":{"start":{"line":84,"column":14},"end":{"line":91,"column":5}}},"11":{"name":"(anonymous_11)","decl":{"start":{"line":86,"column":10},"end":{"line":86,"column":11}},"loc":{"start":{"line":86,"column":26},"end":{"line":89,"column":12}}},"12":{"name":"(anonymous_12)","decl":{"start":{"line":93,"column":4},"end":{"line":93,"column":14}},"loc":{"start":{"line":93,"column":14},"end":{"line":101,"column":5}}},"13":{"name":"(anonymous_13)","decl":{"start":{"line":95,"column":10},"end":{"line":95,"column":13}},"loc":{"start":{"line":95,"column":17},"end":{"line":99,"column":12}}},"14":{"name":"(anonymous_14)","decl":{"start":{"line":103,"column":4},"end":{"line":103,"column":10}},"loc":{"start":{"line":103,"column":10},"end":{"line":117,"column":5}}}},"branchMap":{"0":{"loc":{"start":{"line":62,"column":34},"end":{"line":62,"column":51}},"type":"default-arg","locations":[{"start":{"line":62,"column":34},"end":{"line":62,"column":51}}]},"1":{"loc":{"start":{"line":62,"column":63},"end":{"line":62,"column":81}},"type":"default-arg","locations":[{"start":{"line":62,"column":63},"end":{"line":62,"column":81}}]},"2":{"loc":{"start":{"line":63,"column":6},"end":{"line":71,"column":null}},"type":"if","locations":[{"start":{"line":63,"column":6},"end":{"line":71,"column":null}},{"start":{"line":63,"column":6},"end":{"line":71,"column":null}}]},"3":{"loc":{"start":{"line":63,"column":10},"end":{"line":63,"column":20}},"type":"binary-expr","locations":[{"start":{"line":63,"column":10},"end":{"line":63,"column":20}},{"start":{"line":63,"column":24},"end":{"line":63,"column":43}}]}},"s":{"0":3,"1":3,"2":3,"3":3,"4":3,"5":3,"6":3,"7":3,"8":3,"9":3,"10":1,"11":1,"12":1,"13":2,"14":2,"15":2,"16":3,"17":1,"18":1,"19":2,"20":2,"21":0,"22":0,"23":0,"24":0,"25":0,"26":0,"27":0,"28":8,"29":3,"30":3},"f":{"0":3,"1":3,"2":1,"3":1,"4":2,"5":2,"6":3,"7":1,"8":2,"9":0,"10":0,"11":0,"12":0,"13":0,"14":8},"b":{"0":[2],"1":[1],"2":[1,2],"3":[3,2]}}
,"C:\\Project\\cities\\src\\hoc\\with-open-flag\\with-open-flag.tsx": {"path":"C:\\Project\\cities\\src\\hoc\\with-open-flag\\with-open-flag.tsx","statementMap":{"0":{"start":{"line":1,"column":0},"end":{"line":1,"column":31}},"1":{"start":{"line":13,"column":13},"end":{"line":44,"column":2}},"2":{"start":{"line":16,"column":2},"end":{"line":43,"column":4}},"3":{"start":{"line":18,"column":6},"end":{"line":18,"column":19}},"4":{"start":{"line":20,"column":6},"end":{"line":22,"column":8}},"5":{"start":{"line":24,"column":6},"end":{"line":25,"column":42}},"6":{"start":{"line":29,"column":6},"end":{"line":31,"column":8}},"7":{"start":{"line":30,"column":26},"end":{"line":30,"column":53}},"8":{"start":{"line":35,"column":6},"end":{"line":41,"column":8}}},"fnMap":{"0":{"name":"(anonymous_0)","decl":{"start":{"line":13,"column":28},"end":{"line":13,"column":29}},"loc":{"start":{"line":13,"column":42},"end":{"line":44,"column":1}}},"1":{"name":"(anonymous_1)","decl":{"start":{"line":17,"column":4},"end":{"line":17,"column":16}},"loc":{"start":{"line":17,"column":21},"end":{"line":26,"column":5}}},"2":{"name":"(anonymous_2)","decl":{"start":{"line":28,"column":4},"end":{"line":28,"column":21}},"loc":{"start":{"line":28,"column":21},"end":{"line":32,"column":5}}},"3":{"name":"(anonymous_3)","decl":{"start":{"line":30,"column":10},"end":{"line":30,"column":11}},"loc":{"start":{"line":30,"column":26},"end":{"line":30,"column":53}}},"4":{"name":"(anonymous_4)","decl":{"start":{"line":34,"column":4},"end":{"line":34,"column":10}},"loc":{"start":{"line":34,"column":10},"end":{"line":42,"column":5}}}},"branchMap":{},"s":{"0":4,"1":4,"2":4,"3":10,"4":10,"5":10,"6":2,"7":2,"8":12},"f":{"0":4,"1":10,"2":2,"3":2,"4":12},"b":{}}
,"C:\\Project\\cities\\src\\reducer\\name-space.js": {"path":"C:\\Project\\cities\\src\\reducer\\name-space.js","statementMap":{"0":{"start":{"line":1,"column":18},"end":{"line":7,"column":1}}},"fnMap":{},"branchMap":{},"s":{"0":2},"f":{},"b":{},"_coverageSchema":"1a1c01bbd47fc00a2c39e90264f33305004495a9","hash":"5bde823cb3d469a862eaf26be4f47ef9191eef11"}
,"C:\\Project\\cities\\src\\reducer\\data\\data.js": {"path":"C:\\Project\\cities\\src\\reducer\\data\\data.js","statementMap":{"0":{"start":{"line":6,"column":21},"end":{"line":13,"column":1}},"1":{"start":{"line":15,"column":19},"end":{"line":22,"column":1}},"2":{"start":{"line":24,"column":22},"end":{"line":54,"column":1}},"3":{"start":{"line":26,"column":4},"end":{"line":29,"column":6}},"4":{"start":{"line":28,"column":55},"end":{"line":28,"column":74}},"5":{"start":{"line":32,"column":4},"end":{"line":35,"column":6}},"6":{"start":{"line":34,"column":37},"end":{"line":34,"column":56}},"7":{"start":{"line":38,"column":4},"end":{"line":41,"column":5}},"8":{"start":{"line":43,"column":4},"end":{"line":46,"column":6}},"9":{"start":{"line":45,"column":55},"end":{"line":45,"column":74}},"10":{"start":{"line":49,"column":4},"end":{"line":52,"column":6}},"11":{"start":{"line":51,"column":37},"end":{"line":51,"column":56}},"12":{"start":{"line":56,"column":18},"end":{"line":83,"column":1}},"13":{"start":{"line":57,"column":20},"end":{"line":63,"column":3}},"14":{"start":{"line":58,"column":4},"end":{"line":62,"column":7}},"15":{"start":{"line":60,"column":6},"end":{"line":60,"column":58}},"16":{"start":{"line":61,"column":6},"end":{"line":61,"column":61}},"17":{"start":{"line":64,"column":28},"end":{"line":69,"column":3}},"18":{"start":{"line":65,"column":4},"end":{"line":68,"column":7}},"19":{"start":{"line":67,"column":6},"end":{"line":67,"column":66}},"20":{"start":{"line":70,"column":26},"end":{"line":75,"column":3}},"21":{"start":{"line":71,"column":4},"end":{"line":74,"column":7}},"22":{"start":{"line":73,"column":6},"end":{"line":73,"column":62}},"23":{"start":{"line":76,"column":64},"end":{"line":82,"column":3}},"24":{"start":{"line":77,"column":4},"end":{"line":81,"column":41}},"25":{"start":{"line":79,"column":6},"end":{"line":79,"column":31}},"26":{"start":{"line":81,"column":17},"end":{"line":81,"column":39}},"27":{"start":{"line":85,"column":16},"end":{"line":111,"column":1}},"28":{"start":{"line":86,"column":2},"end":{"line":109,"column":3}},"29":{"start":{"line":88,"column":6},"end":{"line":92,"column":9}},"30":{"start":{"line":94,"column":6},"end":{"line":96,"column":9}},"31":{"start":{"line":98,"column":6},"end":{"line":100,"column":9}},"32":{"start":{"line":102,"column":6},"end":{"line":104,"column":9}},"33":{"start":{"line":106,"column":6},"end":{"line":108,"column":9}},"34":{"start":{"line":110,"column":2},"end":{"line":110,"column":15}}},"fnMap":{"0":{"name":"(anonymous_0)","decl":{"start":{"line":25,"column":14},"end":{"line":25,"column":15}},"loc":{"start":{"line":25,"column":26},"end":{"line":30,"column":3}},"line":25},"1":{"name":"(anonymous_1)","decl":{"start":{"line":28,"column":44},"end":{"line":28,"column":45}},"loc":{"start":{"line":28,"column":55},"end":{"line":28,"column":74}},"line":28},"2":{"name":"(anonymous_2)","decl":{"start":{"line":31,"column":17},"end":{"line":31,"column":18}},"loc":{"start":{"line":31,"column":29},"end":{"line":36,"column":3}},"line":31},"3":{"name":"(anonymous_3)","decl":{"start":{"line":34,"column":26},"end":{"line":34,"column":27}},"loc":{"start":{"line":34,"column":37},"end":{"line":34,"column":56}},"line":34},"4":{"name":"(anonymous_4)","decl":{"start":{"line":37,"column":14},"end":{"line":37,"column":15}},"loc":{"start":{"line":38,"column":4},"end":{"line":41,"column":5}},"line":38},"5":{"name":"(anonymous_5)","decl":{"start":{"line":42,"column":22},"end":{"line":42,"column":23}},"loc":{"start":{"line":42,"column":34},"end":{"line":47,"column":3}},"line":42},"6":{"name":"(anonymous_6)","decl":{"start":{"line":45,"column":44},"end":{"line":45,"column":45}},"loc":{"start":{"line":45,"column":55},"end":{"line":45,"column":74}},"line":45},"7":{"name":"(anonymous_7)","decl":{"start":{"line":48,"column":18},"end":{"line":48,"column":19}},"loc":{"start":{"line":48,"column":30},"end":{"line":53,"column":3}},"line":48},"8":{"name":"(anonymous_8)","decl":{"start":{"line":51,"column":26},"end":{"line":51,"column":27}},"loc":{"start":{"line":51,"column":37},"end":{"line":51,"column":56}},"line":51},"9":{"name":"(anonymous_9)","decl":{"start":{"line":57,"column":14},"end":{"line":57,"column":15}},"loc":{"start":{"line":57,"column":20},"end":{"line":63,"column":3}},"line":57},"10":{"name":"(anonymous_10)","decl":{"start":{"line":57,"column":20},"end":{"line":57,"column":21}},"loc":{"start":{"line":57,"column":49},"end":{"line":63,"column":3}},"line":57},"11":{"name":"(anonymous_11)","decl":{"start":{"line":59,"column":10},"end":{"line":59,"column":11}},"loc":{"start":{"line":59,"column":24},"end":{"line":62,"column":5}},"line":59},"12":{"name":"(anonymous_12)","decl":{"start":{"line":64,"column":22},"end":{"line":64,"column":23}},"loc":{"start":{"line":64,"column":28},"end":{"line":69,"column":3}},"line":64},"13":{"name":"(anonymous_13)","decl":{"start":{"line":64,"column":28},"end":{"line":64,"column":29}},"loc":{"start":{"line":64,"column":57},"end":{"line":69,"column":3}},"line":64},"14":{"name":"(anonymous_14)","decl":{"start":{"line":66,"column":10},"end":{"line":66,"column":11}},"loc":{"start":{"line":66,"column":24},"end":{"line":68,"column":5}},"line":66},"15":{"name":"(anonymous_15)","decl":{"start":{"line":70,"column":18},"end":{"line":70,"column":19}},"loc":{"start":{"line":70,"column":26},"end":{"line":75,"column":3}},"line":70},"16":{"name":"(anonymous_16)","decl":{"start":{"line":70,"column":26},"end":{"line":70,"column":27}},"loc":{"start":{"line":70,"column":55},"end":{"line":75,"column":3}},"line":70},"17":{"name":"(anonymous_17)","decl":{"start":{"line":72,"column":10},"end":{"line":72,"column":11}},"loc":{"start":{"line":72,"column":24},"end":{"line":74,"column":5}},"line":72},"18":{"name":"(anonymous_18)","decl":{"start":{"line":76,"column":24},"end":{"line":76,"column":25}},"loc":{"start":{"line":76,"column":64},"end":{"line":82,"column":3}},"line":76},"19":{"name":"(anonymous_19)","decl":{"start":{"line":76,"column":64},"end":{"line":76,"column":65}},"loc":{"start":{"line":76,"column":93},"end":{"line":82,"column":3}},"line":76},"20":{"name":"(anonymous_20)","decl":{"start":{"line":78,"column":10},"end":{"line":78,"column":11}},"loc":{"start":{"line":78,"column":16},"end":{"line":80,"column":5}},"line":78},"21":{"name":"(anonymous_21)","decl":{"start":{"line":81,"column":11},"end":{"line":81,"column":12}},"loc":{"start":{"line":81,"column":17},"end":{"line":81,"column":39}},"line":81},"22":{"name":"(anonymous_22)","decl":{"start":{"line":85,"column":16},"end":{"line":85,"column":17}},"loc":{"start":{"line":85,"column":50},"end":{"line":111,"column":1}},"line":85}},"branchMap":{"0":{"loc":{"start":{"line":85,"column":17},"end":{"line":85,"column":37}},"type":"default-arg","locations":[{"start":{"line":85,"column":25},"end":{"line":85,"column":37}}],"line":85},"1":{"loc":{"start":{"line":86,"colu
[...]
,"C:\\Project\\cities\\src\\reducer\\data\\selector.js": {"path":"C:\\Project\\cities\\src\\reducer\\data\\selector.js","statementMap":{"0":{"start":{"line":5,"column":19},"end":{"line":5,"column":33}},"1":{"start":{"line":8,"column":25},"end":{"line":10,"column":1}},"2":{"start":{"line":9,"column":2},"end":{"line":9,"column":34}},"3":{"start":{"line":12,"column":23},"end":{"line":14,"column":1}},"4":{"start":{"line":13,"column":2},"end":{"line":13,"column":40}},"5":{"start":{"line":16,"column":25},"end":{"line":18,"column":1}},"6":{"start":{"line":17,"column":2},"end":{"line":17,"column":34}},"7":{"start":{"line":20,"column":28},"end":{"line":22,"column":1}},"8":{"start":{"line":21,"column":2},"end":{"line":21,"column":37}},"9":{"start":{"line":24,"column":32},"end":{"line":30,"column":1}},"10":{"start":{"line":28,"column":6},"end":{"line":28,"column":43}},"11":{"start":{"line":32,"column":33},"end":{"line":34,"column":1}},"12":{"start":{"line":33,"column":2},"end":{"line":33,"column":42}},"13":{"start":{"line":36,"column":29},"end":{"line":38,"column":1}},"14":{"start":{"line":37,"column":2},"end":{"line":37,"column":38}}},"fnMap":{"0":{"name":"(anonymous_0)","decl":{"start":{"line":8,"column":25},"end":{"line":8,"column":26}},"loc":{"start":{"line":8,"column":36},"end":{"line":10,"column":1}},"line":8},"1":{"name":"(anonymous_1)","decl":{"start":{"line":12,"column":23},"end":{"line":12,"column":24}},"loc":{"start":{"line":12,"column":34},"end":{"line":14,"column":1}},"line":12},"2":{"name":"(anonymous_2)","decl":{"start":{"line":16,"column":25},"end":{"line":16,"column":26}},"loc":{"start":{"line":16,"column":36},"end":{"line":18,"column":1}},"line":16},"3":{"name":"(anonymous_3)","decl":{"start":{"line":20,"column":28},"end":{"line":20,"column":29}},"loc":{"start":{"line":20,"column":39},"end":{"line":22,"column":1}},"line":20},"4":{"name":"(anonymous_4)","decl":{"start":{"line":27,"column":4},"end":{"line":27,"column":5}},"loc":{"start":{"line":27,"column":22},"end":{"line":29,"column":5}},"line":27},"5":{"name":"(anonymous_5)","decl":{"start":{"line":32,"column":33},"end":{"line":32,"column":34}},"loc":{"start":{"line":32,"column":44},"end":{"line":34,"column":1}},"line":32},"6":{"name":"(anonymous_6)","decl":{"start":{"line":36,"column":29},"end":{"line":36,"column":30}},"loc":{"start":{"line":36,"column":40},"end":{"line":38,"column":1}},"line":36}},"branchMap":{},"s":{"0":1,"1":1,"2":0,"3":1,"4":0,"5":1,"6":0,"7":1,"8":0,"9":1,"10":0,"11":1,"12":0,"13":1,"14":0},"f":{"0":0,"1":0,"2":0,"3":0,"4":0,"5":0,"6":0},"b":{},"_coverageSchema":"1a1c01bbd47fc00a2c39e90264f33305004495a9","hash":"8f92e78d75cce82d15702908df9bf5af0f37d018"}
,"C:\\Project\\cities\\src\\reducer\\error\\error.js": {"path":"C:\\Project\\cities\\src\\reducer\\error\\error.js","statementMap":{"0":{"start":{"line":3,"column":21},"end":{"line":5,"column":1}},"1":{"start":{"line":7,"column":19},"end":{"line":9,"column":1}},"2":{"start":{"line":11,"column":22},"end":{"line":18,"column":1}},"3":{"start":{"line":13,"column":4},"end":{"line":16,"column":5}},"4":{"start":{"line":20,"column":16},"end":{"line":28,"column":1}},"5":{"start":{"line":21,"column":2},"end":{"line":26,"column":3}},"6":{"start":{"line":23,"column":6},"end":{"line":25,"column":9}},"7":{"start":{"line":27,"column":2},"end":{"line":27,"column":15}}},"fnMap":{"0":{"name":"(anonymous_0)","decl":{"start":{"line":12,"column":12},"end":{"line":12,"column":13}},"loc":{"start":{"line":13,"column":4},"end":{"line":16,"column":5}},"line":13},"1":{"name":"(anonymous_1)","decl":{"start":{"line":20,"column":16},"end":{"line":20,"column":17}},"loc":{"start":{"line":20,"column":50},"end":{"line":28,"column":1}},"line":20}},"branchMap":{"0":{"loc":{"start":{"line":20,"column":17},"end":{"line":20,"column":37}},"type":"default-arg","locations":[{"start":{"line":20,"column":25},"end":{"line":20,"column":37}}],"line":20},"1":{"loc":{"start":{"line":21,"column":2},"end":{"line":26,"column":3}},"type":"switch","locations":[{"start":{"line":22,"column":4},"end":{"line":25,"column":9}}],"line":21}},"s":{"0":5,"1":5,"2":5,"3":1,"4":5,"5":2,"6":1,"7":1},"f":{"0":1,"1":2},"b":{"0":[1],"1":[1]},"_coverageSchema":"1a1c01bbd47fc00a2c39e90264f33305004495a9","hash":"75c2f723a2b2b0ce48cc671542dcc868e5be66da"}
,"C:\\Project\\cities\\src\\reducer\\error\\selector.js": {"path":"C:\\Project\\cities\\src\\reducer\\error\\selector.js","statementMap":{"0":{"start":{"line":3,"column":19},"end":{"line":3,"column":34}},"1":{"start":{"line":5,"column":30},"end":{"line":7,"column":1}},"2":{"start":{"line":6,"column":2},"end":{"line":6,"column":33}}},"fnMap":{"0":{"name":"(anonymous_0)","decl":{"start":{"line":5,"column":30},"end":{"line":5,"column":31}},"loc":{"start":{"line":5,"column":41},"end":{"line":7,"column":1}},"line":5}},"branchMap":{},"s":{"0":1,"1":1,"2":0},"f":{"0":0},"b":{},"_coverageSchema":"1a1c01bbd47fc00a2c39e90264f33305004495a9","hash":"f84bf671a4dec18d84a4c4ea2df38370df927716"}
,"C:\\Project\\cities\\src\\reducer\\review\\review.js": {"path":"C:\\Project\\cities\\src\\reducer\\review\\review.js","statementMap":{"0":{"start":{"line":6,"column":21},"end":{"line":8,"column":1}},"1":{"start":{"line":10,"column":19},"end":{"line":12,"column":1}},"2":{"start":{"line":14,"column":22},"end":{"line":21,"column":1}},"3":{"start":{"line":16,"column":4},"end":{"line":19,"column":6}},"4":{"start":{"line":18,"column":39},"end":{"line":18,"column":60}},"5":{"start":{"line":23,"column":18},"end":{"line":46,"column":1}},"6":{"start":{"line":24,"column":23},"end":{"line":29,"column":3}},"7":{"start":{"line":25,"column":4},"end":{"line":28,"column":7}},"8":{"start":{"line":27,"column":6},"end":{"line":27,"column":59}},"9":{"start":{"line":30,"column":56},"end":{"line":45,"column":3}},"10":{"start":{"line":31,"column":4},"end":{"line":31,"column":46}},"11":{"start":{"line":32,"column":4},"end":{"line":32,"column":16}},"12":{"start":{"line":33,"column":4},"end":{"line":44,"column":7}},"13":{"start":{"line":38,"column":6},"end":{"line":38,"column":57}},"14":{"start":{"line":39,"column":6},"end":{"line":39,"column":18}},"15":{"start":{"line":40,"column":6},"end":{"line":40,"column":18}},"16":{"start":{"line":43,"column":6},"end":{"line":43,"column":18}},"17":{"start":{"line":48,"column":16},"end":{"line":56,"column":1}},"18":{"start":{"line":49,"column":2},"end":{"line":54,"column":3}},"19":{"start":{"line":51,"column":6},"end":{"line":53,"column":9}},"20":{"start":{"line":55,"column":2},"end":{"line":55,"column":15}}},"fnMap":{"0":{"name":"(anonymous_0)","decl":{"start":{"line":15,"column":15},"end":{"line":15,"column":16}},"loc":{"start":{"line":15,"column":28},"end":{"line":20,"column":3}},"line":15},"1":{"name":"(anonymous_1)","decl":{"start":{"line":18,"column":27},"end":{"line":18,"column":28}},"loc":{"start":{"line":18,"column":39},"end":{"line":18,"column":60}},"line":18},"2":{"name":"(anonymous_2)","decl":{"start":{"line":24,"column":15},"end":{"line":24,"column":16}},"loc":{"start":{"line":24,"column":23},"end":{"line":29,"column":3}},"line":24},"3":{"name":"(anonymous_3)","decl":{"start":{"line":24,"column":23},"end":{"line":24,"column":24}},"loc":{"start":{"line":24,"column":52},"end":{"line":29,"column":3}},"line":24},"4":{"name":"(anonymous_4)","decl":{"start":{"line":26,"column":10},"end":{"line":26,"column":11}},"loc":{"start":{"line":26,"column":24},"end":{"line":28,"column":5}},"line":26},"5":{"name":"(anonymous_5)","decl":{"start":{"line":30,"column":13},"end":{"line":30,"column":14}},"loc":{"start":{"line":30,"column":56},"end":{"line":45,"column":3}},"line":30},"6":{"name":"(anonymous_6)","decl":{"start":{"line":30,"column":56},"end":{"line":30,"column":57}},"loc":{"start":{"line":30,"column":85},"end":{"line":45,"column":3}},"line":30},"7":{"name":"(anonymous_7)","decl":{"start":{"line":37,"column":10},"end":{"line":37,"column":11}},"loc":{"start":{"line":37,"column":24},"end":{"line":41,"column":5}},"line":37},"8":{"name":"(anonymous_8)","decl":{"start":{"line":42,"column":11},"end":{"line":42,"column":12}},"loc":{"start":{"line":42,"column":17},"end":{"line":44,"column":5}},"line":42},"9":{"name":"(anonymous_9)","decl":{"start":{"line":48,"column":16},"end":{"line":48,"column":17}},"loc":{"start":{"line":48,"column":50},"end":{"line":56,"column":1}},"line":48}},"branchMap":{"0":{"loc":{"start":{"line":48,"column":17},"end":{"line":48,"column":37}},"type":"default-arg","locations":[{"start":{"line":48,"column":25},"end":{"line":48,"column":37}}],"line":48},"1":{"loc":{"start":{"line":49,"column":2},"end":{"line":54,"column":3}},"type":"switch","locations":[{"start":{"line":50,"column":4},"end":{"line":53,"column":9}}],"line":49}},"s":{"0":2,"1":2,"2":2,"3":2,"4":2,"5":2,"6":1,"7":1,"8":1,"9":1,"10":1,"11":1,"12":1,"13":1,"14":1,"15":1,"16":0,"17":2,"18":1,"19":0,"20":1},"f":{"0":2,"1":2,"2":1,"3":1,"4":1,"5":1,"6":1,"7":1,"8":0,"9":1},"b":{"0":[1],"1":[0]},"_coverageSchema":"1a1c01bbd47fc00a2c39e90264f33305004495a9","hash":"e7e7e4ae3ef1d8f9ca42700f513e05cd3ffbab86"}
,"C:\\Project\\cities\\src\\reducer\\review\\selector.js": {"path":"C:\\Project\\cities\\src\\reducer\\review\\selector.js","statementMap":{"0":{"start":{"line":3,"column":19},"end":{"line":3,"column":35}},"1":{"start":{"line":5,"column":26},"end":{"line":7,"column":1}},"2":{"start":{"line":6,"column":2},"end":{"line":6,"column":35}}},"fnMap":{"0":{"name":"(anonymous_0)","decl":{"start":{"line":5,"column":26},"end":{"line":5,"column":27}},"loc":{"start":{"line":5,"column":37},"end":{"line":7,"column":1}},"line":5}},"branchMap":{},"s":{"0":1,"1":1,"2":0},"f":{"0":0},"b":{},"_coverageSchema":"1a1c01bbd47fc00a2c39e90264f33305004495a9","hash":"6ab346cba0b82daafec95806824018719a7861d5"}
,"C:\\Project\\cities\\src\\reducer\\state\\selector.js": {"path":"C:\\Project\\cities\\src\\reducer\\state\\selector.js","statementMap":{"0":{"start":{"line":3,"column":19},"end":{"line":3,"column":34}},"1":{"start":{"line":5,"column":33},"end":{"line":7,"column":1}},"2":{"start":{"line":6,"column":2},"end":{"line":6,"column":42}},"3":{"start":{"line":9,"column":35},"end":{"line":11,"column":1}},"4":{"start":{"line":10,"column":2},"end":{"line":10,"column":44}},"5":{"start":{"line":13,"column":32},"end":{"line":15,"column":1}},"6":{"start":{"line":14,"column":2},"end":{"line":14,"column":37}}},"fnMap":{"0":{"name":"(anonymous_0)","decl":{"start":{"line":5,"column":33},"end":{"line":5,"column":34}},"loc":{"start":{"line":5,"column":44},"end":{"line":7,"column":1}},"line":5},"1":{"name":"(anonymous_1)","decl":{"start":{"line":9,"column":35},"end":{"line":9,"column":36}},"loc":{"start":{"line":9,"column":46},"end":{"line":11,"column":1}},"line":9},"2":{"name":"(anonymous_2)","decl":{"start":{"line":13,"column":32},"end":{"line":13,"column":33}},"loc":{"start":{"line":13,"column":43},"end":{"line":15,"column":1}},"line":13}},"branchMap":{},"s":{"0":1,"1":1,"2":0,"3":1,"4":0,"5":1,"6":0},"f":{"0":0,"1":0,"2":0},"b":{},"_coverageSchema":"1a1c01bbd47fc00a2c39e90264f33305004495a9","hash":"f7acc733773af96fadfbd7d56245b5bc9af994ec"}
,"C:\\Project\\cities\\src\\reducer\\state\\state.js": {"path":"C:\\Project\\cities\\src\\reducer\\state\\state.js","statementMap":{"0":{"start":{"line":3,"column":21},"end":{"line":6,"column":1}},"1":{"start":{"line":8,"column":19},"end":{"line":11,"column":1}},"2":{"start":{"line":13,"column":22},"end":{"line":23,"column":1}},"3":{"start":{"line":15,"column":4},"end":{"line":18,"column":5}},"4":{"start":{"line":19,"column":25},"end":{"line":22,"column":3}},"5":{"start":{"line":25,"column":16},"end":{"line":37,"column":1}},"6":{"start":{"line":26,"column":2},"end":{"line":35,"column":3}},"7":{"start":{"line":28,"column":6},"end":{"line":30,"column":9}},"8":{"start":{"line":32,"column":6},"end":{"line":34,"column":9}},"9":{"start":{"line":36,"column":2},"end":{"line":36,"column":15}}},"fnMap":{"0":{"name":"(anonymous_0)","decl":{"start":{"line":14,"column":16},"end":{"line":14,"column":17}},"loc":{"start":{"line":15,"column":4},"end":{"line":18,"column":5}},"line":15},"1":{"name":"(anonymous_1)","decl":{"start":{"line":19,"column":16},"end":{"line":19,"column":17}},"loc":{"start":{"line":19,"column":25},"end":{"line":22,"column":3}},"line":19},"2":{"name":"(anonymous_2)","decl":{"start":{"line":25,"column":16},"end":{"line":25,"column":17}},"loc":{"start":{"line":25,"column":50},"end":{"line":37,"column":1}},"line":25}},"branchMap":{"0":{"loc":{"start":{"line":25,"column":17},"end":{"line":25,"column":37}},"type":"default-arg","locations":[{"start":{"line":25,"column":25},"end":{"line":25,"column":37}}],"line":25},"1":{"loc":{"start":{"line":26,"column":2},"end":{"line":35,"column":3}},"type":"switch","locations":[{"start":{"line":27,"column":4},"end":{"line":30,"column":9}},{"start":{"line":31,"column":4},"end":{"line":34,"column":9}}],"line":26}},"s":{"0":2,"1":2,"2":2,"3":1,"4":1,"5":2,"6":3,"7":1,"8":1,"9":1},"f":{"0":1,"1":1,"2":3},"b":{"0":[1],"1":[1,1]},"_coverageSchema":"1a1c01bbd47fc00a2c39e90264f33305004495a9","hash":"50d08a2a8cdddde9e71db6683d32a280a8bcf711"}
,"C:\\Project\\cities\\src\\reducer\\user\\selectors.js": {"path":"C:\\Project\\cities\\src\\reducer\\user\\selectors.js","statementMap":{"0":{"start":{"line":3,"column":19},"end":{"line":3,"column":33}},"1":{"start":{"line":6,"column":38},"end":{"line":8,"column":1}},"2":{"start":{"line":7,"column":2},"end":{"line":7,"column":47}},"3":{"start":{"line":10,"column":27},"end":{"line":12,"column":1}},"4":{"start":{"line":11,"column":2},"end":{"line":11,"column":32}},"5":{"start":{"line":14,"column":25},"end":{"line":16,"column":1}},"6":{"start":{"line":15,"column":2},"end":{"line":15,"column":30}}},"fnMap":{"0":{"name":"(anonymous_0)","decl":{"start":{"line":6,"column":38},"end":{"line":6,"column":39}},"loc":{"start":{"line":6,"column":49},"end":{"line":8,"column":1}},"line":6},"1":{"name":"(anonymous_1)","decl":{"start":{"line":10,"column":27},"end":{"line":10,"column":28}},"loc":{"start":{"line":10,"column":38},"end":{"line":12,"column":1}},"line":10},"2":{"name":"(anonymous_2)","decl":{"start":{"line":14,"column":25},"end":{"line":14,"column":26}},"loc":{"start":{"line":14,"column":36},"end":{"line":16,"column":1}},"line":14}},"branchMap":{},"s":{"0":2,"1":2,"2":0,"3":2,"4":0,"5":2,"6":0},"f":{"0":0,"1":0,"2":0},"b":{},"_coverageSchema":"1a1c01bbd47fc00a2c39e90264f33305004495a9","hash":"4e918a0af62bae0e4e8114e551d5826ce4cf5679"}
,"C:\\Project\\cities\\src\\reducer\\user\\user.js": {"path":"C:\\Project\\cities\\src\\reducer\\user\\user.js","statementMap":{"0":{"start":{"line":6,"column":28},"end":{"line":9,"column":1}},"1":{"start":{"line":11,"column":21},"end":{"line":15,"column":1}},"2":{"start":{"line":17,"column":19},"end":{"line":20,"column":1}},"3":{"start":{"line":22,"column":22},"end":{"line":36,"column":1}},"4":{"start":{"line":24,"column":4},"end":{"line":27,"column":6}},"5":{"start":{"line":30,"column":4},"end":{"line":33,"column":6}},"6":{"start":{"line":38,"column":16},"end":{"line":51,"column":1}},"7":{"start":{"line":39,"column":2},"end":{"line":49,"column":3}},"8":{"start":{"line":41,"column":6},"end":{"line":43,"column":9}},"9":{"start":{"line":45,"column":6},"end":{"line":48,"column":9}},"10":{"start":{"line":50,"column":2},"end":{"line":50,"column":15}},"11":{"start":{"line":53,"column":18},"end":{"line":85,"column":1}},"12":{"start":{"line":54,"column":19},"end":{"line":64,"column":3}},"13":{"start":{"line":55,"column":4},"end":{"line":63,"column":9}},"14":{"start":{"line":57,"column":8},"end":{"line":57,"column":80}},"15":{"start":{"line":58,"column":8},"end":{"line":58,"column":61}},"16":{"start":{"line":62,"column":8},"end":{"line":62,"column":18}},"17":{"start":{"line":66,"column":23},"end":{"line":84,"column":3}},"18":{"start":{"line":67,"column":4},"end":{"line":83,"column":6}},"19":{"start":{"line":72,"column":6},"end":{"line":72,"column":78}},"20":{"start":{"line":73,"column":6},"end":{"line":73,"column":59}},"21":{"start":{"line":74,"column":6},"end":{"line":74,"column":24}},"22":{"start":{"line":77,"column":6},"end":{"line":79,"column":7}},"23":{"start":{"line":78,"column":8},"end":{"line":78,"column":70}}},"fnMap":{"0":{"name":"(anonymous_0)","decl":{"start":{"line":23,"column":25},"end":{"line":23,"column":26}},"loc":{"start":{"line":23,"column":37},"end":{"line":28,"column":3}},"line":23},"1":{"name":"(anonymous_1)","decl":{"start":{"line":29,"column":17},"end":{"line":29,"column":18}},"loc":{"start":{"line":29,"column":27},"end":{"line":34,"column":3}},"line":29},"2":{"name":"(anonymous_2)","decl":{"start":{"line":38,"column":16},"end":{"line":38,"column":17}},"loc":{"start":{"line":38,"column":50},"end":{"line":51,"column":1}},"line":38},"3":{"name":"(anonymous_3)","decl":{"start":{"line":54,"column":13},"end":{"line":54,"column":14}},"loc":{"start":{"line":54,"column":19},"end":{"line":64,"column":3}},"line":54},"4":{"name":"(anonymous_4)","decl":{"start":{"line":54,"column":19},"end":{"line":54,"column":20}},"loc":{"start":{"line":54,"column":48},"end":{"line":64,"column":3}},"line":54},"5":{"name":"(anonymous_5)","decl":{"start":{"line":56,"column":12},"end":{"line":56,"column":13}},"loc":{"start":{"line":56,"column":26},"end":{"line":59,"column":7}},"line":56},"6":{"name":"(anonymous_6)","decl":{"start":{"line":60,"column":13},"end":{"line":60,"column":14}},"loc":{"start":{"line":60,"column":22},"end":{"line":63,"column":7}},"line":60},"7":{"name":"(anonymous_7)","decl":{"start":{"line":66,"column":9},"end":{"line":66,"column":10}},"loc":{"start":{"line":66,"column":23},"end":{"line":84,"column":3}},"line":66},"8":{"name":"(anonymous_8)","decl":{"start":{"line":66,"column":23},"end":{"line":66,"column":24}},"loc":{"start":{"line":66,"column":52},"end":{"line":84,"column":3}},"line":66},"9":{"name":"(anonymous_9)","decl":{"start":{"line":71,"column":10},"end":{"line":71,"column":11}},"loc":{"start":{"line":71,"column":24},"end":{"line":75,"column":5}},"line":71},"10":{"name":"(anonymous_10)","decl":{"start":{"line":76,"column":11},"end":{"line":76,"column":12}},"loc":{"start":{"line":76,"column":25},"end":{"line":80,"column":5}},"line":76}},"branchMap":{"0":{"loc":{"start":{"line":38,"column":17},"end":{"line":38,"column":37}},"type":"default-arg","locations":[{"start":{"line":38,"column":25},"end":{"line":38,"column":37}}],"line":38},"1":{"loc":{"start":{"line":39,"column":2},"end":{"line":49,"column":3}},"type":"switch","locations":[{"start":{"line":40,"column":4},"end":{"line":43,"column":9}},{"start":{"line":44,"column":4},"end":{"line":48,"column":9}}],"line":39},"2":{"loc":{"start":{"line":77,"column":6},"end":{"line":79,"column":7}},"type":"if","locations":[{"start":{"line":77,"column":6},"end":{"line":79,"column":7}},{"start":{"line":77,"column":6},"end":{"line":79,"column":7}}],"line":77}},"s":{"0":3,"1":3,"2":3,"3":3,"4":4,"5":2,"6":3,"7":6,"8":4,"9":1,"10":1,"11":3,"12":1,"13":1,"14":1,"15":1,"16":0,"17":1,"18":1,"19":1,"20":1,"21":1,"22":0,"23":0},"f":{"0":4,"1":2,"2":6,"3":1,"4":1,"5":1,"6":0,"7":1,"8":1,"9":1,"10":0},"b":{"0":[1],"1":[4,1],"2":[0,0]},"_coverageSchema":"1a1c01bbd47fc00a2c39e90264f33305004495a9","hash":"a0d409c5640485edd411e0eab3c2581617fb4b0a"}
}
