TN:
SF:src\api.js
FN:7,(anonymous_0)
FN:15,(anonymous_1)
FN:19,(anonymous_2)
FNF:3
FNH:2
FNDA:1,(anonymous_0)
FNDA:1,(anonymous_1)
FNDA:0,(anonymous_2)
DA:3,1
DA:7,1
DA:8,1
DA:15,1
DA:16,1
DA:19,1
DA:20,0
DA:22,0
DA:23,0
DA:24,0
DA:26,0
DA:28,1
DA:30,1
LF:13
LH:8
BRDA:22,0,0,0
BRDA:22,0,1,0
BRF:2
BRH:0
end_of_record
TN:
SF:src\common.js
FN:4,(anonymous_0)
FN:8,(anonymous_1)
FN:12,(anonymous_2)
FN:16,(anonymous_3)
FN:17,(anonymous_4)
FN:20,(anonymous_5)
FN:24,(anonymous_6)
FN:26,(anonymous_7)
FN:35,(anonymous_8)
FN:38,(anonymous_9)
FN:40,(anonymous_10)
FN:42,(anonymous_11)
FN:47,(anonymous_12)
FN:48,(anonymous_13)
FNF:14
FNH:7
FNDA:75,(anonymous_0)
FNDA:0,(anonymous_1)
FNDA:7,(anonymous_2)
FNDA:0,(anonymous_3)
FNDA:0,(anonymous_4)
FNDA:0,(anonymous_5)
FNDA:2,(anonymous_6)
FNDA:4,(anonymous_7)
FNDA:9,(anonymous_8)
FNDA:0,(anonymous_9)
FNDA:0,(anonymous_10)
FNDA:0,(anonymous_11)
FNDA:4,(anonymous_12)
FNDA:10,(anonymous_13)
DA:4,16
DA:5,75
DA:8,16
DA:9,0
DA:12,16
DA:13,7
DA:16,16
DA:17,0
DA:20,16
DA:21,0
DA:24,16
DA:25,2
DA:26,2
DA:27,4
DA:32,2
DA:35,16
DA:36,9
DA:38,0
DA:40,0
DA:42,0
DA:44,9
DA:47,16
DA:48,4
DA:49,10
DA:51,9
DA:52,5
DA:54,9
DA:56,9
LF:28
LH:22
BRDA:36,0,0,0
BRDA:36,0,1,0
BRDA:36,0,2,0
BRDA:51,1,0,5
BRDA:51,1,1,4
BRF:5
BRH:2
end_of_record
TN:
SF:src\const.js
FNF:0
FNH:0
DA:1,18
DA:3,18
DA:23,18
LF:3
LH:3
BRF:0
BRH:0
end_of_record
TN:
SF:src\adapter\offers.js
FN:1,(anonymous_0)
FNF:1
FNH:1
FNDA:1,(anonymous_0)
DA:1,2
DA:2,1
LF:2
LH:2
BRF:0
BRH:0
end_of_record
TN:
SF:src\adapter\reviews.js
FNF:0
FNH:0
DA:1,2
LF:1
LH:1
BRF:0
BRH:0
end_of_record
TN:
SF:src\components\app\app.jsx
FN:21,(anonymous_0)
FN:26,(anonymous_1)
FN:33,(anonymous_2)
FN:90,(anonymous_3)
FN:102,(anonymous_4)
FN:104,(anonymous_5)
FN:105,(anonymous_6)
FN:122,(anonymous_7)
FN:171,(anonymous_8)
FN:185,(anonymous_9)
FN:186,(anonymous_10)
FN:189,(anonymous_11)
FN:192,(anonymous_12)
FN:195,(anonymous_13)
FN:198,(anonymous_14)
FN:201,(anonymous_15)
FN:204,(anonymous_16)
FN:210,(anonymous_17)
FNF:18
FNH:5
FNDA:4,(anonymous_0)
FNDA:14,(anonymous_1)
FNDA:4,(anonymous_2)
FNDA:4,(anonymous_3)
FNDA:16,(anonymous_4)
FNDA:0,(anonymous_5)
FNDA:0,(anonymous_6)
FNDA:0,(anonymous_7)
FNDA:0,(anonymous_8)
FNDA:0,(anonymous_9)
FNDA:0,(anonymous_10)
FNDA:0,(anonymous_11)
FNDA:0,(anonymous_12)
FNDA:0,(anonymous_13)
FNDA:0,(anonymous_14)
FNDA:0,(anonymous_15)
FNDA:0,(anonymous_16)
FNDA:0,(anonymous_17)
DA:23,4
DA:25,4
DA:26,14
DA:29,4
DA:30,1
DA:33,4
DA:47,3
DA:48,1
DA:54,2
DA:55,1
DA:65,1
DA:66,1
DA:87,0
DA:91,4
DA:92,4
DA:102,16
DA:131,1
DA:171,1
DA:185,1
DA:187,0
DA:190,0
DA:193,0
DA:196,0
DA:199,0
DA:202,0
DA:205,0
DA:206,0
DA:207,0
DA:211,0
DA:212,0
DA:214,0
LF:31
LH:18
BRDA:25,0,0,4
BRDA:25,0,1,0
BRDA:29,1,0,1
BRDA:29,1,1,3
BRDA:47,2,0,1
BRDA:47,2,1,2
BRDA:54,3,0,1
BRDA:54,3,1,1
BRDA:65,4,0,1
BRDA:65,4,1,0
BRDA:99,5,0,4
BRDA:99,5,1,0
BRDA:211,6,0,0
BRDA:211,6,1,0
BRF:14
BRH:9
end_of_record
TN:
SF:src\components\city-list\city-list.jsx
FN:4,(anonymous_0)
FN:6,(anonymous_1)
FN:10,(anonymous_2)
FN:12,(anonymous_3)
FNF:4
FNH:4
FNDA:10,(anonymous_0)
FNDA:20,(anonymous_1)
FNDA:20,(anonymous_2)
FNDA:2,(anonymous_3)
DA:4,5
DA:5,10
DA:6,20
DA:8,10
DA:11,20
DA:12,2
DA:21,5
LF:7
LH:7
BRDA:12,0,0,10
BRDA:12,0,1,10
BRF:2
BRH:2
end_of_record
TN:
SF:src\components\filter-list.jsx\filter-list.jsx
FN:8,(anonymous_0)
FN:14,(anonymous_1)
FN:20,(anonymous_2)
FN:30,(anonymous_3)
FN:32,(anonymous_4)
FN:41,(anonymous_5)
FNF:6
FNH:4
FNDA:10,(anonymous_0)
FNDA:10,(anonymous_1)
FNDA:0,(anonymous_2)
FNDA:40,(anonymous_3)
FNDA:8,(anonymous_4)
FNDA:0,(anonymous_5)
DA:9,10
DA:11,10
DA:15,10
DA:17,10
DA:21,0
DA:22,0
DA:31,40
DA:32,8
DA:42,0
DA:44,0
DA:45,0
DA:47,0
DA:48,0
DA:50,0
DA:55,5
LF:15
LH:7
BRDA:29,0,0,0
BRDA:29,0,1,10
BRDA:32,1,0,0
BRDA:32,1,1,40
BRDA:47,2,0,0
BRDA:47,2,1,0
BRF:6
BRH:2
end_of_record
TN:
SF:src\components\header-block\header-block.jsx
FN:7,(anonymous_0)
FN:14,(anonymous_1)
FNF:2
FNH:1
FNDA:15,(anonymous_0)
FNDA:0,(anonymous_1)
DA:7,7
DA:8,15
DA:9,15
DA:29,7
LF:4
LH:4
BRF:0
BRH:0
end_of_record
TN:
SF:src\components\login-page\login-page.jsx
FN:12,(anonymous_0)
FN:21,(anonymous_1)
FN:32,(anonymous_2)
FN:38,(anonymous_3)
FNF:4
FNH:2
FNDA:2,(anonymous_0)
FNDA:0,(anonymous_1)
FNDA:2,(anonymous_2)
FNDA:0,(anonymous_3)
DA:6,2
DA:13,2
DA:15,2
DA:16,2
DA:18,2
DA:22,0
DA:24,0
DA:26,0
DA:34,2
DA:70,2
LF:10
LH:7
BRF:0
BRH:0
end_of_record
TN:
SF:src\components\main\main.jsx
FN:14,(anonymous_0)
FN:64,(anonymous_1)
FNF:2
FNH:2
FNDA:8,(anonymous_0)
FNDA:16,(anonymous_1)
DA:12,3
DA:14,3
DA:15,8
DA:17,8
DA:18,8
DA:20,8
DA:64,16
DA:78,3
LF:8
LH:8
BRDA:27,0,0,0
BRDA:27,0,1,8
BRDA:40,1,0,0
BRDA:40,1,1,8
BRDA:44,2,0,8
BRDA:44,2,1,0
BRF:6
BRH:3
end_of_record
TN:
SF:src\components\main-empty\main-empty.jsx
FN:4,(anonymous_0)
FNF:1
FNH:1
FNDA:1,(anonymous_0)
DA:4,4
DA:5,1
DA:6,1
DA:19,4
LF:4
LH:4
BRF:0
BRH:0
end_of_record
TN:
SF:src\components\map\map.jsx
FN:7,(anonymous_0)
FN:11,(anonymous_1)
FN:13,(anonymous_2)
FN:41,(anonymous_3)
FN:63,(anonymous_4)
FNF:5
FNH:4
FNDA:9,(anonymous_0)
FNDA:9,(anonymous_1)
FNDA:36,(anonymous_2)
FNDA:36,(anonymous_3)
FNDA:0,(anonymous_4)
DA:8,9
DA:12,9
DA:13,36
DA:15,9
DA:16,9
DA:18,9
DA:23,9
DA:29,9
DA:42,36
DA:64,0
DA:69,4
LF:11
LH:10
BRDA:52,0,0,0
BRDA:52,0,1,9
BRDA:64,1,0,0
BRDA:64,1,1,0
BRF:4
BRH:1
end_of_record
TN:
SF:src\components\map-property\map-property.jsx
FN:7,(anonymous_0)
FN:11,(anonymous_1)
FN:47,(anonymous_2)
FNF:3
FNH:3
FNDA:2,(anonymous_0)
FNDA:2,(anonymous_1)
FNDA:6,(anonymous_2)
DA:8,2
DA:12,2
DA:14,2
DA:15,2
DA:17,2
DA:23,2
DA:29,2
DA:48,6
DA:64,3
LF:9
LH:9
BRF:0
BRH:0
end_of_record
TN:
SF:src\components\new-review\new-review.jsx
FN:7,(anonymous_0)
FN:11,(anonymous_1)
FN:17,(anonymous_2)
FN:21,(anonymous_3)
FN:32,(anonymous_4)
FNF:5
FNH:3
FNDA:1,(anonymous_0)
FNDA:1,(anonymous_1)
FNDA:5,(anonymous_2)
FNDA:0,(anonymous_3)
FNDA:0,(anonymous_4)
DA:4,3
DA:8,1
DA:12,1
DA:13,1
DA:18,5
DA:19,5
DA:21,0
DA:32,0
DA:45,3
LF:9
LH:7
BRDA:21,0,0,0
BRDA:21,0,1,5
BRDA:21,1,0,5
BRDA:21,1,1,0
BRDA:32,2,0,1
BRDA:32,2,1,0
BRDA:37,3,0,0
BRDA:37,3,1,1
BRF:8
BRH:4
end_of_record
TN:
SF:src\components\offer-card\offer-card.jsx
FN:29,(anonymous_0)
FN:36,(anonymous_1)
FN:66,(anonymous_2)
FNF:3
FNH:3
FNDA:62,(anonymous_0)
FNDA:1,(anonymous_1)
FNDA:5,(anonymous_2)
DA:6,11
DA:13,11
DA:29,11
DA:31,62
DA:32,62
DA:33,62
DA:35,62
DA:36,1
DA:66,5
DA:76,11
LF:10
LH:10
BRDA:37,0,0,18
BRDA:37,0,1,44
BRDA:51,1,0,13
BRDA:51,1,1,49
BRF:4
BRH:4
end_of_record
TN:
SF:src\components\offer-list\offer-list.jsx
FN:7,(anonymous_0)
FN:11,(anonymous_1)
FN:17,(anonymous_2)
FNF:3
FNH:3
FNDA:12,(anonymous_0)
FNDA:12,(anonymous_1)
FNDA:50,(anonymous_2)
DA:8,12
DA:12,12
DA:13,12
DA:15,12
DA:18,50
DA:33,7
LF:6
LH:6
BRDA:13,0,0,9
BRDA:13,0,1,3
BRF:2
BRH:2
end_of_record
TN:
SF:src\components\offer-list-main\offer-list-main.jsx
FN:4,(anonymous_0)
FNF:1
FNH:1
FNDA:9,(anonymous_0)
DA:4,4
DA:5,9
DA:7,9
LF:3
LH:3
BRF:0
BRH:0
end_of_record
TN:
SF:src\components\offer-list-near\offer-list-near.jsx
FN:5,(anonymous_0)
FNF:1
FNH:1
FNDA:2,(anonymous_0)
DA:5,3
DA:6,2
DA:8,2
DA:13,3
LF:4
LH:4
BRF:0
BRH:0
end_of_record
TN:
SF:src\components\offer-list-saved\offer-list-saved.jsx
FN:6,(anonymous_0)
FN:20,(anonymous_1)
FN:31,(anonymous_2)
FN:37,(anonymous_3)
FN:38,(anonymous_4)
FNF:5
FNH:3
FNDA:3,(anonymous_0)
FNDA:4,(anonymous_1)
FNDA:8,(anonymous_2)
FNDA:0,(anonymous_3)
FNDA:0,(anonymous_4)
DA:6,3
DA:8,3
DA:9,3
DA:11,3
DA:13,3
DA:14,2
DA:16,2
DA:21,4
DA:32,8
DA:50,0
DA:53,3
LF:11
LH:10
BRDA:11,0,0,3
BRDA:11,0,1,0
BRF:2
BRH:1
end_of_record
TN:
SF:src\components\offer-property\offer-property.jsx
FN:28,(anonymous_0)
FN:106,(anonymous_1)
FNF:2
FNH:2
FNDA:3,(anonymous_0)
FNDA:18,(anonymous_1)
DA:14,2
DA:21,2
DA:26,2
DA:28,2
DA:29,3
DA:30,3
DA:31,3
DA:32,3
DA:35,3
DA:107,18
DA:171,2
LF:11
LH:11
BRDA:68,0,0,2
BRDA:68,0,1,1
BRDA:74,1,0,1
BRDA:74,1,1,2
BRDA:96,2,0,3
BRDA:96,2,1,0
BRDA:119,3,0,2
BRDA:119,3,1,1
BRDA:139,4,0,0
BRDA:139,4,1,1
BRF:10
BRH:8
end_of_record
TN:
SF:src\components\review\review.jsx
FN:20,(anonymous_0)
FN:30,(anonymous_1)
FNF:2
FNH:2
FNDA:5,(anonymous_0)
FNDA:5,(anonymous_1)
DA:5,4
DA:20,4
DA:22,5
DA:23,5
DA:24,5
DA:27,5
DA:30,4
DA:31,5
DA:32,5
DA:34,5
DA:36,5
DA:62,4
LF:12
LH:12
BRF:0
BRH:0
end_of_record
TN:
SF:src\components\reviews-list\reviews-list.jsx
FN:5,(anonymous_0)
FN:6,(anonymous_1)
FN:17,(anonymous_2)
FN:23,(anonymous_3)
FNF:4
FNH:4
FNDA:2,(anonymous_0)
FNDA:2,(anonymous_1)
FNDA:2,(anonymous_2)
FNDA:4,(anonymous_3)
DA:5,3
DA:6,2
DA:7,2
DA:8,0
DA:10,2
DA:11,2
DA:13,0
DA:17,3
DA:18,2
DA:21,2
DA:24,4
DA:34,3
LF:12
LH:10
BRDA:7,0,0,0
BRDA:7,0,1,2
BRDA:10,1,0,2
BRDA:10,1,1,0
BRF:4
BRH:2
end_of_record
TN:
SF:src\components\user-block\user-block.jsx
FN:9,(anonymous_0)
FN:16,(anonymous_1)
FNF:2
FNH:2
FNDA:18,(anonymous_0)
FNDA:2,(anonymous_1)
DA:4,9
DA:9,9
DA:10,18
DA:12,18
DA:16,2
DA:27,9
LF:6
LH:6
BRDA:19,0,0,5
BRDA:19,0,1,13
BRF:2
BRH:2
end_of_record
TN:
SF:src\components\user-page\user-page.jsx
FN:7,(anonymous_0)
FNF:1
FNH:1
FNDA:2,(anonymous_0)
DA:7,2
DA:8,2
DA:9,2
DA:28,2
LF:4
LH:4
BRF:0
BRH:0
end_of_record
TN:
SF:src\hoc\with-form-review\with-form-review.jsx
FN:3,(anonymous_0)
FN:5,(anonymous_1)
FN:34,(anonymous_2)
FN:36,(anonymous_3)
FN:41,(anonymous_4)
FN:43,(anonymous_5)
FN:48,(anonymous_6)
FN:51,(anonymous_7)
FN:55,(anonymous_8)
FN:60,(anonymous_9)
FN:70,(anonymous_10)
FN:73,(anonymous_11)
FN:80,(anonymous_12)
FN:82,(anonymous_13)
FN:90,(anonymous_14)
FNF:15
FNH:1
FNDA:2,(anonymous_0)
FNDA:0,(anonymous_1)
FNDA:0,(anonymous_2)
FNDA:0,(anonymous_3)
FNDA:0,(anonymous_4)
FNDA:0,(anonymous_5)
FNDA:0,(anonymous_6)
FNDA:0,(anonymous_7)
FNDA:0,(anonymous_8)
FNDA:0,(anonymous_9)
FNDA:0,(anonymous_10)
FNDA:0,(anonymous_11)
FNDA:0,(anonymous_12)
FNDA:0,(anonymous_13)
FNDA:0,(anonymous_14)
DA:3,2
DA:4,2
DA:6,0
DA:8,0
DA:17,0
DA:20,0
DA:23,0
DA:26,0
DA:29,0
DA:31,0
DA:35,0
DA:36,0
DA:38,0
DA:42,0
DA:43,0
DA:45,0
DA:49,0
DA:50,0
DA:51,0
DA:54,0
DA:55,0
DA:61,0
DA:62,0
DA:64,0
DA:71,0
DA:72,0
DA:73,0
DA:81,0
DA:82,0
DA:91,0
LF:30
LH:2
BRDA:49,0,0,0
BRDA:49,0,1,0
BRDA:49,1,0,0
BRDA:49,1,1,0
BRF:4
BRH:0
end_of_record
TN:
SF:src\hoc\with-open-flag\with-open-flag.jsx
FN:3,(anonymous_0)
FN:5,(anonymous_1)
FN:16,(anonymous_2)
FN:18,(anonymous_3)
FN:22,(anonymous_4)
FNF:5
FNH:3
FNDA:3,(anonymous_0)
FNDA:8,(anonymous_1)
FNDA:0,(anonymous_2)
FNDA:0,(anonymous_3)
FNDA:8,(anonymous_4)
DA:3,3
DA:4,3
DA:6,8
DA:8,8
DA:12,8
DA:17,0
DA:18,0
DA:23,8
LF:8
LH:6
BRF:0
BRH:0
end_of_record
TN:
SF:src\reducer\name-space.js
FNF:0
FNH:0
DA:1,1
LF:1
LH:1
BRF:0
BRH:0
end_of_record
TN:
SF:src\reducer\data\data.js
FN:17,(anonymous_0)
FN:20,(anonymous_1)
FN:23,(anonymous_2)
FN:32,(anonymous_3)
FN:32,(anonymous_4)
FN:34,(anonymous_5)
FN:40,(anonymous_6)
FNF:7
FNH:6
FNDA:1,(anonymous_0)
FNDA:1,(anonymous_1)
FNDA:0,(anonymous_2)
FNDA:1,(anonymous_3)
FNDA:1,(anonymous_4)
FNDA:1,(anonymous_5)
FNDA:1,(anonymous_6)
DA:5,2
DA:11,2
DA:16,2
DA:18,1
DA:20,1
DA:24,0
DA:31,2
DA:32,1
DA:33,1
DA:35,1
DA:40,2
DA:41,1
DA:43,0
DA:49,0
DA:53,1
LF:15
LH:12
BRDA:40,0,0,1
BRDA:41,1,0,0
BRDA:41,1,1,0
BRDA:45,2,0,0
BRDA:45,2,1,0
BRF:5
BRH:1
end_of_record
TN:
SF:src\reducer\data\selector.js
FN:8,(anonymous_0)
FN:12,(anonymous_1)
FN:16,(anonymous_2)
FN:23,(anonymous_3)
FNF:4
FNH:0
FNDA:0,(anonymous_0)
FNDA:0,(anonymous_1)
FNDA:0,(anonymous_2)
FNDA:0,(anonymous_3)
DA:5,1
DA:8,1
DA:9,0
DA:12,1
DA:13,0
DA:16,1
DA:17,0
DA:20,1
DA:24,0
LF:9
LH:5
BRF:0
BRH:0
end_of_record
TN:
SF:src\reducer\review\review.js
FN:14,(anonymous_0)
FN:23,(anonymous_1)
FN:23,(anonymous_2)
FN:25,(anonymous_3)
FN:29,(anonymous_4)
FN:29,(anonymous_5)
FN:35,(anonymous_6)
FN:43,(anonymous_7)
FNF:8
FNH:0
FNDA:0,(anonymous_0)
FNDA:0,(anonymous_1)
FNDA:0,(anonymous_2)
FNDA:0,(anonymous_3)
FNDA:0,(anonymous_4)
FNDA:0,(anonymous_5)
FNDA:0,(anonymous_6)
FNDA:0,(anonymous_7)
DA:5,1
DA:9,1
DA:13,1
DA:15,0
DA:22,1
DA:23,0
DA:24,0
DA:26,0
DA:29,0
DA:30,0
DA:31,0
DA:36,0
DA:37,0
DA:38,0
DA:43,1
DA:44,0
DA:46,0
DA:50,0
LF:18
LH:5
BRDA:43,0,0,0
BRDA:44,1,0,0
BRF:2
BRH:0
end_of_record
TN:
SF:src\reducer\review\selector.js
FN:5,(anonymous_0)
FNF:1
FNH:0
FNDA:0,(anonymous_0)
DA:3,1
DA:5,1
DA:6,0
LF:3
LH:2
BRF:0
BRH:0
end_of_record
TN:
SF:src\reducer\state\selector.js
FN:5,(anonymous_0)
FN:9,(anonymous_1)
FN:13,(anonymous_2)
FN:17,(anonymous_3)
FNF:4
FNH:0
FNDA:0,(anonymous_0)
FNDA:0,(anonymous_1)
FNDA:0,(anonymous_2)
FNDA:0,(anonymous_3)
DA:3,1
DA:5,1
DA:6,0
DA:9,1
DA:10,0
DA:13,1
DA:14,0
DA:17,1
DA:18,0
LF:9
LH:5
BRF:0
BRH:0
end_of_record
TN:
SF:src\reducer\state\state.js
FN:18,(anonymous_0)
FN:23,(anonymous_1)
FN:27,(anonymous_2)
FN:31,(anonymous_3)
FN:37,(anonymous_4)
FNF:5
FNH:4
FNDA:1,(anonymous_0)
FNDA:1,(anonymous_1)
FNDA:1,(anonymous_2)
FNDA:0,(anonymous_3)
FNDA:4,(anonymous_4)
DA:3,3
DA:10,3
DA:17,3
DA:19,1
DA:23,1
DA:27,1
DA:31,0
DA:37,3
DA:38,4
DA:40,1
DA:44,1
DA:48,1
DA:52,0
DA:56,1
LF:14
LH:12
BRDA:37,0,0,1
BRDA:38,1,0,1
BRDA:38,1,1,1
BRDA:38,1,2,1
BRDA:38,1,3,0
BRF:5
BRH:4
end_of_record
TN:
SF:src\reducer\user\selectors.js
FN:6,(anonymous_0)
FN:10,(anonymous_1)
FN:14,(anonymous_2)
FNF:3
FNH:0
FNDA:0,(anonymous_0)
FNDA:0,(anonymous_1)
FNDA:0,(anonymous_2)
DA:3,1
DA:6,1
DA:7,0
DA:10,1
DA:11,0
DA:14,1
DA:15,0
LF:7
LH:4
BRF:0
BRH:0
end_of_record
TN:
SF:src\reducer\user\user.js
FN:21,(anonymous_0)
FN:27,(anonymous_1)
FN:36,(anonymous_2)
FN:52,(anonymous_3)
FN:52,(anonymous_4)
FN:54,(anonymous_5)
FN:58,(anonymous_6)
FN:63,(anonymous_7)
FN:63,(anonymous_8)
FN:68,(anonymous_9)
FN:72,(anonymous_10)
FNF:11
FNH:2
FNDA:2,(anonymous_0)
FNDA:0,(anonymous_1)
FNDA:5,(anonymous_2)
FNDA:0,(anonymous_3)
FNDA:0,(anonymous_4)
FNDA:0,(anonymous_5)
FNDA:0,(anonymous_6)
FNDA:0,(anonymous_7)
FNDA:0,(anonymous_8)
FNDA:0,(anonymous_9)
FNDA:0,(anonymous_10)
DA:4,2
DA:9,2
DA:15,2
DA:20,2
DA:22,2
DA:28,0
DA:36,2
DA:37,5
DA:39,4
DA:43,0
DA:48,1
DA:51,2
DA:52,0
DA:53,0
DA:55,0
DA:56,0
DA:59,0
DA:63,0
DA:64,0
DA:69,0
DA:70,0
DA:72,0
LF:22
LH:10
BRDA:36,0,0,1
BRDA:37,1,0,4
BRDA:37,1,1,0
BRF:3
BRH:2
end_of_record
