TN:
SF:src\api.js
FN:8,(anonymous_0)
FN:16,(anonymous_1)
FN:20,(anonymous_2)
FNF:3
FNH:3
FNDA:3,(anonymous_0)
FNDA:8,(anonymous_1)
FNDA:1,(anonymous_2)
DA:4,3
DA:8,3
DA:9,3
DA:16,3
DA:17,8
DA:20,3
DA:21,1
DA:23,1
DA:24,0
DA:27,1
DA:28,0
DA:31,1
DA:32,0
DA:33,0
DA:35,1
DA:37,3
DA:39,3
LF:17
LH:13
BRDA:23,0,0,0
BRDA:23,0,1,1
BRDA:27,1,0,0
BRDA:27,1,1,1
BRDA:31,2,0,0
BRDA:31,2,1,1
BRF:6
BRH:3
end_of_record
TN:
SF:src\common.js
FN:4,(anonymous_0)
FN:8,(anonymous_1)
FN:12,(anonymous_2)
FN:16,(anonymous_3)
FN:17,(anonymous_4)
FN:20,(anonymous_5)
FN:24,(anonymous_6)
FN:26,(anonymous_7)
FN:35,(anonymous_8)
FN:38,(anonymous_9)
FN:40,(anonymous_10)
FN:42,(anonymous_11)
FN:47,(anonymous_12)
FN:48,(anonymous_13)
FN:59,(anonymous_14)
FNF:15
FNH:8
FNDA:87,(anonymous_0)
FNDA:0,(anonymous_1)
FNDA:8,(anonymous_2)
FNDA:0,(anonymous_3)
FNDA:0,(anonymous_4)
FNDA:0,(anonymous_5)
FNDA:3,(anonymous_6)
FNDA:9,(anonymous_7)
FNDA:10,(anonymous_8)
FNDA:0,(anonymous_9)
FNDA:0,(anonymous_10)
FNDA:0,(anonymous_11)
FNDA:4,(anonymous_12)
FNDA:10,(anonymous_13)
FNDA:3,(anonymous_14)
DA:4,24
DA:5,87
DA:8,24
DA:9,0
DA:12,24
DA:13,8
DA:16,24
DA:17,0
DA:20,24
DA:21,0
DA:24,24
DA:25,3
DA:26,3
DA:27,9
DA:32,3
DA:35,24
DA:36,10
DA:38,0
DA:40,0
DA:42,0
DA:44,10
DA:47,24
DA:48,4
DA:49,10
DA:51,10
DA:52,10
DA:54,10
DA:56,10
DA:59,24
LF:29
LH:23
BRDA:36,0,0,0
BRDA:36,0,1,0
BRDA:36,0,2,0
BRDA:51,1,0,10
BRDA:51,1,1,0
BRF:5
BRH:1
end_of_record
TN:
SF:src\const.js
FNF:0
FNH:0
DA:1,27
DA:3,27
DA:23,27
DA:30,27
DA:35,27
DA:42,27
LF:6
LH:6
BRF:0
BRH:0
end_of_record
TN:
SF:src\history.js
FNF:0
FNH:0
DA:4,17
LF:1
LH:1
BRF:0
BRH:0
end_of_record
TN:
SF:src\adapter\offers.js
FN:1,(anonymous_0)
FNF:1
FNH:1
FNDA:4,(anonymous_0)
DA:1,2
DA:2,4
LF:2
LH:2
BRF:0
BRH:0
end_of_record
TN:
SF:src\adapter\reviews.js
FN:1,(anonymous_0)
FNF:1
FNH:1
FNDA:2,(anonymous_0)
DA:1,2
DA:2,2
LF:2
LH:2
BRF:0
BRH:0
end_of_record
TN:
SF:src\components\app\app.tsx
FN:50,(anonymous_0)
FN:81,(anonymous_1)
FN:100,(anonymous_2)
FN:127,(anonymous_3)
FN:145,(anonymous_4)
FN:163,(anonymous_5)
FN:164,(anonymous_6)
FN:167,(anonymous_7)
FN:170,(anonymous_8)
FN:173,(anonymous_9)
FN:176,(anonymous_10)
FN:179,(anonymous_11)
FN:182,(anonymous_12)
FN:185,(anonymous_13)
FN:190,(anonymous_14)
FN:196,(anonymous_15)
FNF:16
FNH:2
FNDA:2,(anonymous_0)
FNDA:2,(anonymous_1)
FNDA:0,(anonymous_2)
FNDA:0,(anonymous_3)
FNDA:0,(anonymous_4)
FNDA:0,(anonymous_5)
FNDA:0,(anonymous_6)
FNDA:0,(anonymous_7)
FNDA:0,(anonymous_8)
FNDA:0,(anonymous_9)
FNDA:0,(anonymous_10)
FNDA:0,(anonymous_11)
FNDA:0,(anonymous_12)
FNDA:0,(anonymous_13)
FNDA:0,(anonymous_14)
FNDA:0,(anonymous_15)
DA:1,1
DA:2,1
DA:3,1
DA:4,1
DA:5,1
DA:6,1
DA:7,1
DA:8,1
DA:9,1
DA:10,1
DA:11,1
DA:12,1
DA:13,1
DA:14,1
DA:15,1
DA:16,1
DA:17,1
DA:18,1
DA:19,1
DA:52,2
DA:54,2
DA:56,2
DA:78,0
DA:82,2
DA:85,2
DA:102,0
DA:128,0
DA:145,1
DA:163,1
DA:165,0
DA:168,0
DA:171,0
DA:174,0
DA:177,0
DA:180,0
DA:183,0
DA:186,0
DA:187,0
DA:191,0
DA:192,0
DA:193,0
DA:197,0
DA:198,0
DA:202,1
DA:203,1
LF:45
LH:28
BRDA:54,0,0,2
BRDA:54,0,1,0
BRDA:197,1,0,0
BRDA:197,1,1,0
BRF:4
BRH:1
end_of_record
TN:
SF:src\components\city-list\city-list.tsx
FN:10,(anonymous_0)
FN:12,(anonymous_1)
FN:16,(anonymous_2)
FN:18,(anonymous_3)
FNF:4
FNH:4
FNDA:11,(anonymous_0)
FNDA:22,(anonymous_1)
FNDA:22,(anonymous_2)
FNDA:2,(anonymous_3)
DA:1,5
DA:10,5
DA:11,11
DA:12,22
DA:14,11
DA:17,22
DA:18,2
DA:28,5
LF:8
LH:8
BRDA:18,0,0,11
BRDA:18,0,1,11
BRF:2
BRH:2
end_of_record
TN:
SF:src\components\error-block\error-block.tsx
FN:3,(anonymous_0)
FNF:1
FNH:1
FNDA:2,(anonymous_0)
DA:1,4
DA:3,4
DA:4,2
DA:10,4
LF:4
LH:4
BRF:0
BRH:0
end_of_record
TN:
SF:src\components\favorite\favorite.tsx
FN:20,(anonymous_0)
FN:37,(anonymous_1)
FNF:2
FNH:2
FNDA:1,(anonymous_0)
FNDA:1,(anonymous_1)
DA:1,3
DA:2,3
DA:3,3
DA:4,3
DA:5,3
DA:6,3
DA:8,3
DA:9,3
DA:20,3
DA:21,1
DA:22,1
DA:24,1
DA:38,1
DA:62,3
LF:14
LH:14
BRDA:26,0,0,1
BRDA:26,0,1,0
BRDA:33,1,0,1
BRDA:33,1,1,0
BRF:4
BRH:2
end_of_record
TN:
SF:src\components\favorite-empty\favorite-empty.tsx
FN:4,(anonymous_0)
FNF:1
FNH:1
FNDA:1,(anonymous_0)
DA:1,4
DA:4,4
DA:5,1
DA:20,4
LF:4
LH:4
BRF:0
BRH:0
end_of_record
TN:
SF:src\components\filter-list.jsx\filter-list.tsx
FN:14,(anonymous_0)
FN:20,(anonymous_1)
FN:26,(anonymous_2)
FN:36,(anonymous_3)
FN:38,(anonymous_4)
FN:47,(anonymous_5)
FNF:6
FNH:5
FNDA:12,(anonymous_0)
FNDA:12,(anonymous_1)
FNDA:1,(anonymous_2)
FNDA:48,(anonymous_3)
FNDA:8,(anonymous_4)
FNDA:0,(anonymous_5)
DA:1,5
DA:2,5
DA:3,5
DA:15,12
DA:17,12
DA:21,12
DA:23,12
DA:27,1
DA:28,1
DA:37,48
DA:38,8
DA:48,0
DA:50,0
DA:51,0
DA:53,0
DA:54,0
DA:56,0
DA:61,5
LF:18
LH:12
BRDA:35,0,0,1
BRDA:35,0,1,11
BRDA:38,1,0,0
BRDA:38,1,1,48
BRDA:53,2,0,0
BRDA:53,2,1,0
BRF:6
BRH:3
end_of_record
TN:
SF:src\components\header-block\header-block.tsx
FN:14,(anonymous_0)
FNF:1
FNH:1
FNDA:17,(anonymous_0)
DA:1,8
DA:2,8
DA:3,8
DA:4,8
DA:14,8
DA:15,17
DA:16,17
DA:38,8
LF:8
LH:8
BRF:0
BRH:0
end_of_record
TN:
SF:src\components\login-page\login-page.tsx
FN:22,(anonymous_0)
FN:31,(anonymous_1)
FN:42,(anonymous_2)
FNF:3
FNH:2
FNDA:2,(anonymous_0)
FNDA:0,(anonymous_1)
FNDA:2,(anonymous_2)
DA:1,2
DA:2,2
DA:3,2
DA:4,2
DA:5,2
DA:13,2
DA:23,2
DA:25,2
DA:26,2
DA:28,2
DA:32,0
DA:34,0
DA:36,0
DA:43,2
DA:45,2
DA:85,2
LF:16
LH:13
BRDA:68,0,0,1
BRDA:68,0,1,1
BRF:2
BRH:2
end_of_record
TN:
SF:src\components\main\main.tsx
FN:32,(anonymous_0)
FN:88,(anonymous_1)
FNF:2
FNH:2
FNDA:9,(anonymous_0)
FNDA:18,(anonymous_1)
DA:1,3
DA:2,3
DA:3,3
DA:4,3
DA:5,3
DA:6,3
DA:7,3
DA:8,3
DA:30,3
DA:32,3
DA:33,9
DA:35,9
DA:36,9
DA:38,9
DA:88,18
DA:102,3
LF:16
LH:16
BRDA:45,0,0,0
BRDA:45,0,1,9
BRDA:58,1,0,0
BRDA:58,1,1,9
BRDA:65,2,0,9
BRDA:65,2,1,0
BRF:6
BRH:3
end_of_record
TN:
SF:src\components\main-empty\main-empty.tsx
FN:9,(anonymous_0)
FNF:1
FNH:1
FNDA:2,(anonymous_0)
DA:1,4
DA:2,4
DA:9,4
DA:10,2
DA:11,2
DA:28,4
LF:6
LH:6
BRDA:16,0,0,1
BRDA:16,0,1,1
BRF:2
BRH:2
end_of_record
TN:
SF:src\components\map\map.tsx
FN:14,(anonymous_0)
FN:18,(anonymous_1)
FN:20,(anonymous_2)
FN:49,(anonymous_3)
FN:74,(anonymous_4)
FNF:5
FNH:4
FNDA:10,(anonymous_0)
FNDA:10,(anonymous_1)
FNDA:40,(anonymous_2)
FNDA:40,(anonymous_3)
FNDA:0,(anonymous_4)
DA:1,4
DA:2,4
DA:3,4
DA:15,10
DA:19,10
DA:20,40
DA:22,10
DA:23,10
DA:25,10
DA:30,10
DA:36,10
DA:37,10
DA:50,40
DA:70,0
DA:75,0
DA:79,4
LF:16
LH:14
BRDA:36,0,0,10
BRDA:36,0,1,0
BRDA:61,1,0,0
BRDA:61,1,1,10
BRDA:75,2,0,0
BRDA:75,2,1,0
BRF:6
BRH:2
end_of_record
TN:
SF:src\components\map-property\map-property.tsx
FN:15,(anonymous_0)
FN:19,(anonymous_1)
FN:21,(anonymous_2)
FN:56,(anonymous_3)
FNF:4
FNH:4
FNDA:4,(anonymous_0)
FNDA:4,(anonymous_1)
FNDA:6,(anonymous_2)
FNDA:15,(anonymous_3)
DA:1,3
DA:2,3
DA:3,3
DA:16,4
DA:20,4
DA:21,6
DA:23,4
DA:24,4
DA:26,4
DA:32,4
DA:38,4
DA:57,15
DA:79,3
LF:13
LH:13
BRDA:68,0,0,0
BRDA:68,0,1,4
BRDA:67,1,0,4
BRDA:67,1,1,0
BRF:4
BRH:2
end_of_record
TN:
SF:src\components\new-review\new-review.tsx
FN:16,(anonymous_0)
FN:20,(anonymous_1)
FN:26,(anonymous_2)
FN:30,(anonymous_3)
FN:41,(anonymous_4)
FNF:5
FNH:3
FNDA:3,(anonymous_0)
FNDA:3,(anonymous_1)
FNDA:15,(anonymous_2)
FNDA:0,(anonymous_3)
FNDA:0,(anonymous_4)
DA:1,3
DA:13,3
DA:17,3
DA:21,3
DA:22,3
DA:27,15
DA:28,15
DA:30,0
DA:41,0
DA:54,3
LF:10
LH:8
BRDA:30,0,0,0
BRDA:30,0,1,15
BRDA:30,1,0,0
BRDA:30,1,1,15
BRDA:41,2,0,0
BRDA:41,2,1,3
BRDA:46,3,0,0
BRDA:46,3,1,3
BRF:8
BRH:4
end_of_record
TN:
SF:src\components\offer-card\offer-card.tsx
FN:44,(anonymous_0)
FN:53,(anonymous_1)
FN:67,(anonymous_2)
FN:83,(anonymous_3)
FNF:4
FNH:3
FNDA:72,(anonymous_0)
FNDA:1,(anonymous_1)
FNDA:0,(anonymous_2)
FNDA:5,(anonymous_3)
DA:1,12
DA:2,12
DA:3,12
DA:4,12
DA:5,12
DA:21,12
DA:28,12
DA:44,12
DA:46,72
DA:47,72
DA:48,72
DA:51,72
DA:53,1
DA:67,0
DA:83,5
DA:95,12
LF:16
LH:15
BRDA:47,0,0,0
BRDA:54,1,0,21
BRDA:54,1,1,51
BRDA:67,2,0,21
BRDA:67,2,1,51
BRF:5
BRH:4
end_of_record
TN:
SF:src\components\offer-list\offer-list.tsx
FN:21,(anonymous_0)
FN:25,(anonymous_1)
FN:31,(anonymous_2)
FNF:3
FNH:3
FNDA:15,(anonymous_0)
FNDA:15,(anonymous_1)
FNDA:60,(anonymous_2)
DA:1,7
DA:2,7
DA:3,7
DA:4,7
DA:18,7
DA:22,15
DA:26,15
DA:27,15
DA:29,15
DA:32,60
DA:47,7
LF:11
LH:11
BRDA:27,0,0,10
BRDA:27,0,1,5
BRF:2
BRH:2
end_of_record
TN:
SF:src\components\offer-list-main\offer-list-main.tsx
FN:4,(anonymous_0)
FNF:1
FNH:1
FNDA:10,(anonymous_0)
DA:1,4
DA:2,4
DA:4,4
DA:5,10
DA:7,10
DA:12,4
LF:6
LH:6
BRF:0
BRH:0
end_of_record
TN:
SF:src\components\offer-list-near\offer-list-near.tsx
FN:4,(anonymous_0)
FNF:1
FNH:1
FNDA:4,(anonymous_0)
DA:1,3
DA:2,3
DA:4,3
DA:5,4
DA:7,4
LF:5
LH:5
BRF:0
BRH:0
end_of_record
TN:
SF:src\components\offer-list-saved\offer-list-saved.tsx
FN:17,(anonymous_0)
FN:29,(anonymous_1)
FN:40,(anonymous_2)
FNF:3
FNH:3
FNDA:2,(anonymous_0)
FNDA:8,(anonymous_1)
FNDA:8,(anonymous_2)
DA:1,4
DA:2,4
DA:3,4
DA:4,4
DA:6,4
DA:15,4
DA:17,4
DA:19,2
DA:20,2
DA:22,2
DA:24,2
DA:25,2
DA:27,2
DA:30,8
DA:41,8
DA:59,0
DA:63,4
LF:17
LH:16
BRDA:22,0,0,2
BRDA:22,0,1,0
BRF:2
BRH:1
end_of_record
TN:
SF:src\components\offer-property\offer-property.tsx
FN:55,(anonymous_0)
FN:67,(anonymous_1)
FN:86,(anonymous_2)
FN:135,(anonymous_3)
FNF:4
FNH:4
FNDA:3,(anonymous_0)
FNDA:3,(anonymous_1)
FNDA:6,(anonymous_2)
FNDA:21,(anonymous_3)
DA:1,2
DA:2,2
DA:3,2
DA:4,2
DA:5,2
DA:6,2
DA:7,2
DA:8,2
DA:9,2
DA:10,2
DA:14,2
DA:21,2
DA:52,2
DA:55,2
DA:57,3
DA:59,3
DA:61,3
DA:62,3
DA:65,3
DA:67,3
DA:68,3
DA:69,3
DA:70,3
DA:73,3
DA:75,3
DA:87,6
DA:136,21
DA:206,0
DA:210,2
LF:29
LH:28
BRDA:61,0,0,3
BRDA:61,0,1,0
BRDA:65,1,0,3
BRDA:65,1,1,0
BRDA:97,2,0,3
BRDA:97,2,1,0
BRDA:103,3,0,0
BRDA:103,3,1,3
BRDA:125,4,0,3
BRDA:125,4,1,0
BRDA:148,5,0,3
BRDA:148,5,1,0
BRDA:169,6,0,2
BRDA:169,6,1,1
BRDA:175,7,0,0
BRDA:175,7,1,3
BRDA:181,8,0,3
BRDA:181,8,1,0
BRF:18
BRH:10
end_of_record
TN:
SF:src\components\private-route\private-route.tsx
FN:13,(anonymous_0)
FN:19,(anonymous_1)
FN:30,(anonymous_2)
FNF:3
FNH:1
FNDA:1,(anonymous_0)
FNDA:0,(anonymous_1)
FNDA:0,(anonymous_2)
DA:1,2
DA:2,2
DA:3,2
DA:4,2
DA:5,2
DA:6,2
DA:13,2
DA:14,1
DA:16,1
DA:20,0
DA:30,2
DA:35,2
DA:36,2
LF:13
LH:12
BRDA:22,0,0,0
BRDA:22,0,1,0
BRF:2
BRH:0
end_of_record
TN:
SF:src\components\review\review.tsx
FN:25,(anonymous_0)
FN:35,(anonymous_1)
FNF:2
FNH:2
FNDA:9,(anonymous_0)
FNDA:9,(anonymous_1)
DA:1,4
DA:2,4
DA:10,4
DA:25,4
DA:27,9
DA:28,9
DA:29,9
DA:32,9
DA:35,4
DA:36,9
DA:37,9
DA:39,9
DA:41,9
DA:68,4
LF:14
LH:14
BRF:0
BRH:0
end_of_record
TN:
SF:src\components\reviews-list\reviews-list.tsx
FN:11,(anonymous_0)
FN:12,(anonymous_1)
FN:23,(anonymous_2)
FN:28,(anonymous_3)
FNF:4
FNH:4
FNDA:4,(anonymous_0)
FNDA:4,(anonymous_1)
FNDA:4,(anonymous_2)
FNDA:8,(anonymous_3)
DA:1,3
DA:2,3
DA:11,3
DA:12,4
DA:13,4
DA:14,2
DA:16,2
DA:17,2
DA:19,0
DA:23,3
DA:24,4
DA:26,4
DA:29,8
DA:40,3
LF:14
LH:13
BRDA:13,0,0,2
BRDA:13,0,1,2
BRDA:16,1,0,2
BRDA:16,1,1,0
BRF:4
BRH:3
end_of_record
TN:
SF:src\components\user-block\user-block.tsx
FN:18,(anonymous_0)
FN:26,(anonymous_1)
FNF:2
FNH:2
FNDA:19,(anonymous_0)
FNDA:1,(anonymous_1)
DA:1,9
DA:2,9
DA:3,9
DA:4,9
DA:13,9
DA:18,9
DA:19,19
DA:21,19
DA:26,1
DA:41,9
LF:10
LH:10
BRDA:29,0,0,8
BRDA:29,0,1,11
BRF:2
BRH:2
end_of_record
TN:
SF:src\hoc\with-favorite-flag\with-favorite-flag.tsx
FN:13,(anonymous_0)
FN:18,(anonymous_1)
FN:30,(anonymous_2)
FN:32,(anonymous_3)
FN:36,(anonymous_4)
FNF:5
FNH:5
FNDA:12,(anonymous_0)
FNDA:69,(anonymous_1)
FNDA:1,(anonymous_2)
FNDA:1,(anonymous_3)
FNDA:70,(anonymous_4)
DA:1,11
DA:13,11
DA:19,69
DA:21,69
DA:23,69
DA:26,69
DA:31,1
DA:32,1
DA:37,70
DA:47,12
LF:10
LH:10
BRF:0
BRH:0
end_of_record
TN:
SF:src\hoc\with-form-review\with-form-review.tsx
FN:17,(anonymous_0)
FN:20,(anonymous_1)
FN:48,(anonymous_2)
FN:50,(anonymous_3)
FN:55,(anonymous_4)
FN:57,(anonymous_5)
FN:62,(anonymous_6)
FN:65,(anonymous_7)
FN:69,(anonymous_8)
FN:74,(anonymous_9)
FN:84,(anonymous_10)
FN:86,(anonymous_11)
FN:93,(anonymous_12)
FN:95,(anonymous_13)
FN:103,(anonymous_14)
FNF:15
FNH:10
FNDA:3,(anonymous_0)
FNDA:3,(anonymous_1)
FNDA:1,(anonymous_2)
FNDA:1,(anonymous_3)
FNDA:2,(anonymous_4)
FNDA:2,(anonymous_5)
FNDA:3,(anonymous_6)
FNDA:1,(anonymous_7)
FNDA:2,(anonymous_8)
FNDA:0,(anonymous_9)
FNDA:0,(anonymous_10)
FNDA:0,(anonymous_11)
FNDA:0,(anonymous_12)
FNDA:0,(anonymous_13)
FNDA:8,(anonymous_14)
DA:1,3
DA:17,3
DA:21,3
DA:23,3
DA:31,3
DA:34,3
DA:37,3
DA:40,3
DA:43,3
DA:45,3
DA:49,1
DA:50,1
DA:52,1
DA:56,2
DA:57,2
DA:59,2
DA:63,3
DA:64,1
DA:65,1
DA:68,2
DA:69,2
DA:75,0
DA:76,0
DA:78,0
DA:85,0
DA:86,0
DA:94,0
DA:95,0
DA:104,8
DA:120,3
DA:123,3
LF:31
LH:24
BRDA:62,0,0,2
BRDA:62,1,0,1
BRDA:63,2,0,1
BRDA:63,2,1,2
BRDA:63,3,0,3
BRDA:63,3,1,2
BRF:6
BRH:6
end_of_record
TN:
SF:src\hoc\with-open-flag\with-open-flag.tsx
FN:13,(anonymous_0)
FN:17,(anonymous_1)
FN:28,(anonymous_2)
FN:30,(anonymous_3)
FN:34,(anonymous_4)
FNF:5
FNH:5
FNDA:4,(anonymous_0)
FNDA:10,(anonymous_1)
FNDA:2,(anonymous_2)
FNDA:2,(anonymous_3)
FNDA:12,(anonymous_4)
DA:1,4
DA:13,4
DA:16,4
DA:18,10
DA:20,10
DA:24,10
DA:29,2
DA:30,2
DA:35,12
LF:9
LH:9
BRF:0
BRH:0
end_of_record
TN:
SF:src\reducer\name-space.js
FNF:0
FNH:0
DA:1,2
LF:1
LH:1
BRF:0
BRH:0
end_of_record
TN:
SF:src\reducer\data\data.js
FN:25,(anonymous_0)
FN:28,(anonymous_1)
FN:31,(anonymous_2)
FN:34,(anonymous_3)
FN:37,(anonymous_4)
FN:42,(anonymous_5)
FN:45,(anonymous_6)
FN:48,(anonymous_7)
FN:51,(anonymous_8)
FN:57,(anonymous_9)
FN:57,(anonymous_10)
FN:59,(anonymous_11)
FN:64,(anonymous_12)
FN:64,(anonymous_13)
FN:66,(anonymous_14)
FN:70,(anonymous_15)
FN:70,(anonymous_16)
FN:72,(anonymous_17)
FN:76,(anonymous_18)
FN:76,(anonymous_19)
FN:78,(anonymous_20)
FN:81,(anonymous_21)
FN:85,(anonymous_22)
FNF:23
FNH:23
FNDA:1,(anonymous_0)
FNDA:1,(anonymous_1)
FNDA:1,(anonymous_2)
FNDA:1,(anonymous_3)
FNDA:1,(anonymous_4)
FNDA:1,(anonymous_5)
FNDA:1,(anonymous_6)
FNDA:1,(anonymous_7)
FNDA:1,(anonymous_8)
FNDA:1,(anonymous_9)
FNDA:1,(anonymous_10)
FNDA:1,(anonymous_11)
FNDA:1,(anonymous_12)
FNDA:1,(anonymous_13)
FNDA:1,(anonymous_14)
FNDA:1,(anonymous_15)
FNDA:1,(anonymous_16)
FNDA:1,(anonymous_17)
FNDA:2,(anonymous_18)
FNDA:2,(anonymous_19)
FNDA:1,(anonymous_20)
FNDA:1,(anonymous_21)
FNDA:1,(anonymous_22)
DA:6,2
DA:15,2
DA:24,2
DA:26,1
DA:28,1
DA:32,1
DA:34,1
DA:38,1
DA:43,1
DA:45,1
DA:49,1
DA:51,1
DA:56,2
DA:57,1
DA:58,1
DA:60,1
DA:61,1
DA:64,1
DA:65,1
DA:67,1
DA:70,1
DA:71,1
DA:73,1
DA:76,2
DA:77,2
DA:79,1
DA:81,1
DA:85,2
DA:86,1
DA:88,0
DA:94,0
DA:98,0
DA:102,0
DA:106,0
DA:110,1
LF:35
LH:30
BRDA:85,0,0,1
BRDA:86,1,0,0
BRDA:86,1,1,0
BRDA:86,1,2,0
BRDA:86,1,3,0
BRDA:86,1,4,0
BRDA:90,2,0,0
BRDA:90,2,1,0
BRF:8
BRH:1
end_of_record
TN:
SF:src\reducer\data\selector.js
FN:8,(anonymous_0)
FN:12,(anonymous_1)
FN:16,(anonymous_2)
FN:20,(anonymous_3)
FN:27,(anonymous_4)
FN:32,(anonymous_5)
FN:36,(anonymous_6)
FNF:7
FNH:0
FNDA:0,(anonymous_0)
FNDA:0,(anonymous_1)
FNDA:0,(anonymous_2)
FNDA:0,(anonymous_3)
FNDA:0,(anonymous_4)
FNDA:0,(anonymous_5)
FNDA:0,(anonymous_6)
DA:5,1
DA:8,1
DA:9,0
DA:12,1
DA:13,0
DA:16,1
DA:17,0
DA:20,1
DA:21,0
DA:24,1
DA:28,0
DA:32,1
DA:33,0
DA:36,1
DA:37,0
LF:15
LH:8
BRF:0
BRH:0
end_of_record
TN:
SF:src\reducer\error\error.js
FN:12,(anonymous_0)
FN:20,(anonymous_1)
FNF:2
FNH:2
FNDA:1,(anonymous_0)
FNDA:2,(anonymous_1)
DA:3,5
DA:7,5
DA:11,5
DA:13,1
DA:20,5
DA:21,2
DA:23,1
DA:27,1
LF:8
LH:8
BRDA:20,0,0,1
BRDA:21,1,0,1
BRF:2
BRH:2
end_of_record
TN:
SF:src\reducer\error\selector.js
FN:5,(anonymous_0)
FNF:1
FNH:0
FNDA:0,(anonymous_0)
DA:3,1
DA:5,1
DA:6,0
LF:3
LH:2
BRF:0
BRH:0
end_of_record
TN:
SF:src\reducer\review\review.js
FN:15,(anonymous_0)
FN:18,(anonymous_1)
FN:24,(anonymous_2)
FN:24,(anonymous_3)
FN:26,(anonymous_4)
FN:30,(anonymous_5)
FN:30,(anonymous_6)
FN:37,(anonymous_7)
FN:42,(anonymous_8)
FN:48,(anonymous_9)
FNF:10
FNH:9
FNDA:2,(anonymous_0)
FNDA:2,(anonymous_1)
FNDA:1,(anonymous_2)
FNDA:1,(anonymous_3)
FNDA:1,(anonymous_4)
FNDA:1,(anonymous_5)
FNDA:1,(anonymous_6)
FNDA:1,(anonymous_7)
FNDA:0,(anonymous_8)
FNDA:1,(anonymous_9)
DA:6,2
DA:10,2
DA:14,2
DA:16,2
DA:18,2
DA:23,2
DA:24,1
DA:25,1
DA:27,1
DA:30,1
DA:31,1
DA:32,1
DA:33,1
DA:38,1
DA:39,1
DA:40,1
DA:43,0
DA:48,2
DA:49,1
DA:51,0
DA:55,1
LF:21
LH:19
BRDA:48,0,0,1
BRDA:49,1,0,0
BRF:2
BRH:1
end_of_record
TN:
SF:src\reducer\review\selector.js
FN:5,(anonymous_0)
FNF:1
FNH:0
FNDA:0,(anonymous_0)
DA:3,1
DA:5,1
DA:6,0
LF:3
LH:2
BRF:0
BRH:0
end_of_record
TN:
SF:src\reducer\state\selector.js
FN:5,(anonymous_0)
FN:9,(anonymous_1)
FN:13,(anonymous_2)
FNF:3
FNH:0
FNDA:0,(anonymous_0)
FNDA:0,(anonymous_1)
FNDA:0,(anonymous_2)
DA:3,1
DA:5,1
DA:6,0
DA:9,1
DA:10,0
DA:13,1
DA:14,0
LF:7
LH:4
BRF:0
BRH:0
end_of_record
TN:
SF:src\reducer\state\state.js
FN:14,(anonymous_0)
FN:19,(anonymous_1)
FN:25,(anonymous_2)
FNF:3
FNH:3
FNDA:1,(anonymous_0)
FNDA:1,(anonymous_1)
FNDA:3,(anonymous_2)
DA:3,2
DA:8,2
DA:13,2
DA:15,1
DA:19,1
DA:25,2
DA:26,3
DA:28,1
DA:32,1
DA:36,1
LF:10
LH:10
BRDA:25,0,0,1
BRDA:26,1,0,1
BRDA:26,1,1,1
BRF:3
BRH:3
end_of_record
TN:
SF:src\reducer\user\selectors.js
FN:6,(anonymous_0)
FN:10,(anonymous_1)
FN:14,(anonymous_2)
FNF:3
FNH:0
FNDA:0,(anonymous_0)
FNDA:0,(anonymous_1)
FNDA:0,(anonymous_2)
DA:3,2
DA:6,2
DA:7,0
DA:10,2
DA:11,0
DA:14,2
DA:15,0
LF:7
LH:4
BRF:0
BRH:0
end_of_record
TN:
SF:src\reducer\user\user.js
FN:23,(anonymous_0)
FN:29,(anonymous_1)
FN:38,(anonymous_2)
FN:54,(anonymous_3)
FN:54,(anonymous_4)
FN:56,(anonymous_5)
FN:60,(anonymous_6)
FN:66,(anonymous_7)
FN:66,(anonymous_8)
FN:71,(anonymous_9)
FN:76,(anonymous_10)
FNF:11
FNH:9
FNDA:4,(anonymous_0)
FNDA:2,(anonymous_1)
FNDA:6,(anonymous_2)
FNDA:1,(anonymous_3)
FNDA:1,(anonymous_4)
FNDA:1,(anonymous_5)
FNDA:0,(anonymous_6)
FNDA:1,(anonymous_7)
FNDA:1,(anonymous_8)
FNDA:1,(anonymous_9)
FNDA:0,(anonymous_10)
DA:6,3
DA:11,3
DA:17,3
DA:22,3
DA:24,4
DA:30,2
DA:38,3
DA:39,6
DA:41,4
DA:45,1
DA:50,1
DA:53,3
DA:54,1
DA:55,1
DA:57,1
DA:58,1
DA:62,0
DA:66,1
DA:67,1
DA:72,1
DA:73,1
DA:74,1
DA:77,0
DA:78,0
LF:24
LH:21
BRDA:38,0,0,1
BRDA:39,1,0,4
BRDA:39,1,1,1
BRDA:77,2,0,0
BRDA:77,2,1,0
BRF:5
BRH:3
end_of_record
